#
# A fatal error has been detected by the Java Runtime Environment:
#
#  SIGSEGV (0xb) at pc=0x000000010c38042c, pid=54813, tid=56871
#
# JRE version: OpenJDK Runtime Environment Temurin-17.0.4+8 (17.0.4+8) (build 17.0.4+8)
# Java VM: OpenJDK 64-Bit Server VM Temurin-17.0.4+8 (17.0.4+8, mixed mode, tiered, compressed oops, compressed class ptrs, g1 gc, bsd-amd64)
# Problematic frame:
# V  [libjvm.dylib+0x40942c]  _ZN15JavaFrameAnchor13make_walkableEP10JavaThread+0x1c
#
# No core dump will be written. Core dumps have been disabled. To enable core dumping, try "ulimit -c unlimited" before starting Java again
#
# If you would like to submit a bug report, please visit:
#   https://github.com/adoptium/adoptium-support/issues
# The crash happened outside the Java Virtual Machine in native code.
# See problematic frame for where to report the bug.
#

---------------  S U M M A R Y ------------

Command Line: -Dfile.encoding=UTF-8 -XX:+ShowCodeDetailsInExceptionMessages classes.Title_screen

Host: "MacBookPro14,1" x86_64 2300 MHz, 4 cores, 8G, Darwin 21.5.0, macOS 10.16 (21F79)
Time: Thu Dec  8 22:49:46 2022 PST elapsed time: 41.659570 seconds (0d 0h 0m 41s)

---------------  T H R E A D  ---------------

Current thread (0x00007fa8acac0e00):  JavaThread "InvokeLaterDispatcher" daemon [_thread_in_native, id=56871, stack(0x0000700006b4e000,0x0000700006c4e000)]

Stack: [0x0000700006b4e000,0x0000700006c4e000],  sp=0x0000700006c4d8e0,  free space=1022k
Native frames: (J=compiled Java code, j=interpreted, Vv=VM code, C=native code)
V  [libjvm.dylib+0x40942c]  _ZN15JavaFrameAnchor13make_walkableEP10JavaThread+0x1c
V  [libjvm.dylib+0x575ce0]  jni_DeleteGlobalRef+0xf0
C  [libglass.dylib+0x9285]  -[GlassRunnable dealloc]+0x35
C  [Foundation+0x818ee]  -[_NSThreadPerformInfo dealloc]+0x2a
C  [Foundation+0x4e466]  -[NSObject(NSThreadPerformAdditions) performSelectorOnMainThread:withObject:waitUntilDone:]+0x7c
j  com.sun.glass.ui.mac.MacApplication._submitForLaterInvocation(Ljava/lang/Runnable;)V+0
j  com.sun.glass.ui.mac.MacApplication.submitForLaterInvocation(Ljava/lang/Runnable;)V+2
j  com.sun.glass.ui.InvokeLaterDispatcher.run()V+82
v  ~StubRoutines::call_stub
V  [libjvm.dylib+0x51bbe6]  _ZN9JavaCalls11call_helperEP9JavaValueRK12methodHandleP17JavaCallArgumentsP10JavaThread+0x2b6
V  [libjvm.dylib+0x51ac47]  _ZN9JavaCalls12call_virtualEP9JavaValueP5KlassP6SymbolS5_P17JavaCallArgumentsP10JavaThread+0x147
V  [libjvm.dylib+0x51ad13]  _ZN9JavaCalls12call_virtualEP9JavaValue6HandleP5KlassP6SymbolS6_P10JavaThread+0x63
V  [libjvm.dylib+0x5c66d4]  _ZL12thread_entryP10JavaThreadS0_+0xb4
V  [libjvm.dylib+0xaa3aff]  _ZN10JavaThread17thread_main_innerEv+0x14f
V  [libjvm.dylib+0xaa1e7a]  _ZN6Thread8call_runEv+0x11a
V  [libjvm.dylib+0x8ae6cb]  _ZL19thread_native_entryP6Thread+0x14b
C  [libsystem_pthread.dylib+0x64e1]  _pthread_start+0x7d
C  [libsystem_pthread.dylib+0x1f6b]  thread_start+0xf

Java frames: (J=compiled Java code, j=interpreted, Vv=VM code)
j  com.sun.glass.ui.mac.MacApplication._submitForLaterInvocation(Ljava/lang/Runnable;)V+0
j  com.sun.glass.ui.mac.MacApplication.submitForLaterInvocation(Ljava/lang/Runnable;)V+2
j  com.sun.glass.ui.InvokeLaterDispatcher.run()V+82
v  ~StubRoutines::call_stub

siginfo: si_signo: 11 (SIGSEGV), si_code: 1 (SEGV_MAPERR), si_addr: 0xfffffffffffffff8

Register to memory mapping:

RAX=0x0 is NULL
RBX=0x00007ff7b51ed460 is pointing into the stack for thread: 0x00007fa8ac024e00
RCX=0x00006000034ec1d8 points into unknown readable memory: 0x0000000000000002 | 02 00 00 00 00 00 00 00
RDX=0x00feffffffffffff is an unknown value
RSP=0x0000700006c4d8e0 is pointing into the stack for thread: 0x00007fa8acac0e00
RBP=0x0000700006c4d8e0 is pointing into the stack for thread: 0x00007fa8acac0e00
RSI=0x00007fa8ac024e00 is a thread
RDI=0x00007fa8ac025088 points into unknown readable memory: 0x0000000000000000 | 00 00 00 00 00 00 00 00
R8 =0x00000000000130a8 is an unknown value
R9 =0x0 is NULL
R10=0x000000012cb611f0: OBJC_CLASS_$_GlassRunnable+0 in /Users/ying/.openjfx/cache/14/libglass.dylib at 0x000000012cb1c000
R11=0x000000012cb25250: -[GlassRunnable dealloc]+0 in /Users/ying/.openjfx/cache/14/libglass.dylib at 0x000000012cb1c000
R12=0x00007fa8ac024e00 is a thread
R13=0x0000600000881760 points into unknown readable memory: 0x001d80012cb611f1 | f1 11 b6 2c 01 80 1d 00
R14=0x00007fa8ad733fc0 points into unknown readable memory: 0x0000000000000000 | 00 00 00 00 00 00 00 00
R15=0x00007fa8ac0250a8 points into unknown readable memory: 0x000000010cc9de38 | 38 de c9 0c 01 00 00 00


Registers:
RAX=0x0000000000000000, RBX=0x00007ff7b51ed460, RCX=0x00006000034ec1d8, RDX=0x00feffffffffffff
RSP=0x0000700006c4d8e0, RBP=0x0000700006c4d8e0, RSI=0x00007fa8ac024e00, RDI=0x00007fa8ac025088
R8 =0x00000000000130a8, R9 =0x0000000000000000, R10=0x000000012cb611f0, R11=0x000000012cb25250
R12=0x00007fa8ac024e00, R13=0x0000600000881760, R14=0x00007fa8ad733fc0, R15=0x00007fa8ac0250a8
RIP=0x000000010c38042c, EFLAGS=0x0000000000010246, ERR=0x0000000000000004
  TRAPNO=0x000000000000000e

Top of Stack: (sp=0x0000700006c4d8e0)
0x0000700006c4d8e0:   0000700006c4d910 000000010c4ecce0
0x0000700006c4d8f0:   0000600000881760 00007ff81b8d1b3e
0x0000700006c4d900:   0000600000881768 0000000000000000
0x0000700006c4d910:   0000700006c4d940 000000012cb25285
0x0000700006c4d920:   0000000000000000 0000600000881970
0x0000700006c4d930:   0000600001e20e80 00007ff801368000
0x0000700006c4d940:   0000700006c4d980 00007ff80241c8ee
0x0000700006c4d950:   0000600000881760 0000600000881970
0x0000700006c4d960:   00007ff81b8d1b3e 9a6d3655f1e8006f
0x0000700006c4d970:   0000600000881970 00007ff801365400
0x0000700006c4d980:   0000700006c4d9d0 00007ff8023e9466
0x0000700006c4d990:   0000600000881970 0000600000881760
0x0000700006c4d9a0:   0000000006c4d9d0 000000012c090928
0x0000700006c4d9b0:   0000000000000000 000000012c090928
0x0000700006c4d9c0:   0000700006c4da68 00007fa8acac0e00
0x0000700006c4d9d0:   0000700006c4da40 000000011700a53a
0x0000700006c4d9e0:   0000000000000000 0000000780e4e828
0x0000700006c4d9f0:   0000000787ebc5e0 0000700006c4d9f8
0x0000700006c4da00:   0000000000000000 0000700006c4da68
0x0000700006c4da10:   000000012c0b58b0 0000000000000000
0x0000700006c4da20:   00000007803d9f28 000000012c090928
0x0000700006c4da30:   0000000000000000 0000700006c4da60
0x0000700006c4da40:   0000700006c4dab8 000000011700642b
0x0000700006c4da50:   0000000000000000 0000000117007f78
0x0000700006c4da60:   0000000787ebd618 00000007803d9fa0
0x0000700006c4da70:   0000700006c4da70 000000012c0909c2
0x0000700006c4da80:   0000700006c4dad0 000000012c0b58b0
0x0000700006c4da90:   0000000169873d80 00000007803d9f28
0x0000700006c4daa0:   000000012c0909d0 0000700006c4da60
0x0000700006c4dab0:   0000700006c4dac8 0000700006c4db30
0x0000700006c4dac0:   000000011700688f 0000000787ebd618
0x0000700006c4dad0:   00000007803d9fa0 0000000000000003 

Instructions: (pc=0x000000010c38042c)
0x000000010c38032c:   66 41 89 07 eb 30 8b 00 41 89 07 eb 29 48 8b 00
0x000000010c38033c:   49 89 07 eb 21 f7 c1 00 01 00 00 74 0a 48 8b 43
0x000000010c38034c:   20 48 83 c0 10 eb 05 48 85 c0 74 05 48 8b 00 eb
0x000000010c38035c:   02 31 c0 49 89 06 44 89 e0 5b 41 5c 41 5e 41 5f
0x000000010c38036c:   5d c3 66 90 b2 ff ff ff b9 ff ff ff c2 ff ff ff
0x000000010c38037c:   c9 ff ff ff b2 ff ff ff b9 ff ff ff c2 ff ff ff
0x000000010c38038c:   c9 ff ff ff d1 ff ff ff d1 ff ff ff f2 ff ff ff
0x000000010c38039c:   0f 1f 40 00 55 48 89 e5 48 8b 47 20 48 8b 40 f0
0x000000010c3803ac:   48 85 c0 74 09 48 63 ce 48 8d 04 c8 5d c3 48 8b
0x000000010c3803bc:   07 48 63 ce 48 8d 04 c8 5d c3 66 2e 0f 1f 84 00
0x000000010c3803cc:   00 00 00 00 55 48 89 e5 48 8b 47 20 5d c3 66 0f
0x000000010c3803dc:   1f 44 00 00 55 48 89 e5 48 8b 47 10 48 85 c0 74
0x000000010c3803ec:   13 48 63 40 1c 48 85 c0 7e 0a 48 c1 e0 03 48 03
0x000000010c3803fc:   47 28 5d c3 48 8b 47 20 5d c3 66 2e 0f 1f 84 00
0x000000010c38040c:   00 00 00 00 55 48 89 e5 48 83 3f 00 74 0d 48 83
0x000000010c38041c:   3f 00 74 09 48 83 7f 08 00 74 02 5d c3 48 8b 07
0x000000010c38042c:   48 8b 40 f8 48 89 47 08 5d c3 66 2e 0f 1f 84 00
0x000000010c38043c:   00 00 00 00 80 3d 89 8a 91 00 00 74 01 c3 55 48
0x000000010c38044c:   89 e5 48 83 ec 10 c7 04 24 00 00 00 00 48 8d 3d
0x000000010c38045c:   a0 3e 93 00 48 8d 35 69 86 bf ff ba 2b 00 00 00
0x000000010c38046c:   b9 95 00 00 00 45 31 c0 45 31 c9 e8 e4 cf 33 00
0x000000010c38047c:   48 c7 05 49 8a 91 00 01 00 00 00 48 83 c4 10 5d
0x000000010c38048c:   c3 0f 1f 00 80 3d c9 80 91 00 00 74 01 c3 55 48
0x000000010c38049c:   89 e5 48 83 ec 10 c7 04 24 00 00 00 00 48 8d 3d
0x000000010c3804ac:   40 80 91 00 48 8d 35 29 86 bf ff ba 2b 00 00 00
0x000000010c3804bc:   b9 90 00 00 00 45 31 c0 45 31 c9 e8 94 cf 33 00
0x000000010c3804cc:   48 c7 05 89 80 91 00 01 00 00 00 48 83 c4 10 5d
0x000000010c3804dc:   c3 90 90 90 55 48 89 e5 48 39 97 28 01 00 00 73
0x000000010c3804ec:   4e 48 b8 45 44 4f 4e 45 44 4f 4e 48 89 06 48 c7
0x000000010c3804fc:   46 20 00 00 00 00 48 c7 46 18 00 00 00 00 48 c7
0x000000010c38050c:   46 10 00 00 00 00 48 c7 46 08 00 00 00 00 48 89
0x000000010c38051c:   56 28 4c 8b 8f 10 01 00 00 4d 85 c9 74 50 49 8b 


Stack slot to memory mapping:
stack at sp + 0 slots: 0x0000700006c4d910 is pointing into the stack for thread: 0x00007fa8acac0e00
stack at sp + 1 slots: 0x000000010c4ecce0: jni_DeleteGlobalRef+0xf0 in /Users/ying/.p2/pool/plugins/org.eclipse.justj.openjdk.hotspot.jre.full.macosx.x86_64_17.0.4.v20220805-1047/jre/lib/server/libjvm.dylib at 0x000000010bf77000
stack at sp + 2 slots: 0x0000600000881760 points into unknown readable memory: 0x001d80012cb611f1 | f1 11 b6 2c 01 80 1d 00
stack at sp + 3 slots: 0x00007ff81b8d1b3e points into unknown readable memory: 72 75
stack at sp + 4 slots: 0x0000600000881768 points into unknown readable memory: 0x00007fa8ad733fc0 | c0 3f 73 ad a8 7f 00 00
stack at sp + 5 slots: 0x0 is NULL
stack at sp + 6 slots: 0x0000700006c4d940 is pointing into the stack for thread: 0x00007fa8acac0e00
stack at sp + 7 slots: 0x000000012cb25285: -[GlassRunnable dealloc]+0x35 in /Users/ying/.openjfx/cache/14/libglass.dylib at 0x000000012cb1c000


---------------  P R O C E S S  ---------------

Threads class SMR info:
_java_thread_list=0x0000600000b00cc0, length=21, elements={
0x00007fa8ac889000, 0x00007fa8ac889600, 0x00007fa8ad80c800, 0x00007fa8ad80ce00,
0x00007fa8ad80ac00, 0x00007fa8ad80b200, 0x00007fa8ac873000, 0x00007fa8ac873600,
0x00007fa8ac026000, 0x00007fa8ae02fc00, 0x00007fa8ac024e00, 0x00007fa8ad8d7000,
0x00007fa8ac937e00, 0x00007fa8acac0e00, 0x00007fa8ac19e200, 0x00007fa8acb10200,
0x00007fa8ac95fe00, 0x00007fa8ac008200, 0x00007fa8ac2b8a00, 0x00007fa8ae3a7800,
0x00007fa8accb1800
}

Java Threads: ( => current thread )
  0x00007fa8ac889000 JavaThread "Reference Handler" daemon [_thread_blocked, id=15619, stack(0x0000700005a92000,0x0000700005b92000)]
  0x00007fa8ac889600 JavaThread "Finalizer" daemon [_thread_blocked, id=16131, stack(0x0000700005b95000,0x0000700005c95000)]
  0x00007fa8ad80c800 JavaThread "Signal Dispatcher" daemon [_thread_blocked, id=22531, stack(0x0000700005d9e000,0x0000700005e9e000)]
  0x00007fa8ad80ce00 JavaThread "Service Thread" daemon [_thread_blocked, id=22787, stack(0x0000700005ea1000,0x0000700005fa1000)]
  0x00007fa8ad80ac00 JavaThread "Monitor Deflation Thread" daemon [_thread_blocked, id=23043, stack(0x0000700005fa4000,0x00007000060a4000)]
  0x00007fa8ad80b200 JavaThread "C2 CompilerThread0" daemon [_thread_blocked, id=23299, stack(0x00007000060a7000,0x00007000061a7000)]
  0x00007fa8ac873000 JavaThread "C1 CompilerThread0" daemon [_thread_blocked, id=40707, stack(0x00007000061aa000,0x00007000062aa000)]
  0x00007fa8ac873600 JavaThread "Sweeper thread" daemon [_thread_blocked, id=23555, stack(0x00007000062ad000,0x00007000063ad000)]
  0x00007fa8ac026000 JavaThread "Notification Thread" daemon [_thread_blocked, id=40195, stack(0x00007000063b0000,0x00007000064b0000)]
  0x00007fa8ae02fc00 JavaThread "Common-Cleaner" daemon [_thread_blocked, id=24835, stack(0x00007000065b6000,0x00007000066b6000)]
  0x00007fa8ac024e00 JavaThread "JavaFX Application Thread" daemon [_thread_in_native, id=259, stack(0x00007ff7b49f2000,0x00007ff7b51f2000)]
  0x00007fa8ad8d7000 JavaThread "AWT-Shutdown" [_thread_blocked, id=32771, stack(0x00007000067bf000,0x00007000068bf000)]
  0x00007fa8ac937e00 JavaThread "QuantumRenderer-0" daemon [_thread_blocked, id=83719, stack(0x0000700006945000,0x0000700006a45000)]
=>0x00007fa8acac0e00 JavaThread "InvokeLaterDispatcher" daemon [_thread_in_native, id=56871, stack(0x0000700006b4e000,0x0000700006c4e000)]
  0x00007fa8ac19e200 JavaThread "Java2D Queue Flusher" daemon [_thread_blocked, id=72211, stack(0x0000700006cd4000,0x0000700006dd4000)]
  0x00007fa8acb10200 JavaThread "Java2D Disposer" daemon [_thread_blocked, id=69895, stack(0x0000700006dd7000,0x0000700006ed7000)]
  0x00007fa8ac95fe00 JavaThread "AWT-EventQueue-0" [_thread_blocked, id=66823, stack(0x00007000072e6000,0x00007000073e6000)]
  0x00007fa8ac008200 JavaThread "DestroyJavaVM" [_thread_blocked, id=9731, stack(0x000070000537d000,0x000070000547d000)]
  0x00007fa8ac2b8a00 JavaThread "JFXMedia Player EventQueueThread" daemon [_thread_blocked, id=64263, stack(0x00007000073e9000,0x00007000074e9000)]
  0x00007fa8ae3a7800 JavaThread "Media Resource Disposer" daemon [_thread_blocked, id=119335, stack(0x0000700007675000,0x0000700007775000)]
  0x00007fa8accb1800 JavaThread "Timer-1" daemon [_thread_blocked, id=117511, stack(0x00007000077fb000,0x00007000078fb000)]

Other Threads:
  0x00007fa8ad1057a0 VMThread "VM Thread" [stack: 0x000070000598f000,0x0000700005a8f000] [id=15363]
  0x00007fa8ad015420 WatcherThread [stack: 0x00007000064b3000,0x00007000065b3000] [id=24323]
  0x00007fa8ad104d30 GCTaskThread "GC Thread#0" [stack: 0x0000700005480000,0x0000700005580000] [id=12035]
  0x00007fa8ad734820 GCTaskThread "GC Thread#1" [stack: 0x0000700006fdd000,0x00007000070dd000] [id=61459]
  0x00007fa8ad734c90 GCTaskThread "GC Thread#2" [stack: 0x00007000070e0000,0x00007000071e0000] [id=61699]
  0x00007fa8ad1237a0 GCTaskThread "GC Thread#3" [stack: 0x00007000071e3000,0x00007000072e3000] [id=68611]
  0x00007fa8ad7042b0 ConcurrentGCThread "G1 Main Marker" [stack: 0x0000700005583000,0x0000700005683000] [id=12291]
  0x00007fa8ad704b30 ConcurrentGCThread "G1 Conc#0" [stack: 0x0000700005686000,0x0000700005786000] [id=13059]
  0x00007fa8abf06a30 ConcurrentGCThread "G1 Refine#0" [stack: 0x0000700005789000,0x0000700005889000] [id=18947]
  0x00007fa8abf072c0 ConcurrentGCThread "G1 Service" [stack: 0x000070000588c000,0x000070000598c000] [id=14083]

Threads with active compile tasks:

VM state: not at safepoint (normal execution)

VM Mutex/Monitor currently owned by a thread: None

Heap address: 0x0000000780000000, size: 2048 MB, Compressed Oops mode: Zero based, Oop shift amount: 3

CDS archive(s) not mapped
Compressed class space mapped at: 0x0000000800000000-0x0000000840000000, reserved size: 1073741824
Narrow klass base: 0x0000000800000000, Narrow klass shift: 0, Narrow klass range: 0x40000000

GC Precious Log:
 CPUs: 4 total, 4 available
 Memory: 8192M
 Large Page Support: Disabled
 NUMA Support: Disabled
 Compressed Oops: Enabled (Zero based)
 Heap Region Size: 1M
 Heap Min Capacity: 8M
 Heap Initial Capacity: 128M
 Heap Max Capacity: 2G
 Pre-touch: Disabled
 Parallel Workers: 4
 Concurrent Workers: 1
 Concurrent Refinement Workers: 4
 Periodic GC: Disabled

Heap:
 garbage-first heap   total 131072K, used 56491K [0x0000000780000000, 0x0000000800000000)
  region size 1024K, 42 young (43008K), 3 survivors (3072K)
 Metaspace       used 19668K, committed 19968K, reserved 1073152K
  class space    used 2099K, committed 2240K, reserved 1048576K

Heap Regions: E=young(eden), S=young(survivor), O=old, HS=humongous(starts), HC=humongous(continues), CS=collection set, F=free, OA=open archive, CA=closed archive, TAMS=top-at-mark-start (previous, next)
|   0|0x0000000780000000, 0x0000000780100000, 0x0000000780100000|100%|HS|  |TAMS 0x0000000780000000, 0x0000000780000000| Complete 
|   1|0x0000000780100000, 0x0000000780200000, 0x0000000780200000|100%|HC|  |TAMS 0x0000000780100000, 0x0000000780100000| Complete 
|   2|0x0000000780200000, 0x0000000780300000, 0x0000000780300000|100%| O|  |TAMS 0x0000000780200000, 0x0000000780200000| Untracked 
|   3|0x0000000780300000, 0x0000000780400000, 0x0000000780400000|100%| O|  |TAMS 0x0000000780300000, 0x0000000780300000| Untracked 
|   4|0x0000000780400000, 0x0000000780500000, 0x0000000780500000|100%|HS|  |TAMS 0x0000000780400000, 0x0000000780400000| Complete 
|   5|0x0000000780500000, 0x0000000780600000, 0x0000000780600000|100%|HC|  |TAMS 0x0000000780500000, 0x0000000780500000| Complete 
|   6|0x0000000780600000, 0x0000000780700000, 0x0000000780700000|100%|HC|  |TAMS 0x0000000780600000, 0x0000000780600000| Complete 
|   7|0x0000000780700000, 0x0000000780700000, 0x0000000780800000|  0%| F|  |TAMS 0x0000000780700000, 0x0000000780700000| Untracked 
|   8|0x0000000780800000, 0x0000000780800000, 0x0000000780900000|  0%| F|  |TAMS 0x0000000780800000, 0x0000000780800000| Untracked 
|   9|0x0000000780900000, 0x0000000780900000, 0x0000000780a00000|  0%| F|  |TAMS 0x0000000780900000, 0x0000000780900000| Untracked 
|  10|0x0000000780a00000, 0x0000000780b00000, 0x0000000780b00000|100%|HS|  |TAMS 0x0000000780a00000, 0x0000000780a00000| Complete 
|  11|0x0000000780b00000, 0x0000000780c00000, 0x0000000780c00000|100%|HC|  |TAMS 0x0000000780b00000, 0x0000000780b00000| Complete 
|  12|0x0000000780c00000, 0x0000000780d00000, 0x0000000780d00000|100%|HC|  |TAMS 0x0000000780c00000, 0x0000000780c00000| Complete 
|  13|0x0000000780d00000, 0x0000000780e00000, 0x0000000780e00000|100%| O|  |TAMS 0x0000000780d00000, 0x0000000780d00000| Untracked 
|  14|0x0000000780e00000, 0x0000000780e58200, 0x0000000780f00000| 34%| O|  |TAMS 0x0000000780e00000, 0x0000000780e00000| Untracked 
|  15|0x0000000780f00000, 0x0000000781000000, 0x0000000781000000|100%|HS|  |TAMS 0x0000000780f00000, 0x0000000780f00000| Complete 
|  16|0x0000000781000000, 0x0000000781100000, 0x0000000781100000|100%|HC|  |TAMS 0x0000000781000000, 0x0000000781000000| Complete 
|  17|0x0000000781100000, 0x0000000781200000, 0x0000000781200000|100%|HC|  |TAMS 0x0000000781100000, 0x0000000781100000| Complete 
|  18|0x0000000781200000, 0x0000000781200000, 0x0000000781300000|  0%| F|  |TAMS 0x0000000781200000, 0x0000000781200000| Untracked 
|  19|0x0000000781300000, 0x0000000781300000, 0x0000000781400000|  0%| F|  |TAMS 0x0000000781300000, 0x0000000781300000| Untracked 
|  20|0x0000000781400000, 0x0000000781400000, 0x0000000781500000|  0%| F|  |TAMS 0x0000000781400000, 0x0000000781400000| Untracked 
|  21|0x0000000781500000, 0x0000000781500000, 0x0000000781600000|  0%| F|  |TAMS 0x0000000781500000, 0x0000000781500000| Untracked 
|  22|0x0000000781600000, 0x0000000781600000, 0x0000000781700000|  0%| F|  |TAMS 0x0000000781600000, 0x0000000781600000| Untracked 
|  23|0x0000000781700000, 0x0000000781700000, 0x0000000781800000|  0%| F|  |TAMS 0x0000000781700000, 0x0000000781700000| Untracked 
|  24|0x0000000781800000, 0x0000000781800000, 0x0000000781900000|  0%| F|  |TAMS 0x0000000781800000, 0x0000000781800000| Untracked 
|  25|0x0000000781900000, 0x0000000781900000, 0x0000000781a00000|  0%| F|  |TAMS 0x0000000781900000, 0x0000000781900000| Untracked 
|  26|0x0000000781a00000, 0x0000000781a00000, 0x0000000781b00000|  0%| F|  |TAMS 0x0000000781a00000, 0x0000000781a00000| Untracked 
|  27|0x0000000781b00000, 0x0000000781b00000, 0x0000000781c00000|  0%| F|  |TAMS 0x0000000781b00000, 0x0000000781b00000| Untracked 
|  28|0x0000000781c00000, 0x0000000781c00000, 0x0000000781d00000|  0%| F|  |TAMS 0x0000000781c00000, 0x0000000781c00000| Untracked 
|  29|0x0000000781d00000, 0x0000000781d00000, 0x0000000781e00000|  0%| F|  |TAMS 0x0000000781d00000, 0x0000000781d00000| Untracked 
|  30|0x0000000781e00000, 0x0000000781e00000, 0x0000000781f00000|  0%| F|  |TAMS 0x0000000781e00000, 0x0000000781e00000| Untracked 
|  31|0x0000000781f00000, 0x0000000781f00000, 0x0000000782000000|  0%| F|  |TAMS 0x0000000781f00000, 0x0000000781f00000| Untracked 
|  32|0x0000000782000000, 0x0000000782000000, 0x0000000782100000|  0%| F|  |TAMS 0x0000000782000000, 0x0000000782000000| Untracked 
|  33|0x0000000782100000, 0x0000000782100000, 0x0000000782200000|  0%| F|  |TAMS 0x0000000782100000, 0x0000000782100000| Untracked 
|  34|0x0000000782200000, 0x0000000782200000, 0x0000000782300000|  0%| F|  |TAMS 0x0000000782200000, 0x0000000782200000| Untracked 
|  35|0x0000000782300000, 0x0000000782300000, 0x0000000782400000|  0%| F|  |TAMS 0x0000000782300000, 0x0000000782300000| Untracked 
|  36|0x0000000782400000, 0x0000000782400000, 0x0000000782500000|  0%| F|  |TAMS 0x0000000782400000, 0x0000000782400000| Untracked 
|  37|0x0000000782500000, 0x0000000782500000, 0x0000000782600000|  0%| F|  |TAMS 0x0000000782500000, 0x0000000782500000| Untracked 
|  38|0x0000000782600000, 0x0000000782600000, 0x0000000782700000|  0%| F|  |TAMS 0x0000000782600000, 0x0000000782600000| Untracked 
|  39|0x0000000782700000, 0x0000000782700000, 0x0000000782800000|  0%| F|  |TAMS 0x0000000782700000, 0x0000000782700000| Untracked 
|  40|0x0000000782800000, 0x0000000782800000, 0x0000000782900000|  0%| F|  |TAMS 0x0000000782800000, 0x0000000782800000| Untracked 
|  41|0x0000000782900000, 0x0000000782900000, 0x0000000782a00000|  0%| F|  |TAMS 0x0000000782900000, 0x0000000782900000| Untracked 
|  42|0x0000000782a00000, 0x0000000782a00000, 0x0000000782b00000|  0%| F|  |TAMS 0x0000000782a00000, 0x0000000782a00000| Untracked 
|  43|0x0000000782b00000, 0x0000000782b00000, 0x0000000782c00000|  0%| F|  |TAMS 0x0000000782b00000, 0x0000000782b00000| Untracked 
|  44|0x0000000782c00000, 0x0000000782c00000, 0x0000000782d00000|  0%| F|  |TAMS 0x0000000782c00000, 0x0000000782c00000| Untracked 
|  45|0x0000000782d00000, 0x0000000782d00000, 0x0000000782e00000|  0%| F|  |TAMS 0x0000000782d00000, 0x0000000782d00000| Untracked 
|  46|0x0000000782e00000, 0x0000000782e00000, 0x0000000782f00000|  0%| F|  |TAMS 0x0000000782e00000, 0x0000000782e00000| Untracked 
|  47|0x0000000782f00000, 0x0000000782f00000, 0x0000000783000000|  0%| F|  |TAMS 0x0000000782f00000, 0x0000000782f00000| Untracked 
|  48|0x0000000783000000, 0x0000000783000000, 0x0000000783100000|  0%| F|  |TAMS 0x0000000783000000, 0x0000000783000000| Untracked 
|  49|0x0000000783100000, 0x0000000783100000, 0x0000000783200000|  0%| F|  |TAMS 0x0000000783100000, 0x0000000783100000| Untracked 
|  50|0x0000000783200000, 0x0000000783200000, 0x0000000783300000|  0%| F|  |TAMS 0x0000000783200000, 0x0000000783200000| Untracked 
|  51|0x0000000783300000, 0x0000000783300000, 0x0000000783400000|  0%| F|  |TAMS 0x0000000783300000, 0x0000000783300000| Untracked 
|  52|0x0000000783400000, 0x00000007834d2cc0, 0x0000000783500000| 82%| S|CS|TAMS 0x0000000783400000, 0x0000000783400000| Complete 
|  53|0x0000000783500000, 0x0000000783600000, 0x0000000783600000|100%| S|CS|TAMS 0x0000000783500000, 0x0000000783500000| Complete 
|  54|0x0000000783600000, 0x0000000783700000, 0x0000000783700000|100%| S|CS|TAMS 0x0000000783600000, 0x0000000783600000| Complete 
|  55|0x0000000783700000, 0x0000000783700000, 0x0000000783800000|  0%| F|  |TAMS 0x0000000783700000, 0x0000000783700000| Untracked 
|  56|0x0000000783800000, 0x0000000783800000, 0x0000000783900000|  0%| F|  |TAMS 0x0000000783800000, 0x0000000783800000| Untracked 
|  57|0x0000000783900000, 0x0000000783900000, 0x0000000783a00000|  0%| F|  |TAMS 0x0000000783900000, 0x0000000783900000| Untracked 
|  58|0x0000000783a00000, 0x0000000783a00000, 0x0000000783b00000|  0%| F|  |TAMS 0x0000000783a00000, 0x0000000783a00000| Untracked 
|  59|0x0000000783b00000, 0x0000000783b00000, 0x0000000783c00000|  0%| F|  |TAMS 0x0000000783b00000, 0x0000000783b00000| Untracked 
|  60|0x0000000783c00000, 0x0000000783c00000, 0x0000000783d00000|  0%| F|  |TAMS 0x0000000783c00000, 0x0000000783c00000| Untracked 
|  61|0x0000000783d00000, 0x0000000783d00000, 0x0000000783e00000|  0%| F|  |TAMS 0x0000000783d00000, 0x0000000783d00000| Untracked 
|  62|0x0000000783e00000, 0x0000000783e00000, 0x0000000783f00000|  0%| F|  |TAMS 0x0000000783e00000, 0x0000000783e00000| Untracked 
|  63|0x0000000783f00000, 0x0000000783f00000, 0x0000000784000000|  0%| F|  |TAMS 0x0000000783f00000, 0x0000000783f00000| Untracked 
|  64|0x0000000784000000, 0x0000000784000000, 0x0000000784100000|  0%| F|  |TAMS 0x0000000784000000, 0x0000000784000000| Untracked 
|  65|0x0000000784100000, 0x0000000784100000, 0x0000000784200000|  0%| F|  |TAMS 0x0000000784100000, 0x0000000784100000| Untracked 
|  66|0x0000000784200000, 0x0000000784200000, 0x0000000784300000|  0%| F|  |TAMS 0x0000000784200000, 0x0000000784200000| Untracked 
|  67|0x0000000784300000, 0x0000000784300000, 0x0000000784400000|  0%| F|  |TAMS 0x0000000784300000, 0x0000000784300000| Untracked 
|  68|0x0000000784400000, 0x0000000784400000, 0x0000000784500000|  0%| F|  |TAMS 0x0000000784400000, 0x0000000784400000| Untracked 
|  69|0x0000000784500000, 0x0000000784500000, 0x0000000784600000|  0%| F|  |TAMS 0x0000000784500000, 0x0000000784500000| Untracked 
|  70|0x0000000784600000, 0x0000000784600000, 0x0000000784700000|  0%| F|  |TAMS 0x0000000784600000, 0x0000000784600000| Untracked 
|  71|0x0000000784700000, 0x0000000784700000, 0x0000000784800000|  0%| F|  |TAMS 0x0000000784700000, 0x0000000784700000| Untracked 
|  72|0x0000000784800000, 0x0000000784800000, 0x0000000784900000|  0%| F|  |TAMS 0x0000000784800000, 0x0000000784800000| Untracked 
|  73|0x0000000784900000, 0x0000000784900000, 0x0000000784a00000|  0%| F|  |TAMS 0x0000000784900000, 0x0000000784900000| Untracked 
|  74|0x0000000784a00000, 0x0000000784a00000, 0x0000000784b00000|  0%| F|  |TAMS 0x0000000784a00000, 0x0000000784a00000| Untracked 
|  75|0x0000000784b00000, 0x0000000784b00000, 0x0000000784c00000|  0%| F|  |TAMS 0x0000000784b00000, 0x0000000784b00000| Untracked 
|  76|0x0000000784c00000, 0x0000000784c00000, 0x0000000784d00000|  0%| F|  |TAMS 0x0000000784c00000, 0x0000000784c00000| Untracked 
|  77|0x0000000784d00000, 0x0000000784d00000, 0x0000000784e00000|  0%| F|  |TAMS 0x0000000784d00000, 0x0000000784d00000| Untracked 
|  78|0x0000000784e00000, 0x0000000784e00000, 0x0000000784f00000|  0%| F|  |TAMS 0x0000000784e00000, 0x0000000784e00000| Untracked 
|  79|0x0000000784f00000, 0x0000000784f00000, 0x0000000785000000|  0%| F|  |TAMS 0x0000000784f00000, 0x0000000784f00000| Untracked 
|  80|0x0000000785000000, 0x0000000785000000, 0x0000000785100000|  0%| F|  |TAMS 0x0000000785000000, 0x0000000785000000| Untracked 
|  81|0x0000000785100000, 0x0000000785100000, 0x0000000785200000|  0%| F|  |TAMS 0x0000000785100000, 0x0000000785100000| Untracked 
|  82|0x0000000785200000, 0x0000000785200000, 0x0000000785300000|  0%| F|  |TAMS 0x0000000785200000, 0x0000000785200000| Untracked 
|  83|0x0000000785300000, 0x0000000785300000, 0x0000000785400000|  0%| F|  |TAMS 0x0000000785300000, 0x0000000785300000| Untracked 
|  84|0x0000000785400000, 0x0000000785400000, 0x0000000785500000|  0%| F|  |TAMS 0x0000000785400000, 0x0000000785400000| Untracked 
|  85|0x0000000785500000, 0x0000000785500000, 0x0000000785600000|  0%| F|  |TAMS 0x0000000785500000, 0x0000000785500000| Untracked 
|  86|0x0000000785600000, 0x0000000785600000, 0x0000000785700000|  0%| F|  |TAMS 0x0000000785600000, 0x0000000785600000| Untracked 
|  87|0x0000000785700000, 0x0000000785700000, 0x0000000785800000|  0%| F|  |TAMS 0x0000000785700000, 0x0000000785700000| Untracked 
|  88|0x0000000785800000, 0x0000000785800800, 0x0000000785900000|  0%| E|  |TAMS 0x0000000785800000, 0x0000000785800000| Complete 
|  89|0x0000000785900000, 0x0000000785a00000, 0x0000000785a00000|100%| E|CS|TAMS 0x0000000785900000, 0x0000000785900000| Complete 
|  90|0x0000000785a00000, 0x0000000785b00000, 0x0000000785b00000|100%| E|CS|TAMS 0x0000000785a00000, 0x0000000785a00000| Complete 
|  91|0x0000000785b00000, 0x0000000785c00000, 0x0000000785c00000|100%| E|CS|TAMS 0x0000000785b00000, 0x0000000785b00000| Complete 
|  92|0x0000000785c00000, 0x0000000785d00000, 0x0000000785d00000|100%| E|CS|TAMS 0x0000000785c00000, 0x0000000785c00000| Complete 
|  93|0x0000000785d00000, 0x0000000785e00000, 0x0000000785e00000|100%| E|CS|TAMS 0x0000000785d00000, 0x0000000785d00000| Complete 
|  94|0x0000000785e00000, 0x0000000785f00000, 0x0000000785f00000|100%| E|CS|TAMS 0x0000000785e00000, 0x0000000785e00000| Complete 
|  95|0x0000000785f00000, 0x0000000786000000, 0x0000000786000000|100%| E|CS|TAMS 0x0000000785f00000, 0x0000000785f00000| Complete 
|  96|0x0000000786000000, 0x0000000786100000, 0x0000000786100000|100%| E|CS|TAMS 0x0000000786000000, 0x0000000786000000| Complete 
|  97|0x0000000786100000, 0x0000000786200000, 0x0000000786200000|100%| E|CS|TAMS 0x0000000786100000, 0x0000000786100000| Complete 
|  98|0x0000000786200000, 0x0000000786300000, 0x0000000786300000|100%| E|CS|TAMS 0x0000000786200000, 0x0000000786200000| Complete 
|  99|0x0000000786300000, 0x0000000786400000, 0x0000000786400000|100%| E|CS|TAMS 0x0000000786300000, 0x0000000786300000| Complete 
| 100|0x0000000786400000, 0x0000000786500000, 0x0000000786500000|100%| E|CS|TAMS 0x0000000786400000, 0x0000000786400000| Complete 
| 101|0x0000000786500000, 0x0000000786600000, 0x0000000786600000|100%| E|CS|TAMS 0x0000000786500000, 0x0000000786500000| Complete 
| 102|0x0000000786600000, 0x0000000786700000, 0x0000000786700000|100%| E|CS|TAMS 0x0000000786600000, 0x0000000786600000| Complete 
| 103|0x0000000786700000, 0x0000000786800000, 0x0000000786800000|100%| E|CS|TAMS 0x0000000786700000, 0x0000000786700000| Complete 
| 104|0x0000000786800000, 0x0000000786900000, 0x0000000786900000|100%| E|CS|TAMS 0x0000000786800000, 0x0000000786800000| Complete 
| 105|0x0000000786900000, 0x0000000786a00000, 0x0000000786a00000|100%| E|CS|TAMS 0x0000000786900000, 0x0000000786900000| Complete 
| 106|0x0000000786a00000, 0x0000000786b00000, 0x0000000786b00000|100%| E|CS|TAMS 0x0000000786a00000, 0x0000000786a00000| Complete 
| 107|0x0000000786b00000, 0x0000000786c00000, 0x0000000786c00000|100%| E|CS|TAMS 0x0000000786b00000, 0x0000000786b00000| Complete 
| 108|0x0000000786c00000, 0x0000000786d00000, 0x0000000786d00000|100%| E|CS|TAMS 0x0000000786c00000, 0x0000000786c00000| Complete 
| 109|0x0000000786d00000, 0x0000000786e00000, 0x0000000786e00000|100%| E|CS|TAMS 0x0000000786d00000, 0x0000000786d00000| Complete 
| 110|0x0000000786e00000, 0x0000000786f00000, 0x0000000786f00000|100%| E|CS|TAMS 0x0000000786e00000, 0x0000000786e00000| Complete 
| 111|0x0000000786f00000, 0x0000000787000000, 0x0000000787000000|100%| E|CS|TAMS 0x0000000786f00000, 0x0000000786f00000| Complete 
| 112|0x0000000787000000, 0x0000000787100000, 0x0000000787100000|100%| E|CS|TAMS 0x0000000787000000, 0x0000000787000000| Complete 
| 113|0x0000000787100000, 0x0000000787200000, 0x0000000787200000|100%| E|CS|TAMS 0x0000000787100000, 0x0000000787100000| Complete 
| 114|0x0000000787200000, 0x0000000787300000, 0x0000000787300000|100%| E|CS|TAMS 0x0000000787200000, 0x0000000787200000| Complete 
| 115|0x0000000787300000, 0x0000000787400000, 0x0000000787400000|100%| E|CS|TAMS 0x0000000787300000, 0x0000000787300000| Complete 
| 116|0x0000000787400000, 0x0000000787500000, 0x0000000787500000|100%| E|CS|TAMS 0x0000000787400000, 0x0000000787400000| Complete 
| 117|0x0000000787500000, 0x0000000787600000, 0x0000000787600000|100%| E|CS|TAMS 0x0000000787500000, 0x0000000787500000| Complete 
| 118|0x0000000787600000, 0x0000000787700000, 0x0000000787700000|100%| E|CS|TAMS 0x0000000787600000, 0x0000000787600000| Complete 
| 119|0x0000000787700000, 0x0000000787800000, 0x0000000787800000|100%| E|CS|TAMS 0x0000000787700000, 0x0000000787700000| Complete 
| 120|0x0000000787800000, 0x0000000787900000, 0x0000000787900000|100%| E|CS|TAMS 0x0000000787800000, 0x0000000787800000| Complete 
| 121|0x0000000787900000, 0x0000000787a00000, 0x0000000787a00000|100%| E|CS|TAMS 0x0000000787900000, 0x0000000787900000| Complete 
| 122|0x0000000787a00000, 0x0000000787b00000, 0x0000000787b00000|100%| E|CS|TAMS 0x0000000787a00000, 0x0000000787a00000| Complete 
| 123|0x0000000787b00000, 0x0000000787c00000, 0x0000000787c00000|100%| E|CS|TAMS 0x0000000787b00000, 0x0000000787b00000| Complete 
| 124|0x0000000787c00000, 0x0000000787d00000, 0x0000000787d00000|100%| E|CS|TAMS 0x0000000787c00000, 0x0000000787c00000| Complete 
| 125|0x0000000787d00000, 0x0000000787e00000, 0x0000000787e00000|100%| E|CS|TAMS 0x0000000787d00000, 0x0000000787d00000| Complete 
| 126|0x0000000787e00000, 0x0000000787f00000, 0x0000000787f00000|100%| E|CS|TAMS 0x0000000787e00000, 0x0000000787e00000| Complete 
| 127|0x0000000787f00000, 0x0000000788000000, 0x0000000788000000|100%| E|CS|TAMS 0x0000000787f00000, 0x0000000787f00000| Complete 

Card table byte_map: [0x000000010b4cd000,0x000000010b8cd000] _byte_map_base: 0x00000001078cd000

Marking Bits (Prev, Next): (CMBitMap*) 0x00007fa8ae00ec10, (CMBitMap*) 0x00007fa8ae00ec50
 Prev Bits: [0x0000000110704000, 0x0000000112704000)
 Next Bits: [0x0000000112704000, 0x0000000114704000)

Polling page: 0x000000010ae49000

Metaspace:

Usage:
  Non-class:     17.16 MB used.
      Class:      2.05 MB used.
       Both:     19.21 MB used.

Virtual space:
  Non-class space:       24.00 MB reserved,      17.31 MB ( 72%) committed,  3 nodes.
      Class space:        1.00 GB reserved,       2.19 MB ( <1%) committed,  1 nodes.
             Both:        1.02 GB reserved,      19.50 MB (  2%) committed. 

Chunk freelists:
   Non-Class:  2.55 MB
       Class:  1.67 MB
        Both:  4.22 MB

MaxMetaspaceSize: unlimited
CompressedClassSpaceSize: 1.00 GB
Initial GC threshold: 21.00 MB
Current GC threshold: 21.00 MB
CDS: off
MetaspaceReclaimPolicy: balanced
 - commit_granule_bytes: 65536.
 - commit_granule_words: 8192.
 - virtual_space_node_default_size: 1048576.
 - enlarge_chunks_in_place: 1.
 - new_chunks_are_fully_committed: 0.
 - uncommit_free_chunks: 1.
 - use_allocation_guard: 0.
 - handle_deallocations: 1.


Internal statistics:

num_allocs_failed_limit: 0.
num_arena_births: 174.
num_arena_deaths: 0.
num_vsnodes_births: 4.
num_vsnodes_deaths: 0.
num_space_committed: 312.
num_space_uncommitted: 0.
num_chunks_returned_to_freelist: 0.
num_chunks_taken_from_freelist: 365.
num_chunk_merges: 0.
num_chunk_splits: 230.
num_chunks_enlarged: 153.
num_purges: 0.
num_inconsistent_stats: 0.

CodeHeap 'non-profiled nmethods': size=120032Kb used=568Kb max_used=568Kb free=119463Kb
 bounds [0x000000011eac5000, 0x000000011ed35000, 0x0000000125ffd000]
CodeHeap 'profiled nmethods': size=120028Kb used=3372Kb max_used=3372Kb free=116655Kb
 bounds [0x000000011758e000, 0x00000001178de000, 0x000000011eac5000]
CodeHeap 'non-nmethods': size=5700Kb used=1364Kb max_used=1423Kb free=4335Kb
 bounds [0x0000000116ffd000, 0x000000011726d000, 0x000000011758e000]
 total_blobs=2384 nmethods=1663 adapters=635
 compilation: enabled
              stopped_count=0, restarted_count=0
 full_count=0

Compilation events (20 events):
Event: 38.513 Thread 0x00007fa8ad80b200 1655       4       java.util.concurrent.locks.ReentrantLock$NonfairSync::initialTryLock (58 bytes)
Event: 38.515 Thread 0x00007fa8ad80b200 nmethod 1655 0x000000011eb50890 code [0x000000011eb50a20, 0x000000011eb50bf8]
Event: 38.524 Thread 0x00007fa8ad80b200 1656       4       java.util.ArrayList$Itr::next (66 bytes)
Event: 38.526 Thread 0x00007fa8ad80b200 nmethod 1656 0x000000011eb50c90 code [0x000000011eb50e20, 0x000000011eb50f78]
Event: 38.681 Thread 0x00007fa8ad80b200 1657       4       java.awt.Container::findComponentAtImpl (161 bytes)
Event: 38.701 Thread 0x00007fa8ad80b200 nmethod 1657 0x000000011eb51110 code [0x000000011eb51320, 0x000000011eb52388]
Event: 40.557 Thread 0x00007fa8ac873000 1658       3       java.awt.LightweightDispatcher::isMouseGrab (49 bytes)
Event: 40.558 Thread 0x00007fa8ac873000 nmethod 1658 0x00000001178d4090 code [0x00000001178d4280, 0x00000001178d4a60]
Event: 41.446 Thread 0x00007fa8ac873000 1659   !   3       com.sun.javafx.application.PlatformImpl::runLater (89 bytes)
Event: 41.449 Thread 0x00007fa8ac873000 nmethod 1659 0x00000001178d4c90 code [0x00000001178d4fe0, 0x00000001178d6290]
Event: 41.449 Thread 0x00007fa8ac873000 1660   !   3       com.sun.javafx.application.PlatformImpl::waitForStart (26 bytes)
Event: 41.450 Thread 0x00007fa8ac873000 nmethod 1660 0x00000001178d6b90 code [0x00000001178d6d80, 0x00000001178d7190]
Event: 41.450 Thread 0x00007fa8ac873000 1661       3       java.util.concurrent.CountDownLatch::getCount (9 bytes)
Event: 41.450 Thread 0x00007fa8ac873000 nmethod 1661 0x00000001178d7390 code [0x00000001178d7540, 0x00000001178d76d0]
Event: 41.451 Thread 0x00007fa8ac873000 1662       3       java.util.concurrent.CountDownLatch$Sync::getCount (5 bytes)
Event: 41.451 Thread 0x00007fa8ac873000 nmethod 1662 0x00000001178d7790 code [0x00000001178d7920, 0x00000001178d7a30]
Event: 41.451 Thread 0x00007fa8ac873000 1663       3       com.sun.javafx.tk.quantum.QuantumToolkit::defer (16 bytes)
Event: 41.451 Thread 0x00007fa8ac873000 nmethod 1663 0x00000001178d7a90 code [0x00000001178d7cc0, 0x00000001178d83c0]
Event: 41.452 Thread 0x00007fa8ac873000 1664       3       com.sun.glass.ui.Application::invokeLater (13 bytes)
Event: 41.452 Thread 0x00007fa8ac873000 nmethod 1664 0x00000001178d8690 code [0x00000001178d88a0, 0x00000001178d8e40]

GC Heap History (20 events):
Event: 2.124 GC heap before
{Heap before GC invocations=0 (full 0):
 garbage-first heap   total 131072K, used 14336K [0x0000000780000000, 0x0000000800000000)
  region size 1024K, 13 young (13312K), 0 survivors (0K)
 Metaspace       used 14490K, committed 14720K, reserved 1064960K
  class space    used 1448K, committed 1536K, reserved 1048576K
}
Event: 2.144 GC heap after
{Heap after GC invocations=1 (full 0):
 garbage-first heap   total 131072K, used 5485K [0x0000000780000000, 0x0000000800000000)
  region size 1024K, 2 young (2048K), 2 survivors (2048K)
 Metaspace       used 14490K, committed 14720K, reserved 1064960K
  class space    used 1448K, committed 1536K, reserved 1048576K
}
Event: 3.974 GC heap before
{Heap before GC invocations=1 (full 0):
 garbage-first heap   total 131072K, used 26989K [0x0000000780000000, 0x0000000800000000)
  region size 1024K, 14 young (14336K), 2 survivors (2048K)
 Metaspace       used 17737K, committed 17920K, reserved 1064960K
  class space    used 1847K, committed 1920K, reserved 1048576K
}
Event: 3.983 GC heap after
{Heap after GC invocations=2 (full 0):
 garbage-first heap   total 131072K, used 16414K [0x0000000780000000, 0x0000000800000000)
  region size 1024K, 2 young (2048K), 2 survivors (2048K)
 Metaspace       used 17737K, committed 17920K, reserved 1064960K
  class space    used 1847K, committed 1920K, reserved 1048576K
}
Event: 6.213 GC heap before
{Heap before GC invocations=2 (full 0):
 garbage-first heap   total 131072K, used 47134K [0x0000000780000000, 0x0000000800000000)
  region size 1024K, 29 young (29696K), 2 survivors (2048K)
 Metaspace       used 19328K, committed 19584K, reserved 1073152K
  class space    used 2095K, committed 2240K, reserved 1048576K
}
Event: 6.217 GC heap after
{Heap after GC invocations=3 (full 0):
 garbage-first heap   total 131072K, used 17639K [0x0000000780000000, 0x0000000800000000)
  region size 1024K, 3 young (3072K), 3 survivors (3072K)
 Metaspace       used 19328K, committed 19584K, reserved 1073152K
  class space    used 2095K, committed 2240K, reserved 1048576K
}
Event: 12.169 GC heap before
{Heap before GC invocations=3 (full 0):
 garbage-first heap   total 131072K, used 85223K [0x0000000780000000, 0x0000000800000000)
  region size 1024K, 69 young (70656K), 3 survivors (3072K)
 Metaspace       used 19422K, committed 19648K, reserved 1073152K
  class space    used 2095K, committed 2240K, reserved 1048576K
}
Event: 12.174 GC heap after
{Heap after GC invocations=4 (full 0):
 garbage-first heap   total 131072K, used 17714K [0x0000000780000000, 0x0000000800000000)
  region size 1024K, 3 young (3072K), 3 survivors (3072K)
 Metaspace       used 19422K, committed 19648K, reserved 1073152K
  class space    used 2095K, committed 2240K, reserved 1048576K
}
Event: 17.812 GC heap before
{Heap before GC invocations=4 (full 0):
 garbage-first heap   total 131072K, used 92466K [0x0000000780000000, 0x0000000800000000)
  region size 1024K, 76 young (77824K), 3 survivors (3072K)
 Metaspace       used 19553K, committed 19776K, reserved 1073152K
  class space    used 2095K, committed 2240K, reserved 1048576K
}
Event: 17.816 GC heap after
{Heap after GC invocations=5 (full 0):
 garbage-first heap   total 131072K, used 17736K [0x0000000780000000, 0x0000000800000000)
  region size 1024K, 3 young (3072K), 3 survivors (3072K)
 Metaspace       used 19553K, committed 19776K, reserved 1073152K
  class space    used 2095K, committed 2240K, reserved 1048576K
}
Event: 23.489 GC heap before
{Heap before GC invocations=5 (full 0):
 garbage-first heap   total 131072K, used 92488K [0x0000000780000000, 0x0000000800000000)
  region size 1024K, 76 young (77824K), 3 survivors (3072K)
 Metaspace       used 19553K, committed 19776K, reserved 1073152K
  class space    used 2095K, committed 2240K, reserved 1048576K
}
Event: 23.493 GC heap after
{Heap after GC invocations=6 (full 0):
 garbage-first heap   total 131072K, used 17518K [0x0000000780000000, 0x0000000800000000)
  region size 1024K, 3 young (3072K), 3 survivors (3072K)
 Metaspace       used 19553K, committed 19776K, reserved 1073152K
  class space    used 2095K, committed 2240K, reserved 1048576K
}
Event: 28.248 GC heap before
{Heap before GC invocations=6 (full 0):
 garbage-first heap   total 131072K, used 92270K [0x0000000780000000, 0x0000000800000000)
  region size 1024K, 76 young (77824K), 3 survivors (3072K)
 Metaspace       used 19554K, committed 19776K, reserved 1073152K
  class space    used 2095K, committed 2240K, reserved 1048576K
}
Event: 28.252 GC heap after
{Heap after GC invocations=7 (full 0):
 garbage-first heap   total 131072K, used 17640K [0x0000000780000000, 0x0000000800000000)
  region size 1024K, 3 young (3072K), 3 survivors (3072K)
 Metaspace       used 19554K, committed 19776K, reserved 1073152K
  class space    used 2095K, committed 2240K, reserved 1048576K
}
Event: 32.057 GC heap before
{Heap before GC invocations=7 (full 0):
 garbage-first heap   total 131072K, used 92392K [0x0000000780000000, 0x0000000800000000)
  region size 1024K, 76 young (77824K), 3 survivors (3072K)
 Metaspace       used 19567K, committed 19776K, reserved 1073152K
  class space    used 2095K, committed 2240K, reserved 1048576K
}
Event: 32.061 GC heap after
{Heap after GC invocations=8 (full 0):
 garbage-first heap   total 131072K, used 17760K [0x0000000780000000, 0x0000000800000000)
  region size 1024K, 3 young (3072K), 3 survivors (3072K)
 Metaspace       used 19567K, committed 19776K, reserved 1073152K
  class space    used 2095K, committed 2240K, reserved 1048576K
}
Event: 35.875 GC heap before
{Heap before GC invocations=8 (full 0):
 garbage-first heap   total 131072K, used 92512K [0x0000000780000000, 0x0000000800000000)
  region size 1024K, 76 young (77824K), 3 survivors (3072K)
 Metaspace       used 19598K, committed 19840K, reserved 1073152K
  class space    used 2095K, committed 2240K, reserved 1048576K
}
Event: 35.904 GC heap after
{Heap after GC invocations=9 (full 0):
 garbage-first heap   total 131072K, used 17655K [0x0000000780000000, 0x0000000800000000)
  region size 1024K, 3 young (3072K), 3 survivors (3072K)
 Metaspace       used 19598K, committed 19840K, reserved 1073152K
  class space    used 2095K, committed 2240K, reserved 1048576K
}
Event: 39.651 GC heap before
{Heap before GC invocations=9 (full 0):
 garbage-first heap   total 131072K, used 92407K [0x0000000780000000, 0x0000000800000000)
  region size 1024K, 76 young (77824K), 3 survivors (3072K)
 Metaspace       used 19662K, committed 19968K, reserved 1073152K
  class space    used 2099K, committed 2240K, reserved 1048576K
}
Event: 39.671 GC heap after
{Heap after GC invocations=10 (full 0):
 garbage-first heap   total 131072K, used 17579K [0x0000000780000000, 0x0000000800000000)
  region size 1024K, 3 young (3072K), 3 survivors (3072K)
 Metaspace       used 19662K, committed 19968K, reserved 1073152K
  class space    used 2099K, committed 2240K, reserved 1048576K
}

Deoptimization events (20 events):
Event: 4.790 Thread 0x00007fa8ac12e400 DEOPT PACKING pc=0x000000011776c3be sp=0x0000700006fd9720
Event: 4.790 Thread 0x00007fa8ac12e400 DEOPT UNPACKING pc=0x000000011704f82f sp=0x0000700006fd8bb0 mode 0
Event: 4.790 Thread 0x00007fa8ac12e400 DEOPT PACKING pc=0x000000011776c3be sp=0x0000700006fd9720
Event: 4.790 Thread 0x00007fa8ac12e400 DEOPT UNPACKING pc=0x000000011704f82f sp=0x0000700006fd8bb0 mode 0
Event: 4.790 Thread 0x00007fa8ac12e400 DEOPT PACKING pc=0x000000011776c3be sp=0x0000700006fd9720
Event: 4.790 Thread 0x00007fa8ac12e400 DEOPT UNPACKING pc=0x000000011704f82f sp=0x0000700006fd8bb0 mode 0
Event: 4.790 Thread 0x00007fa8ac12e400 DEOPT PACKING pc=0x000000011776c3be sp=0x0000700006fd9720
Event: 4.790 Thread 0x00007fa8ac12e400 DEOPT UNPACKING pc=0x000000011704f82f sp=0x0000700006fd8bb0 mode 0
Event: 4.790 Thread 0x00007fa8ac12e400 DEOPT PACKING pc=0x000000011776c3be sp=0x0000700006fd9720
Event: 4.791 Thread 0x00007fa8ac12e400 DEOPT UNPACKING pc=0x000000011704f82f sp=0x0000700006fd8bb0 mode 0
Event: 4.794 Thread 0x00007fa8ac12e400 DEOPT PACKING pc=0x000000011776c3be sp=0x0000700006fd9720
Event: 4.794 Thread 0x00007fa8ac12e400 DEOPT UNPACKING pc=0x000000011704f82f sp=0x0000700006fd8bb0 mode 0
Event: 4.795 Thread 0x00007fa8ac12e400 DEOPT PACKING pc=0x000000011776c3be sp=0x0000700006fd9720
Event: 4.795 Thread 0x00007fa8ac12e400 DEOPT UNPACKING pc=0x000000011704f82f sp=0x0000700006fd8bb0 mode 0
Event: 4.795 Thread 0x00007fa8ac12e400 DEOPT PACKING pc=0x000000011776c3be sp=0x0000700006fd9720
Event: 4.795 Thread 0x00007fa8ac12e400 DEOPT UNPACKING pc=0x000000011704f82f sp=0x0000700006fd8bb0 mode 0
Event: 4.795 Thread 0x00007fa8ac12e400 DEOPT PACKING pc=0x000000011776c3be sp=0x0000700006fd9720
Event: 4.795 Thread 0x00007fa8ac12e400 DEOPT UNPACKING pc=0x000000011704f82f sp=0x0000700006fd8bb0 mode 0
Event: 4.795 Thread 0x00007fa8ac12e400 DEOPT PACKING pc=0x000000011776c3be sp=0x0000700006fd9720
Event: 4.795 Thread 0x00007fa8ac12e400 DEOPT UNPACKING pc=0x000000011704f82f sp=0x0000700006fd8bb0 mode 0

Classes unloaded (0 events):
No events

Classes redefined (0 events):
No events

Internal exceptions (20 events):
Event: 1.942 Thread 0x00007fa8ac008200 Exception <a 'java/lang/NoSuchMethodError'{0x000000078755ec18}: 'java.lang.Object java.lang.invoke.DirectMethodHandle$Holder.newInvokeSpecial(java.lang.Object, java.lang.Object, java.lang.Object, java.lang.Object, java.lang.Object)'> (0x000000078755ec18) 
thrown [src/hotspot/share/interpreter/linkResolver.cpp, line 759]
Event: 1.946 Thread 0x00007fa8ac008200 Exception <a 'java/lang/NoSuchMethodError'{0x000000078756a5e0}: 'java.lang.Object java.lang.invoke.DirectMethodHandle$Holder.invokeStatic(java.lang.Object, int, java.lang.Object, java.lang.Object, java.lang.Object, java.lang.Object)'> (0x000000078756a5e0) 
thrown [src/hotspot/share/interpreter/linkResolver.cpp, line 759]
Event: 1.955 Thread 0x00007fa8ac008200 Exception <a 'java/lang/NoSuchMethodError'{0x0000000787590020}: 'java.lang.Object java.lang.invoke.DirectMethodHandle$Holder.invokeStatic(java.lang.Object, int, java.lang.Object)'> (0x0000000787590020) 
thrown [src/hotspot/share/interpreter/linkResolver.cpp, line 759]
Event: 1.967 Thread 0x00007fa8ac008200 Exception <a 'java/lang/ClassNotFoundException'{0x00000007875c16e8}: com/apple/laf/resources/spi/aquaProvider> (0x00000007875c16e8) 
thrown [src/hotspot/share/classfile/systemDictionary.cpp, line 256]
Event: 2.088 Thread 0x00007fa8ac008200 Exception <a 'java/lang/ClassNotFoundException'{0x00000007874cdac0}: com/sun/swing/internal/plaf/basic/resources/spi/basicProvider> (0x00000007874cdac0) 
thrown [src/hotspot/share/classfile/systemDictionary.cpp, line 256]
Event: 2.103 Thread 0x00007fa8ac12e400 Exception <a 'java/lang/NoSuchMethodError'{0x000000078730c270}: 'java.lang.Object java.lang.invoke.DirectMethodHandle$Holder.newInvokeSpecial(java.lang.Object, java.lang.Object, java.lang.Object, int, int, int, int, int)'> (0x000000078730c270) 
thrown [src/hotspot/share/interpreter/linkResolver.cpp, line 759]
Event: 3.543 Thread 0x00007fa8ac008200 Exception <a 'java/lang/NoSuchMethodError'{0x0000000787d31860}: 'java.lang.Object java.lang.invoke.DirectMethodHandle$Holder.newInvokeSpecial(java.lang.Object, java.lang.Object, java.lang.Object, int, java.lang.Object)'> (0x0000000787d31860) 
thrown [src/hotspot/share/interpreter/linkResolver.cpp, line 759]
Event: 3.573 Thread 0x00007fa8ac008200 Exception <a 'java/lang/NoSuchMethodError'{0x0000000787d4a798}: 'java.lang.Object java.lang.invoke.Invokers$Holder.linkToTargetMethod(int, int, int, int, java.lang.Object)'> (0x0000000787d4a798) 
thrown [src/hotspot/share/interpreter/linkResolver.cpp, line 759]
Event: 3.574 Thread 0x00007fa8ac008200 Exception <a 'java/lang/NoSuchMethodError'{0x0000000787d4e188}: 'void java.lang.invoke.DirectMethodHandle$Holder.invokeStatic(java.lang.Object, java.lang.Object, long)'> (0x0000000787d4e188) 
thrown [src/hotspot/share/interpreter/linkResolver.cpp, line 759]
Event: 3.583 Thread 0x00007fa8ac024e00 Exception <a 'java/lang/NoSuchMethodError'{0x0000000787db1238}: 'void java.lang.invoke.DirectMethodHandle$Holder.invokeSpecial(java.lang.Object, java.lang.Object, long)'> (0x0000000787db1238) 
thrown [src/hotspot/share/interpreter/linkResolver.cpp, line 759]
Event: 3.623 Thread 0x00007fa8ac008200 Exception <a 'java/lang/NoSuchMethodError'{0x0000000787d65418}: 'void java.lang.invoke.DirectMethodHandle$Holder.invokeStatic(java.lang.Object, long, long)'> (0x0000000787d65418) 
thrown [src/hotspot/share/interpreter/linkResolver.cpp, line 759]
Event: 3.624 Thread 0x00007fa8ac008200 Exception <a 'java/lang/NoSuchMethodError'{0x0000000787d6aa40}: 'java.lang.Object java.lang.invoke.DirectMethodHandle$Holder.newInvokeSpecial(java.lang.Object, long)'> (0x0000000787d6aa40) 
thrown [src/hotspot/share/interpreter/linkResolver.cpp, line 759]
Event: 3.625 Thread 0x00007fa8ac008200 Exception <a 'java/lang/NoSuchMethodError'{0x0000000787c10ab0}: 'java.lang.Object java.lang.invoke.DirectMethodHandle$Holder.newInvokeSpecial(java.lang.Object, java.lang.Object, int)'> (0x0000000787c10ab0) 
thrown [src/hotspot/share/interpreter/linkResolver.cpp, line 759]
Event: 3.656 Thread 0x00007fa8ac024e00 Exception <a 'java/lang/NoSuchMethodError'{0x0000000787de6860}: 'void java.lang.invoke.DirectMethodHandle$Holder.invokeStatic(java.lang.Object, long)'> (0x0000000787de6860) 
thrown [src/hotspot/share/interpreter/linkResolver.cpp, line 759]
Event: 3.938 Thread 0x00007fa8ac024e00 Implicit null exception at 0x000000011eaf7a54 to 0x000000011eaf8078
Event: 3.938 Thread 0x00007fa8ac024e00 Implicit null exception at 0x000000011eaf02d4 to 0x000000011eaf08e8
Event: 4.025 Thread 0x00007fa8ac024e00 Exception <a 'java/lang/NoSuchMethodError'{0x0000000787d32a20}: 'java.lang.Object java.lang.invoke.DirectMethodHandle$Holder.invokeInterface(java.lang.Object, java.lang.Object)'> (0x0000000787d32a20) 
thrown [src/hotspot/share/interpreter/linkResolver.cpp, line 759]
Event: 4.197 Thread 0x00007fa8ac024e00 Exception <a 'java/lang/NoSuchMethodError'{0x0000000787a4a2d0}: 'void java.lang.invoke.DirectMethodHandle$Holder.invokeSpecial(java.lang.Object, java.lang.Object, double)'> (0x0000000787a4a2d0) 
thrown [src/hotspot/share/interpreter/linkResolver.cpp, line 759]
Event: 4.197 Thread 0x00007fa8ac024e00 Exception <a 'java/lang/NoSuchMethodError'{0x0000000787a50728}: 'java.lang.Object java.lang.invoke.DirectMethodHandle$Holder.newInvokeSpecial(java.lang.Object, java.lang.Object, double)'> (0x0000000787a50728) 
thrown [src/hotspot/share/interpreter/linkResolver.cpp, line 759]
Event: 4.197 Thread 0x00007fa8ac024e00 Exception <a 'java/lang/NoSuchMethodError'{0x0000000787a545f0}: 'java.lang.Object java.lang.invoke.DirectMethodHandle$Holder.invokeSpecial(java.lang.Object, java.lang.Object, java.lang.Object, double)'> (0x0000000787a545f0) 
thrown [src/hotspot/share/interpreter/linkResolver.cpp, line 759]

VM Operations (20 events):
Event: 17.812 Executing VM operation: G1CollectForAllocation
Event: 17.816 Executing VM operation: G1CollectForAllocation done
Event: 23.489 Executing VM operation: G1CollectForAllocation
Event: 23.493 Executing VM operation: G1CollectForAllocation done
Event: 28.248 Executing VM operation: G1CollectForAllocation
Event: 28.252 Executing VM operation: G1CollectForAllocation done
Event: 32.057 Executing VM operation: G1CollectForAllocation
Event: 32.061 Executing VM operation: G1CollectForAllocation done
Event: 35.870 Executing VM operation: G1CollectForAllocation
Event: 35.904 Executing VM operation: G1CollectForAllocation done
Event: 36.909 Executing VM operation: Cleanup
Event: 36.909 Executing VM operation: Cleanup done
Event: 37.914 Executing VM operation: Cleanup
Event: 37.914 Executing VM operation: Cleanup done
Event: 38.915 Executing VM operation: Cleanup
Event: 38.915 Executing VM operation: Cleanup done
Event: 39.650 Executing VM operation: G1CollectForAllocation
Event: 39.671 Executing VM operation: G1CollectForAllocation done
Event: 40.675 Executing VM operation: Cleanup
Event: 40.686 Executing VM operation: Cleanup done

Events (20 events):
Event: 41.612 Protecting memory [0x00007000075f2000,0x00007000075f6000] with protection modes 0
Event: 41.612 Thread 0x00007fa8ad903000 Thread added: 0x00007fa8ad903000
Event: 41.612 Protecting memory [0x00007000075f2000,0x00007000075f6000] with protection modes 3
Event: 41.612 Thread 0x00007fa8ad903000 Thread exited: 0x00007fa8ad903000
Event: 41.646 Protecting memory [0x00007000075f2000,0x00007000075f6000] with protection modes 0
Event: 41.646 Thread 0x00007fa8ad903000 Thread added: 0x00007fa8ad903000
Event: 41.646 Protecting memory [0x00007000075f2000,0x00007000075f6000] with protection modes 3
Event: 41.646 Thread 0x00007fa8ad903000 Thread exited: 0x00007fa8ad903000
Event: 41.646 Protecting memory [0x00007000075f2000,0x00007000075f6000] with protection modes 0
Event: 41.646 Thread 0x00007fa8ad903000 Thread added: 0x00007fa8ad903000
Event: 41.646 Protecting memory [0x00007000075f2000,0x00007000075f6000] with protection modes 3
Event: 41.646 Thread 0x00007fa8ad903000 Thread exited: 0x00007fa8ad903000
Event: 41.646 Protecting memory [0x00007000075f2000,0x00007000075f6000] with protection modes 0
Event: 41.646 Thread 0x00007fa8ad903000 Thread added: 0x00007fa8ad903000
Event: 41.646 Protecting memory [0x00007000075f2000,0x00007000075f6000] with protection modes 3
Event: 41.646 Thread 0x00007fa8ad903000 Thread exited: 0x00007fa8ad903000
Event: 41.647 Protecting memory [0x00007000075f2000,0x00007000075f6000] with protection modes 0
Event: 41.647 Thread 0x00007fa8ad903000 Thread added: 0x00007fa8ad903000
Event: 41.647 Protecting memory [0x00007000075f2000,0x00007000075f6000] with protection modes 3
Event: 41.647 Thread 0x00007fa8ad903000 Thread exited: 0x00007fa8ad903000


Dynamic libraries:
0x000000010ae2b000 	/Users/ying/.p2/pool/plugins/org.eclipse.justj.openjdk.hotspot.jre.full.macosx.x86_64_17.0.4.v20220805-1047/jre/lib/libjli.dylib
0x00007ff80c1e3000 	/usr/lib/libz.1.dylib
0x00007ff80c2c3000 	/usr/lib/libSystem.B.dylib
0x00007ff80c2be000 	/usr/lib/system/libcache.dylib
0x00007ff80c27a000 	/usr/lib/system/libcommonCrypto.dylib
0x00007ff80c2a3000 	/usr/lib/system/libcompiler_rt.dylib
0x00007ff80c299000 	/usr/lib/system/libcopyfile.dylib
0x00007ff80125a000 	/usr/lib/system/libcorecrypto.dylib
0x00007ff801318000 	/usr/lib/system/libdispatch.dylib
0x00007ff8014d8000 	/usr/lib/system/libdyld.dylib
0x00007ff80c2b5000 	/usr/lib/system/libkeymgr.dylib
0x00007ff80c258000 	/usr/lib/system/libmacho.dylib
0x00007ff80b8d9000 	/usr/lib/system/libquarantine.dylib
0x00007ff80c2b3000 	/usr/lib/system/libremovefile.dylib
0x00007ff80646f000 	/usr/lib/system/libsystem_asl.dylib
0x00007ff801203000 	/usr/lib/system/libsystem_blocks.dylib
0x00007ff80139c000 	/usr/lib/system/libsystem_c.dylib
0x00007ff80c2ab000 	/usr/lib/system/libsystem_collections.dylib
0x00007ff80ab8d000 	/usr/lib/system/libsystem_configuration.dylib
0x00007ff809e3a000 	/usr/lib/system/libsystem_containermanager.dylib
0x00007ff80bf90000 	/usr/lib/system/libsystem_coreservices.dylib
0x00007ff803b13000 	/usr/lib/system/libsystem_darwin.dylib
0x00007ff80c2b6000 	/usr/lib/system/libsystem_dnssd.dylib
0x00007ff801399000 	/usr/lib/system/libsystem_featureflags.dylib
0x00007ff8014ee000 	/usr/lib/system/libsystem_info.dylib
0x00007ff80c1f6000 	/usr/lib/system/libsystem_m.dylib
0x00007ff8012ec000 	/usr/lib/system/libsystem_malloc.dylib
0x00007ff80640a000 	/usr/lib/system/libsystem_networkextension.dylib
0x00007ff803f39000 	/usr/lib/system/libsystem_notify.dylib
0x00007ff81252f000 	/usr/lib/system/libsystem_product_info_filter.dylib
0x00007ff80ab91000 	/usr/lib/system/libsystem_sandbox.dylib
0x00007ff80c2b0000 	/usr/lib/system/libsystem_secinit.dylib
0x00007ff801494000 	/usr/lib/system/libsystem_kernel.dylib
0x00007ff8014e4000 	/usr/lib/system/libsystem_platform.dylib
0x00007ff8014cc000 	/usr/lib/system/libsystem_pthread.dylib
0x00007ff807cbb000 	/usr/lib/system/libsystem_symptoms.dylib
0x00007ff801241000 	/usr/lib/system/libsystem_trace.dylib
0x00007ff80c286000 	/usr/lib/system/libunwind.dylib
0x00007ff801205000 	/usr/lib/system/libxpc.dylib
0x00007ff80147e000 	/usr/lib/libc++abi.dylib
0x00007ff80135f000 	/usr/lib/libobjc.A.dylib
0x00007ff80c291000 	/usr/lib/liboah.dylib
0x00007ff801425000 	/usr/lib/libc++.1.dylib
0x00007ff81832e000 	/System/Library/Frameworks/Cocoa.framework/Versions/A/Cocoa
0x00007ff803f97000 	/System/Library/Frameworks/AppKit.framework/Versions/C/AppKit
0x00007ff8074aa000 	/System/Library/Frameworks/CoreData.framework/Versions/A/CoreData
0x00007ff80239b000 	/System/Library/Frameworks/Foundation.framework/Versions/C/Foundation
0x00007ff804e26000 	/System/Library/PrivateFrameworks/UIFoundation.framework/Versions/A/UIFoundation
0x00007ff812232000 	/System/Library/PrivateFrameworks/RemoteViewServices.framework/Versions/A/RemoteViewServices
0x00007ff80a518000 	/System/Library/PrivateFrameworks/XCTTargetBootstrap.framework/Versions/A/XCTTargetBootstrap
0x00007ff80e0ca000 	/System/Library/PrivateFrameworks/InternationalSupport.framework/Versions/A/InternationalSupport
0x00007ff80e154000 	/System/Library/PrivateFrameworks/UserActivity.framework/Versions/A/UserActivity
0x00007ff80d4aa000 	/usr/lib/libspindump.dylib
0x00007ff8050b4000 	/System/Library/Frameworks/UniformTypeIdentifiers.framework/Versions/A/UniformTypeIdentifiers
0x00007ff808c40000 	/usr/lib/libapp_launch_measurement.dylib
0x00007ff807e7b000 	/System/Library/PrivateFrameworks/CoreAnalytics.framework/Versions/A/CoreAnalytics
0x00007ff808c43000 	/System/Library/PrivateFrameworks/CoreAutoLayout.framework/Versions/A/CoreAutoLayout
0x00007ff809e72000 	/System/Library/Frameworks/Metal.framework/Versions/A/Metal
0x00007ff80ab9d000 	/usr/lib/liblangid.dylib
0x00007ff80a51d000 	/System/Library/PrivateFrameworks/CoreSVG.framework/Versions/A/CoreSVG
0x00007ff80649f000 	/System/Library/PrivateFrameworks/SkyLight.framework/Versions/A/SkyLight
0x00007ff80683d000 	/System/Library/Frameworks/CoreGraphics.framework/Versions/A/CoreGraphics
0x00007ff8128f2000 	/System/Library/Frameworks/Accelerate.framework/Versions/A/Accelerate
0x00007ff80cf29000 	/System/Library/PrivateFrameworks/IconServices.framework/Versions/A/IconServices
0x00007ff809e57000 	/System/Library/Frameworks/IOSurface.framework/Versions/A/IOSurface
0x00007ff807ea9000 	/usr/lib/libDiagnosticMessagesClient.dylib
0x00007ff815fd2000 	/System/Library/Frameworks/ApplicationServices.framework/Versions/A/ApplicationServices
0x00007ff80a504000 	/System/Library/PrivateFrameworks/DFRFoundation.framework/Versions/A/DFRFoundation
0x00007ff80387f000 	/usr/lib/libicucore.A.dylib
0x00007ff80eebf000 	/System/Library/Frameworks/AudioToolbox.framework/Versions/A/AudioToolbox
0x00007ff80e0d6000 	/System/Library/PrivateFrameworks/DataDetectorsCore.framework/Versions/A/DataDetectorsCore
0x00007ff90a5bd000 	/System/Library/PrivateFrameworks/TextInput.framework/Versions/A/TextInput
0x00007ff806422000 	/usr/lib/libMobileGestalt.dylib
0x00007ff80a210000 	/System/Library/Frameworks/Carbon.framework/Versions/A/Frameworks/HIToolbox.framework/Versions/A/HIToolbox
0x00007ff808646000 	/System/Library/Frameworks/QuartzCore.framework/Versions/A/QuartzCore
0x00007ff803524000 	/System/Library/Frameworks/Security.framework/Versions/A/Security
0x00007ff81226a000 	/System/Library/Frameworks/Carbon.framework/Versions/A/Frameworks/SpeechRecognition.framework/Versions/A/SpeechRecognition
0x00007ff8089a0000 	/System/Library/PrivateFrameworks/CoreUI.framework/Versions/A/CoreUI
0x00007ff802def000 	/System/Library/Frameworks/CoreAudio.framework/Versions/A/CoreAudio
0x00007ff807f98000 	/System/Library/Frameworks/DiskArbitration.framework/Versions/A/DiskArbitration
0x00007ff80d898000 	/System/Library/PrivateFrameworks/MultitouchSupport.framework/Versions/A/MultitouchSupport
0x00007ff806421000 	/usr/lib/libenergytrace.dylib
0x00007ff803e83000 	/System/Library/Frameworks/IOKit.framework/Versions/A/IOKit
0x00007ff81265a000 	/System/Library/Frameworks/CoreServices.framework/Versions/A/CoreServices
0x00007ff808bda000 	/System/Library/PrivateFrameworks/PerformanceAnalysis.framework/Versions/A/PerformanceAnalysis
0x00007ffa1a2a2000 	/System/Library/Frameworks/OpenGL.framework/Versions/A/OpenGL
0x00007ff80b7ff000 	/System/Library/PrivateFrameworks/MobileKeyBag.framework/Versions/A/MobileKeyBag
0x00007ff806f09000 	/System/Library/Frameworks/ColorSync.framework/Versions/A/ColorSync
0x00007ff801519000 	/System/Library/Frameworks/CoreFoundation.framework/Versions/A/CoreFoundation
0x00007ff80a793000 	/System/Library/Frameworks/CoreImage.framework/Versions/A/CoreImage
0x00007ff802c03000 	/System/Library/Frameworks/CoreText.framework/Versions/A/CoreText
0x00007ff80a54d000 	/System/Library/Frameworks/ImageIO.framework/Versions/A/ImageIO
0x00007ff80c2c9000 	/System/Library/PrivateFrameworks/SoftLinking.framework/Versions/A/SoftLinking
0x00007ff808c8b000 	/usr/lib/libxml2.2.dylib
0x00007ff80c54d000 	/usr/lib/libcompression.dylib
0x00007ff80dffd000 	/System/Library/PrivateFrameworks/TextureIO.framework/Versions/A/TextureIO
0x00007ff80cc3b000 	/usr/lib/libate.dylib
0x00007ff80ca17000 	/usr/lib/liblzma.5.dylib
0x00007ff8020aa000 	/System/Library/Frameworks/SystemConfiguration.framework/Versions/A/SystemConfiguration
0x00007ff80c2c5000 	/usr/lib/libfakelink.dylib
0x00007ff805f7b000 	/System/Library/Frameworks/CFNetwork.framework/Versions/A/CFNetwork
0x00007ff80c406000 	/usr/lib/libarchive.2.dylib
0x00007ff80ab99000 	/System/Library/PrivateFrameworks/AppleSystemInfo.framework/Versions/A/AppleSystemInfo
0x00007ff80b900000 	/usr/lib/libbsm.0.dylib
0x00007ff80558a000 	/usr/lib/libnetwork.dylib
0x00007ff80c25e000 	/usr/lib/system/libkxld.dylib
0x00007ff80b533000 	/System/Library/PrivateFrameworks/IOMobileFramebuffer.framework/Versions/A/IOMobileFramebuffer
0x00007ffb19676000 	/usr/lib/libCoreEntitlements.dylib
0x00007ff80bf72000 	/System/Library/PrivateFrameworks/AppleFSCompression.framework/Versions/A/AppleFSCompression
0x00007ff80b8e8000 	/usr/lib/libcoretls.dylib
0x00007ff80ca31000 	/usr/lib/libcoretls_cfhelpers.dylib
0x00007ff80c548000 	/usr/lib/libpam.2.dylib
0x00007ff8078db000 	/usr/lib/libsqlite3.dylib
0x00007ff80caa0000 	/usr/lib/libxar.1.dylib
0x00007ff80bf82000 	/usr/lib/libbz2.1.0.dylib
0x00007ff80c2ca000 	/usr/lib/libpcap.A.dylib
0x00007ff807cb3000 	/usr/lib/libdns_services.dylib
0x00007ff80c518000 	/usr/lib/libapple_nghttp2.dylib
0x00007ff80c304000 	/usr/lib/libiconv.2.dylib
0x00007ff80c257000 	/usr/lib/libcharset.1.dylib
0x00007ff808c0e000 	/System/Library/Frameworks/CoreServices.framework/Versions/A/Frameworks/FSEvents.framework/Versions/A/FSEvents
0x00007ff803b1d000 	/System/Library/Frameworks/CoreServices.framework/Versions/A/Frameworks/CarbonCore.framework/Versions/A/CarbonCore
0x00007ff807efc000 	/System/Library/Frameworks/CoreServices.framework/Versions/A/Frameworks/Metadata.framework/Versions/A/Metadata
0x00007ff80bf95000 	/System/Library/Frameworks/CoreServices.framework/Versions/A/Frameworks/OSServices.framework/Versions/A/OSServices
0x00007ff80c48d000 	/System/Library/Frameworks/CoreServices.framework/Versions/A/Frameworks/SearchKit.framework/Versions/A/SearchKit
0x00007ff807c46000 	/System/Library/Frameworks/CoreServices.framework/Versions/A/Frameworks/AE.framework/Versions/A/AE
0x00007ff801a1c000 	/System/Library/Frameworks/CoreServices.framework/Versions/A/Frameworks/LaunchServices.framework/Versions/A/LaunchServices
0x00007ff80c9c8000 	/System/Library/Frameworks/CoreServices.framework/Versions/A/Frameworks/DictionaryServices.framework/Versions/A/DictionaryServices
0x00007ff808c1b000 	/System/Library/Frameworks/CoreServices.framework/Versions/A/Frameworks/SharedFileList.framework/Versions/A/SharedFileList
0x00007ff80b8dc000 	/usr/lib/libCheckFix.dylib
0x00007ff806486000 	/System/Library/PrivateFrameworks/TCC.framework/Versions/A/TCC
0x00007ff80ab9f000 	/System/Library/PrivateFrameworks/CoreNLP.framework/Versions/A/CoreNLP
0x00007ff807eac000 	/System/Library/PrivateFrameworks/MetadataUtilities.framework/Versions/A/MetadataUtilities
0x00007ff80215e000 	/usr/lib/libmecabra.dylib
0x00007ff80b910000 	/usr/lib/libmecab.dylib
0x00007ff802129000 	/usr/lib/libCRFSuite.dylib
0x00007ff80b96a000 	/usr/lib/libgermantok.dylib
0x00007ff80c4f3000 	/usr/lib/libThaiTokenizer.dylib
0x00007ff807f9f000 	/System/Library/Frameworks/Accelerate.framework/Versions/A/Frameworks/vImage.framework/Versions/A/vImage
0x00007ff812631000 	/System/Library/Frameworks/Accelerate.framework/Versions/A/Frameworks/vecLib.framework/Versions/A/vecLib
0x00007ff80cae1000 	/System/Library/Frameworks/Accelerate.framework/Versions/A/Frameworks/vecLib.framework/Versions/A/libvMisc.dylib
0x00007ff80b35e000 	/System/Library/Frameworks/Accelerate.framework/Versions/A/Frameworks/vecLib.framework/Versions/A/libvDSP.dylib
0x00007ff801d9a000 	/System/Library/Frameworks/Accelerate.framework/Versions/A/Frameworks/vecLib.framework/Versions/A/libBLAS.dylib
0x00007ff80c62a000 	/System/Library/Frameworks/Accelerate.framework/Versions/A/Frameworks/vecLib.framework/Versions/A/libLAPACK.dylib
0x00007ff80b96d000 	/System/Library/Frameworks/Accelerate.framework/Versions/A/Frameworks/vecLib.framework/Versions/A/libLinearAlgebra.dylib
0x00007ff80c530000 	/System/Library/Frameworks/Accelerate.framework/Versions/A/Frameworks/vecLib.framework/Versions/A/libSparseBLAS.dylib
0x00007ff80c624000 	/System/Library/Frameworks/Accelerate.framework/Versions/A/Frameworks/vecLib.framework/Versions/A/libQuadrature.dylib
0x00007ff80ac8a000 	/System/Library/Frameworks/Accelerate.framework/Versions/A/Frameworks/vecLib.framework/Versions/A/libBNNS.dylib
0x00007ff802034000 	/System/Library/Frameworks/Accelerate.framework/Versions/A/Frameworks/vecLib.framework/Versions/A/libSparse.dylib
0x00007ff80ac83000 	/System/Library/PrivateFrameworks/LinguisticData.framework/Versions/A/LinguisticData
0x00007ff801fea000 	/System/Library/PrivateFrameworks/Lexicon.framework/Versions/A/Lexicon
0x00007ff80cada000 	/usr/lib/libChineseTokenizer.dylib
0x00007ff802758000 	/System/Library/PrivateFrameworks/LanguageModeling.framework/Versions/A/LanguageModeling
0x00007ff80c4f5000 	/System/Library/PrivateFrameworks/AppleSauce.framework/Versions/A/AppleSauce
0x00007ff80b521000 	/System/Library/PrivateFrameworks/CoreEmoji.framework/Versions/A/CoreEmoji
0x00007ff80c3f5000 	/usr/lib/libcmph.dylib
0x00007ff808bf2000 	/System/Library/Frameworks/OpenDirectory.framework/Versions/A/Frameworks/CFOpenDirectory.framework/Versions/A/CFOpenDirectory
0x00007ff808be6000 	/System/Library/Frameworks/OpenDirectory.framework/Versions/A/OpenDirectory
0x00007ff80ca33000 	/System/Library/PrivateFrameworks/APFS.framework/Versions/A/APFS
0x00007ff80b837000 	/System/Library/Frameworks/SecurityFoundation.framework/Versions/A/SecurityFoundation
0x00007ff80caae000 	/usr/lib/libutil.dylib
0x00007ff803e47000 	/System/Library/PrivateFrameworks/CoreServicesStore.framework/Versions/A/CoreServicesStore
0x00007ff80cab2000 	/usr/lib/libxslt.1.dylib
0x00007ff80b8c4000 	/System/Library/PrivateFrameworks/BackgroundTaskManagement.framework/Versions/A/BackgroundTaskManagement
0x00007ff80df1d000 	/System/Library/Frameworks/ImageIO.framework/Versions/A/Resources/libRadiance.dylib
0x00007ff80df26000 	/System/Library/Frameworks/ImageIO.framework/Versions/A/Resources/libJPEG.dylib
0x00007ff80de77000 	/System/Library/Frameworks/ImageIO.framework/Versions/A/Resources/libPng.dylib
0x00007ff80de98000 	/System/Library/Frameworks/ImageIO.framework/Versions/A/Resources/libTIFF.dylib
0x00007ff80df86000 	/System/Library/Frameworks/ImageIO.framework/Versions/A/Resources/libGIF.dylib
0x00007ff80d7b2000 	/System/Library/Frameworks/ImageIO.framework/Versions/A/Resources/libJP2.dylib
0x00007ff80cef0000 	/usr/lib/libexpat.1.dylib
0x00007ff80d767000 	/System/Library/PrivateFrameworks/AppleJPEG.framework/Versions/A/AppleJPEG
0x00007ff80a0d4000 	/System/Library/PrivateFrameworks/FontServices.framework/libFontParser.dylib
0x00007ff807bf0000 	/System/Library/PrivateFrameworks/RunningBoardServices.framework/Versions/A/RunningBoardServices
0x00007ff8188e9000 	/System/Library/PrivateFrameworks/IOSurfaceAccelerator.framework/Versions/A/IOSurfaceAccelerator
0x00007ff80d894000 	/System/Library/PrivateFrameworks/WatchdogClient.framework/Versions/A/WatchdogClient
0x00007ff802846000 	/System/Library/Frameworks/CoreDisplay.framework/Versions/A/CoreDisplay
0x00007ff809fd2000 	/System/Library/Frameworks/CoreMedia.framework/Versions/A/CoreMedia
0x00007ff809e69000 	/System/Library/PrivateFrameworks/IOAccelerator.framework/Versions/A/IOAccelerator
0x00007ff808d6f000 	/System/Library/Frameworks/CoreVideo.framework/Versions/A/CoreVideo
0x00007ff80c546000 	/System/Library/Frameworks/MetalPerformanceShaders.framework/Versions/A/MetalPerformanceShaders
0x00007ff80d8d1000 	/System/Library/Frameworks/VideoToolbox.framework/Versions/A/VideoToolbox
0x00007ff807b3a000 	/System/Library/PrivateFrameworks/BaseBoard.framework/Versions/A/BaseBoard
0x00007ff8078c1000 	/System/Library/PrivateFrameworks/ProtocolBuffer.framework/Versions/A/ProtocolBuffer
0x00007ff80df16000 	/System/Library/PrivateFrameworks/GPUWrangler.framework/Versions/A/GPUWrangler
0x00007ff80defa000 	/System/Library/PrivateFrameworks/IOPresentment.framework/Versions/A/IOPresentment
0x00007ff80df20000 	/System/Library/PrivateFrameworks/DSExternalDisplay.framework/Versions/A/DSExternalDisplay
0x00007ffa1a296000 	/System/Library/Frameworks/OpenGL.framework/Versions/A/Libraries/libCoreFSCache.dylib
0x00007ffb06d9a000 	/System/Library/PrivateFrameworks/GPUCompiler.framework/Versions/31001/Libraries/libGPUCompilerUtils.dylib
0x00007ff80df8b000 	/System/Library/PrivateFrameworks/CMCaptureCore.framework/Versions/A/CMCaptureCore
0x00007ff80d498000 	/System/Library/PrivateFrameworks/AppServerSupport.framework/Versions/A/AppServerSupport
0x00007ff80f757000 	/System/Library/PrivateFrameworks/perfdata.framework/Versions/A/perfdata
0x00007ff802972000 	/System/Library/PrivateFrameworks/AudioToolboxCore.framework/Versions/A/AudioToolboxCore
0x00007ff809fb0000 	/System/Library/PrivateFrameworks/caulk.framework/Versions/A/caulk
0x00007ff80f069000 	/usr/lib/libAudioStatistics.dylib
0x00007ff906d60000 	/System/Library/PrivateFrameworks/SystemPolicy.framework/Versions/A/SystemPolicy
0x00007ff80f2c4000 	/usr/lib/libSMC.dylib
0x00007ff8181e1000 	/System/Library/Frameworks/CoreMIDI.framework/Versions/A/CoreMIDI
0x00007ff80de46000 	/usr/lib/libAudioToolboxUtility.dylib
0x00007ff902f95000 	/System/Library/PrivateFrameworks/OSAServicesClient.framework/Versions/A/OSAServicesClient
0x00007ff80f764000 	/usr/lib/libperfcheck.dylib
0x00007ff90780a000 	/usr/lib/libmis.dylib
0x00007ffa1a2f1000 	/System/Library/Frameworks/OpenGL.framework/Versions/A/Libraries/libGLU.dylib
0x00007ffa1a2b5000 	/System/Library/Frameworks/OpenGL.framework/Versions/A/Libraries/libGFXShared.dylib
0x00007ffa1a4be000 	/System/Library/Frameworks/OpenGL.framework/Versions/A/Libraries/libGL.dylib
0x00007ffa1a2be000 	/System/Library/Frameworks/OpenGL.framework/Versions/A/Libraries/libGLImage.dylib
0x00007ffa1a2b2000 	/System/Library/Frameworks/OpenGL.framework/Versions/A/Libraries/libCVMSPluginSupport.dylib
0x00007ffa1a29d000 	/System/Library/Frameworks/OpenGL.framework/Versions/A/Libraries/libCoreVMClient.dylib
0x00007ff80ab1b000 	/System/Library/Frameworks/MetalPerformanceShaders.framework/Versions/A/Frameworks/MPSCore.framework/Versions/A/MPSCore
0x00007ff80bedd000 	/System/Library/Frameworks/MetalPerformanceShaders.framework/Versions/A/Frameworks/MPSImage.framework/Versions/A/MPSImage
0x00007ff80b983000 	/System/Library/Frameworks/MetalPerformanceShaders.framework/Versions/A/Frameworks/MPSNeuralNetwork.framework/Versions/A/MPSNeuralNetwork
0x00007ff80bdf7000 	/System/Library/Frameworks/MetalPerformanceShaders.framework/Versions/A/Frameworks/MPSMatrix.framework/Versions/A/MPSMatrix
0x00007ff80bbb2000 	/System/Library/Frameworks/MetalPerformanceShaders.framework/Versions/A/Frameworks/MPSRayIntersector.framework/Versions/A/MPSRayIntersector
0x00007ff80be2f000 	/System/Library/Frameworks/MetalPerformanceShaders.framework/Versions/A/Frameworks/MPSNDArray.framework/Versions/A/MPSNDArray
0x00007ffa1f4b8000 	/System/Library/Frameworks/MetalPerformanceShaders.framework/Versions/A/Frameworks/MPSFunctions.framework/Versions/A/MPSFunctions
0x00007ff801c73000 	/System/Library/PrivateFrameworks/MetalTools.framework/Versions/A/MetalTools
0x00007ff80ab97000 	/System/Library/PrivateFrameworks/AggregateDictionary.framework/Versions/A/AggregateDictionary
0x00007ff80ccd2000 	/usr/lib/libIOReport.dylib
0x00007ffa1b8cd000 	/System/Library/Frameworks/OpenCL.framework/Versions/A/OpenCL
0x00007ff80d036000 	/System/Library/PrivateFrameworks/FaceCore.framework/Versions/A/FaceCore
0x00007ff80d027000 	/System/Library/PrivateFrameworks/GraphVisualizer.framework/Versions/A/GraphVisualizer
0x00007ffb06ca5000 	/System/Library/PrivateFrameworks/FontServices.framework/Versions/A/FontServices
0x00007ff80d450000 	/System/Library/PrivateFrameworks/OTSVG.framework/Versions/A/OTSVG
0x00007ff808956000 	/System/Library/Frameworks/ApplicationServices.framework/Versions/A/Frameworks/ATS.framework/Versions/A/Resources/libFontRegistry.dylib
0x00007ff80d4a0000 	/System/Library/PrivateFrameworks/FontServices.framework/libhvf.dylib
0x00007ffb06ca6000 	/System/Library/PrivateFrameworks/FontServices.framework/libXTFontStaticRegistryData.dylib
0x00007ff80cea0000 	/System/Library/PrivateFrameworks/AppleVA.framework/Versions/A/AppleVA
0x00007ff80f089000 	/System/Library/Frameworks/ApplicationServices.framework/Versions/A/Frameworks/ATS.framework/Versions/A/ATS
0x00007ff807007000 	/System/Library/Frameworks/ApplicationServices.framework/Versions/A/Frameworks/HIServices.framework/Versions/A/HIServices
0x00007ff80df95000 	/System/Library/Frameworks/ApplicationServices.framework/Versions/A/Frameworks/PrintCore.framework/Versions/A/PrintCore
0x00007ff80f417000 	/System/Library/Frameworks/ApplicationServices.framework/Versions/A/Frameworks/QD.framework/Versions/A/QD
0x00007ff80f40f000 	/System/Library/Frameworks/ApplicationServices.framework/Versions/A/Frameworks/ColorSyncLegacy.framework/Versions/A/ColorSyncLegacy
0x00007ff80f079000 	/System/Library/Frameworks/ApplicationServices.framework/Versions/A/Frameworks/SpeechSynthesis.framework/Versions/A/SpeechSynthesis
0x00007ff80df56000 	/System/Library/Frameworks/ApplicationServices.framework/Versions/A/Frameworks/ATSUI.framework/Versions/A/ATSUI
0x00007ff80f3a4000 	/usr/lib/libcups.2.dylib
0x00007ff80f773000 	/System/Library/Frameworks/Kerberos.framework/Versions/A/Kerberos
0x00007ff80f782000 	/System/Library/Frameworks/GSS.framework/Versions/A/GSS
0x00007ff80f0f5000 	/usr/lib/libresolv.9.dylib
0x00007ff80d4af000 	/System/Library/PrivateFrameworks/Heimdal.framework/Versions/A/Heimdal
0x00007ff816364000 	/System/Library/Frameworks/Kerberos.framework/Versions/A/Libraries/libHeimdalProxy.dylib
0x00007ff807cc3000 	/System/Library/Frameworks/Network.framework/Versions/A/Network
0x00007ff80cf0a000 	/usr/lib/libheimdal-asn1.dylib
0x00007ff80f7cd000 	/System/Library/PrivateFrameworks/CommonAuth.framework/Versions/A/CommonAuth
0x00007ff80effb000 	/System/Library/PrivateFrameworks/AudioSession.framework/Versions/A/AudioSession
0x00007ff80cf9a000 	/System/Library/PrivateFrameworks/MediaExperience.framework/Versions/A/MediaExperience
0x00007ff80ee8e000 	/System/Library/PrivateFrameworks/AudioSession.framework/libSessionUtility.dylib
0x00007ff80f423000 	/System/Library/PrivateFrameworks/AudioResourceArbitration.framework/Versions/A/AudioResourceArbitration
0x00007ff8134a4000 	/System/Library/PrivateFrameworks/PowerLog.framework/Versions/A/PowerLog
0x00007ff80cf13000 	/System/Library/PrivateFrameworks/IconFoundation.framework/Versions/A/IconFoundation
0x00007ff81225a000 	/System/Library/PrivateFrameworks/SpeechRecognitionCore.framework/Versions/A/SpeechRecognitionCore
0x000000010bf77000 	/Users/ying/.p2/pool/plugins/org.eclipse.justj.openjdk.hotspot.jre.full.macosx.x86_64_17.0.4.v20220805-1047/jre/lib/server/libjvm.dylib
0x000000010ae55000 	/Users/ying/.p2/pool/plugins/org.eclipse.justj.openjdk.hotspot.jre.full.macosx.x86_64_17.0.4.v20220805-1047/jre/lib/libjimage.dylib
0x000000010aecc000 	/Users/ying/.p2/pool/plugins/org.eclipse.justj.openjdk.hotspot.jre.full.macosx.x86_64_17.0.4.v20220805-1047/jre/lib/libjava.dylib
0x000000010aebb000 	/Users/ying/.p2/pool/plugins/org.eclipse.justj.openjdk.hotspot.jre.full.macosx.x86_64_17.0.4.v20220805-1047/jre/lib/libzip.dylib
0x000000010bd2f000 	/Users/ying/.p2/pool/plugins/org.eclipse.justj.openjdk.hotspot.jre.full.macosx.x86_64_17.0.4.v20220805-1047/jre/lib/libnio.dylib
0x000000010bd5e000 	/Users/ying/.p2/pool/plugins/org.eclipse.justj.openjdk.hotspot.jre.full.macosx.x86_64_17.0.4.v20220805-1047/jre/lib/libnet.dylib
0x000000010be16000 	/Users/ying/.p2/pool/plugins/org.eclipse.justj.openjdk.hotspot.jre.full.macosx.x86_64_17.0.4.v20220805-1047/jre/lib/libawt.dylib
0x000000010bed5000 	/Users/ying/.p2/pool/plugins/org.eclipse.justj.openjdk.hotspot.jre.full.macosx.x86_64_17.0.4.v20220805-1047/jre/lib/libmlib_image.dylib
0x00007ffa1f421000 	/System/Library/Frameworks/JavaRuntimeSupport.framework/Versions/A/JavaRuntimeSupport
0x00007ff906884000 	/System/Library/Frameworks/Carbon.framework/Versions/A/Carbon
0x00007ff81471e000 	/System/Library/PrivateFrameworks/CoreSymbolication.framework/Versions/A/CoreSymbolication
0x00007ff819c80000 	/System/Library/Frameworks/Carbon.framework/Versions/A/Frameworks/CommonPanels.framework/Versions/A/CommonPanels
0x00007ff815d52000 	/System/Library/Frameworks/Carbon.framework/Versions/A/Frameworks/Help.framework/Versions/A/Help
0x00007ff819c84000 	/System/Library/Frameworks/Carbon.framework/Versions/A/Frameworks/ImageCapture.framework/Versions/A/ImageCapture
0x00007ff819c54000 	/System/Library/Frameworks/Carbon.framework/Versions/A/Frameworks/OpenScripting.framework/Versions/A/OpenScripting
0x00007ff819c7c000 	/System/Library/Frameworks/Carbon.framework/Versions/A/Frameworks/Ink.framework/Versions/A/Ink
0x00007ff906880000 	/System/Library/Frameworks/Carbon.framework/Versions/A/Frameworks/Print.framework/Versions/A/Print
0x00007ff819c78000 	/System/Library/Frameworks/Carbon.framework/Versions/A/Frameworks/SecurityHI.framework/Versions/A/SecurityHI
0x00007ff8146e3000 	/System/Library/PrivateFrameworks/DebugSymbols.framework/Versions/A/DebugSymbols
0x0000000116829000 	/Users/ying/.p2/pool/plugins/org.eclipse.justj.openjdk.hotspot.jre.full.macosx.x86_64_17.0.4.v20220805-1047/jre/lib/libawt_lwawt.dylib
0x000000010bd9e000 	/Users/ying/.p2/pool/plugins/org.eclipse.justj.openjdk.hotspot.jre.full.macosx.x86_64_17.0.4.v20220805-1047/jre/lib/libosxapp.dylib
0x00007ff905b56000 	/System/Library/Frameworks/ExceptionHandling.framework/Versions/A/ExceptionHandling
0x0000000116ade000 	/Users/ying/.p2/pool/plugins/org.eclipse.justj.openjdk.hotspot.jre.full.macosx.x86_64_17.0.4.v20220805-1047/jre/lib/libfontmanager.dylib
0x0000000116953000 	/Users/ying/.p2/pool/plugins/org.eclipse.justj.openjdk.hotspot.jre.full.macosx.x86_64_17.0.4.v20220805-1047/jre/lib/libfreetype.dylib
0x00007ff803e09000 	/System/Library/PrivateFrameworks/CoreServicesInternal.framework/Versions/A/CoreServicesInternal
0x00007ff813a95000 	/System/Library/Frameworks/FileProvider.framework/Versions/A/FileProvider
0x00007ff807aa7000 	/System/Library/Frameworks/Accounts.framework/Versions/A/Accounts
0x00007ff813c0e000 	/System/Library/PrivateFrameworks/GenerationalStorage.framework/Versions/A/GenerationalStorage
0x00007ff813499000 	/System/Library/PrivateFrameworks/SymptomDiagnosticReporter.framework/Versions/A/SymptomDiagnosticReporter
0x00007ff8050c8000 	/System/Library/PrivateFrameworks/DesktopServicesPriv.framework/Versions/A/DesktopServicesPriv
0x00007ff803f48000 	/usr/lib/libsandbox.1.dylib
0x00007ff808dee000 	/System/Library/PrivateFrameworks/UserManagement.framework/Versions/A/UserManagement
0x00007ff80f404000 	/System/Library/PrivateFrameworks/NetAuth.framework/Versions/A/NetAuth
0x00007ff810313000 	/System/Library/PrivateFrameworks/Sharing.framework/Versions/A/Sharing
0x00007ff808dc1000 	/System/Library/PrivateFrameworks/login.framework/Versions/A/Frameworks/loginsupport.framework/Versions/A/loginsupport
0x00007ff815881000 	/System/Library/PrivateFrameworks/Apple80211.framework/Versions/A/Apple80211
0x00007ff80bfc2000 	/System/Library/PrivateFrameworks/AuthKit.framework/Versions/A/AuthKit
0x00007ff80b617000 	/System/Library/PrivateFrameworks/CoreUtils.framework/Versions/A/CoreUtils
0x00007ff80b53e000 	/System/Library/Frameworks/CoreWLAN.framework/Versions/A/CoreWLAN
0x00007ff810472000 	/System/Library/Frameworks/IOBluetooth.framework/Versions/A/IOBluetooth
0x00007ff8158e9000 	/System/Library/PrivateFrameworks/CoreWiFi.framework/Versions/A/CoreWiFi
0x00007ff8142b8000 	/System/Library/PrivateFrameworks/FrontBoardServices.framework/Versions/A/FrontBoardServices
0x00007ff814349000 	/System/Library/PrivateFrameworks/BoardServices.framework/Versions/A/BoardServices
0x00007ff80b826000 	/System/Library/PrivateFrameworks/AssertionServices.framework/Versions/A/AssertionServices
0x00007ff815a6c000 	/System/Library/PrivateFrameworks/BackBoardServices.framework/Versions/A/BackBoardServices
0x00007ff80f85e000 	/System/Library/PrivateFrameworks/CorePhoneNumbers.framework/Versions/A/CorePhoneNumbers
0x00007ff80f122000 	/System/Library/PrivateFrameworks/MultiverseSupport.framework/Versions/A/MultiverseSupport
0x00007ff815cdf000 	/System/Library/PrivateFrameworks/RemoteServiceDiscovery.framework/Versions/A/RemoteServiceDiscovery
0x00007ff8135b6000 	/System/Library/PrivateFrameworks/DiskManagement.framework/Versions/A/DiskManagement
0x00007ff8134ca000 	/System/Library/PrivateFrameworks/AppleIDAuthSupport.framework/Versions/A/AppleIDAuthSupport
0x00007ffb0163c000 	/System/Library/PrivateFrameworks/AAAFoundation.framework/Versions/A/AAAFoundation
0x00007ff80f83f000 	/System/Library/PrivateFrameworks/KeychainCircle.framework/Versions/A/KeychainCircle
0x00007ff815cef000 	/System/Library/PrivateFrameworks/RemoteXPC.framework/Versions/A/RemoteXPC
0x00007ff813582000 	/System/Library/PrivateFrameworks/MediaKit.framework/Versions/A/MediaKit
0x00007ff8134d6000 	/System/Library/Frameworks/DiscRecording.framework/Versions/A/DiscRecording
0x00007ff80ce18000 	/usr/lib/libCoreStorage.dylib
0x00007ff815d5a000 	/usr/lib/libcsfde.dylib
0x00007ff81053f000 	/System/Library/PrivateFrameworks/ProtectedCloudStorage.framework/Versions/A/ProtectedCloudStorage
0x00007ff815d56000 	/System/Library/PrivateFrameworks/EFILogin.framework/Versions/A/EFILogin
0x00007ff813c34000 	/System/Library/PrivateFrameworks/OctagonTrust.framework/Versions/A/OctagonTrust
0x00007ffb05f08000 	/System/Library/PrivateFrameworks/CoreUtilsExtras.framework/Versions/A/CoreUtilsExtras
0x00007ff8133fd000 	/System/Library/Frameworks/CoreBluetooth.framework/Versions/A/CoreBluetooth
0x00007ff8163e9000 	/System/Library/Frameworks/AudioUnit.framework/Versions/A/AudioUnit
0x00007ff80ce10000 	/usr/lib/libMatch.1.dylib
0x00007ff90e5f3000 	/System/Library/CoreServices/RawCamera.bundle/Contents/MacOS/RawCamera
0x00007ff80f7dd000 	/System/Library/PrivateFrameworks/MobileAsset.framework/Versions/A/MobileAsset
0x00007ff816410000 	/System/Library/PrivateFrameworks/StreamingZip.framework/Versions/A/StreamingZip
0x00007ffb031fc000 	/System/Library/PrivateFrameworks/CMPhoto.framework/Versions/A/CMPhoto
0x00007ff8145b9000 	/System/Library/PrivateFrameworks/AppleVPA.framework/Versions/A/AppleVPA
0x00007ff80e1bf000 	/System/Library/Frameworks/MediaToolbox.framework/Versions/A/MediaToolbox
0x00007ff813a65000 	/System/Library/PrivateFrameworks/CoreAVCHD.framework/Versions/A/CoreAVCHD
0x00007ff81293a000 	/System/Library/Frameworks/MediaAccessibility.framework/Versions/A/MediaAccessibility
0x00007ff813a61000 	/System/Library/PrivateFrameworks/Mangrove.framework/Versions/A/Mangrove
0x00007ff812945000 	/System/Library/PrivateFrameworks/AlgosScoreFramework.framework/Versions/A/AlgosScoreFramework
0x00007ff8136a6000 	/System/Library/PrivateFrameworks/CoreAUC.framework/Versions/A/CoreAUC
0x00007ff90be1c000 	/System/Library/Frameworks/Accelerate.framework/Versions/A/Frameworks/vImage.framework/Versions/A/Libraries/libCGInterfaces.dylib
0x0000000116809000 	/usr/lib/libobjc-trampolines.dylib
0x00007ff808ae6000 	/System/Library/PrivateFrameworks/ViewBridge.framework/Versions/A/ViewBridge
0x00007ffb19765000 	/usr/lib/libRosetta.dylib
0x0000000116aa2000 	/Users/ying/.openjfx/cache/14/libprism_es2.dylib
0x00007ffa1a4c9000 	/System/Library/Frameworks/OpenGL.framework/Versions/A/Resources/GLEngine.bundle/GLEngine
0x00007ffa1a32f000 	/System/Library/Frameworks/OpenGL.framework/Versions/A/Libraries/libGLProgrammability.dylib
0x00007ffa0f351000 	/System/Library/Extensions/AppleIntelKBLGraphicsGLDriver.bundle/Contents/MacOS/AppleIntelKBLGraphicsGLDriver
0x00007ff91198f000 	/System/Library/PrivateFrameworks/GPUSupport.framework/Versions/A/Libraries/libGPUSupportMercury.dylib
0x00007ffa1a653000 	/System/Library/Frameworks/OpenGL.framework/Versions/A/Resources/GLRendererFloat.bundle/GLRendererFloat
0x000000012cb1c000 	/Users/ying/.openjfx/cache/14/libglass.dylib
0x000000012cb00000 	/Users/ying/.p2/pool/plugins/org.eclipse.justj.openjdk.hotspot.jre.full.macosx.x86_64_17.0.4.v20220805-1047/jre/lib/libosxui.dylib
0x00007ff80d566000 	/System/Library/PrivateFrameworks/login.framework/Versions/A/login
0x000000012e29a000 	/Users/ying/.p2/pool/plugins/org.eclipse.justj.openjdk.hotspot.jre.full.macosx.x86_64_17.0.4.v20220805-1047/jre/lib/libjavajpeg.dylib
0x0000000168c9c000 	/Users/ying/.openjfx/cache/14/libglib-lite.dylib
0x00007ff80f9ae000 	/usr/lib/libffi.dylib
0x0000000168f73000 	/Users/ying/.openjfx/cache/14/libgstreamer-lite.dylib
0x0000000168b96000 	/Users/ying/.openjfx/cache/14/libjfxmedia.dylib
0x0000000168b78000 	/Users/ying/.openjfx/cache/14/libjfxmedia_avf.dylib
0x00007ff906b78000 	/System/Library/Frameworks/AVFoundation.framework/Versions/A/AVFoundation
0x00007ffa1e14f000 	/System/Library/Frameworks/AVFAudio.framework/Versions/A/AVFAudio
0x00007ff8140c8000 	/System/Library/PrivateFrameworks/AVFCore.framework/Versions/A/AVFCore
0x00007ff81b338000 	/System/Library/PrivateFrameworks/AVFCapture.framework/Versions/A/AVFCapture
0x00007ff9057f3000 	/System/Library/PrivateFrameworks/AirPlaySync.framework/Versions/A/AirPlaySync
0x00007ffb031e5000 	/System/Library/PrivateFrameworks/CMImaging.framework/Versions/A/CMImaging
0x00007ff81b48a000 	/System/Library/PrivateFrameworks/Quagga.framework/Versions/A/Quagga
0x00007ff901203000 	/System/Library/PrivateFrameworks/CMCapture.framework/Versions/A/CMCapture
0x00007ff80f1e4000 	/System/Library/Frameworks/CoreMediaIO.framework/Versions/A/CoreMediaIO
0x00007ff816511000 	/System/Library/PrivateFrameworks/Espresso.framework/Versions/A/Espresso
0x00007ff815ddc000 	/System/Library/PrivateFrameworks/AppSupport.framework/Versions/A/AppSupport
0x00007ffa0cf11000 	/System/Library/PrivateFrameworks/ANECompiler.framework/Versions/A/ANECompiler
0x00007ff818161000 	/System/Library/PrivateFrameworks/AppleNeuralEngine.framework/Versions/A/AppleNeuralEngine
0x00007ffb097a4000 	/System/Library/PrivateFrameworks/MIL.framework/Versions/A/MIL
0x00007ffa1f4cb000 	/System/Library/Frameworks/MetalPerformanceShadersGraph.framework/Versions/A/MetalPerformanceShadersGraph
0x00007ff8170b0000 	/System/Library/PrivateFrameworks/ANEServices.framework/Versions/A/ANEServices
0x00007ff90b5c3000 	/usr/lib/libncurses.5.4.dylib
0x0000000168c1c000 	/Users/ying/.openjfx/cache/14/libfxplugins.dylib
0x00007ffa2156c000 	/System/Library/Frameworks/VideoDecodeAcceleration.framework/Versions/A/VideoDecodeAcceleration
0x0000000168c60000 	/System/Library/Extensions/AppleHDA.kext/Contents/PlugIns/AppleHDAHALPlugIn.bundle/Contents/MacOS/AppleHDAHALPlugIn
0x0000000168dd8000 	/System/Library/Components/CoreAudio.component/Contents/MacOS/CoreAudio
0x000000016b8f5000 	/System/Library/Components/AudioCodecs.component/Contents/MacOS/AudioCodecs
0x00007ff812976000 	/System/Library/PrivateFrameworks/SystemAdministration.framework/Versions/A/SystemAdministration
0x00007ff812226000 	/System/Library/Frameworks/DirectoryService.framework/Versions/A/DirectoryService
0x00007ff815bf8000 	/System/Library/PrivateFrameworks/DiskImages.framework/Versions/A/DiskImages
0x00007ff80b8ce000 	/System/Library/Frameworks/ServiceManagement.framework/Versions/A/ServiceManagement
0x00007ff815dd4000 	/System/Library/PrivateFrameworks/LoginUIKit.framework/Versions/A/Frameworks/LoginUICore.framework/Versions/A/LoginUICore
0x00007ff80d70f000 	/usr/lib/libodfde.dylib
0x00007ff815d66000 	/usr/lib/libcurl.4.dylib
0x00007ffb19bd1000 	/usr/lib/libcrypto.46.dylib
0x00007ffb1a0c6000 	/usr/lib/libssl.48.dylib
0x00007ff815a8a000 	/System/Library/Frameworks/LDAP.framework/Versions/A/LDAP
0x00007ff815ac2000 	/System/Library/PrivateFrameworks/TrustEvaluationAgent.framework/Versions/A/TrustEvaluationAgent
0x00007ff80f10e000 	/usr/lib/libsasl2.2.dylib
0x00007ff81296a000 	/System/Library/PrivateFrameworks/CoreDaemon.framework/Versions/B/CoreDaemon
0x00007ff812965000 	/System/Library/PrivateFrameworks/AppleSRP.framework/Versions/A/AppleSRP


VM Arguments:
jvm_args: -Dfile.encoding=UTF-8 -XX:+ShowCodeDetailsInExceptionMessages 
java_command: classes.Title_screen
java_class_path (initial): /Users/ying/git/teamproject-group-1-world-s-hardest-games/bin/main:/Users/ying/.gradle/caches/modules-2/files-2.1/org.apache.commons/commons-math3/3.6.1/e4ba98f1d4b3c80ec46392f25e094a6a2e58fcbf/commons-math3-3.6.1.jar:/Users/ying/.gradle/caches/modules-2/files-2.1/org.openjfx/javafx-media/14/f22620ca03288977855901c934f3616300a07546/javafx-media-14-mac.jar:/Users/ying/.gradle/caches/modules-2/files-2.1/org.openjfx/javafx-swing/14/f2d2245ef4f513b13d627053bda7e8bd73de69dd/javafx-swing-14-mac.jar:/Users/ying/.gradle/caches/modules-2/files-2.1/org.openjfx/javafx-graphics/14/d08afb502833b1ef4b433042d9c06ac0fc511ed2/javafx-graphics-14-mac.jar:/Users/ying/.gradle/caches/modules-2/files-2.1/org.openjfx/javafx-graphics/14/132514c6e75c58dd34592dad8d356f78c3f0a680/javafx-graphics-14.jar:/Users/ying/.gradle/caches/modules-2/files-2.1/org.openjfx/javafx-base/14/434821986fc4ca5e42950b1295ca8016ace77a85/javafx-base-14-mac.jar:/Users/ying/.gradle/caches/modules-2/files-2.1/org.openjfx/javafx-base/14/4eddcdd8713831212ec9b396169959655cf0dc21/javafx-base-14.jar:/Users/ying/.gradle/caches/modules-2/files-2.1/com.google.guava/guava/28.2-jre/8ec9ed76528425762174f0011ce8f74ad845b756/guava-28.2-jre.jar:/Users/ying/.gradle/caches/modules-2/files-2.1/com.google.guava/failureaccess/1.0.1/1dcf1de382a0bf95a3d8b0849546c88bac1292c9/failureaccess-1.0.1.jar:/Users/ying/.gradle/caches/modules-2/files-2.1/com.google.guava/listenablefuture/9999.0-empty-to-avoid-conflict-with-guava/b421526c5f297295adef1c886e5246c39d4ac629/listenablefuture-9999.0-empty-to-avoid-conflict-with-guava.jar:/Users/ying/.gradle/caches/modules-2/files-2.1/com.google.code.findbugs/jsr305/3.0.2/25ea2e8b0c338a877313bd4672d3fe056ea78f0d/jsr305-3.0.2.jar:/Users/ying/.gradle/caches/modules-2/files-2.1/org.checkerframework/checker-qual/2.10.0/5786699a0cb71f9dc32e6cca1d665eef07a0882f/checker-qual-2.10.0.jar:/Users/ying/.gradle/caches/modules-2/files-2.1/com.google.errorprone/error_prone_annotations/2.3.4/dac
Launcher Type: SUN_STANDARD

[Global flags]
     intx CICompilerCount                          = 3                                         {product} {ergonomic}
     uint ConcGCThreads                            = 1                                         {product} {ergonomic}
     uint G1ConcRefinementThreads                  = 4                                         {product} {ergonomic}
   size_t G1HeapRegionSize                         = 1048576                                   {product} {ergonomic}
    uintx GCDrainStackTargetSize                   = 64                                        {product} {ergonomic}
   size_t InitialHeapSize                          = 134217728                                 {product} {ergonomic}
   size_t MarkStackSize                            = 4194304                                   {product} {ergonomic}
   size_t MaxHeapSize                              = 2147483648                                {product} {ergonomic}
   size_t MaxNewSize                               = 1287651328                                {product} {ergonomic}
   size_t MinHeapDeltaBytes                        = 1048576                                   {product} {ergonomic}
   size_t MinHeapSize                              = 8388608                                   {product} {ergonomic}
    uintx NonNMethodCodeHeapSize                   = 5832780                                {pd product} {ergonomic}
    uintx NonProfiledCodeHeapSize                  = 122912730                              {pd product} {ergonomic}
    uintx ProfiledCodeHeapSize                     = 122912730                              {pd product} {ergonomic}
    uintx ReservedCodeCacheSize                    = 251658240                              {pd product} {ergonomic}
     bool SegmentedCodeCache                       = true                                      {product} {ergonomic}
     bool ShowCodeDetailsInExceptionMessages       = true                                   {manageable} {command line}
   size_t SoftMaxHeapSize                          = 2147483648                             {manageable} {ergonomic}
     bool UseCompressedClassPointers               = true                           {product lp64_product} {ergonomic}
     bool UseCompressedOops                        = true                           {product lp64_product} {ergonomic}
     bool UseG1GC                                  = true                                      {product} {ergonomic}
     bool UseNUMA                                  = false                                     {product} {ergonomic}
     bool UseNUMAInterleaving                      = false                                     {product} {ergonomic}

Logging:
Log output configuration:
 #0: stdout all=warning uptime,level,tags
 #1: stderr all=off uptime,level,tags

Environment Variables:
PATH=/usr/bin:/bin:/usr/sbin:/sbin
SHELL=/bin/zsh
TMPDIR=/var/folders/fp/pxfvg0wd3hndlprx0mt8xscm0000gp/T/

Signal Handlers:
   SIGSEGV: _ZL13crash_handleriP9__siginfoPv in libjvm.dylib, mask=11100110000111110111111111111111, flags=SA_RESTART|SA_SIGINFO
    SIGBUS: _ZL13crash_handleriP9__siginfoPv in libjvm.dylib, mask=11100110000111110111111111111111, flags=SA_RESTART|SA_SIGINFO
    SIGFPE: _ZL13crash_handleriP9__siginfoPv in libjvm.dylib, mask=11100110000111110111111111111111, flags=SA_RESTART|SA_SIGINFO
   SIGPIPE: _ZL17javaSignalHandleriP9__siginfoPv in libjvm.dylib, mask=11100110000111110111111111111111, flags=SA_RESTART|SA_SIGINFO
   SIGXFSZ: _ZL17javaSignalHandleriP9__siginfoPv in libjvm.dylib, mask=11100110000111110111111111111111, flags=SA_RESTART|SA_SIGINFO
    SIGILL: _ZL13crash_handleriP9__siginfoPv in libjvm.dylib, mask=11100110000111110111111111111111, flags=SA_RESTART|SA_SIGINFO
   SIGUSR2: _ZL10SR_handleriP9__siginfoP17__darwin_ucontext in libjvm.dylib, mask=00100000000000000000000000000000, flags=SA_RESTART|SA_SIGINFO
    SIGHUP: _ZL11UserHandleriPvS_ in libjvm.dylib, mask=11100110000111110111111111111111, flags=SA_RESTART|SA_SIGINFO
    SIGINT: _ZL11UserHandleriPvS_ in libjvm.dylib, mask=11100110000111110111111111111111, flags=SA_RESTART|SA_SIGINFO
   SIGTERM: _ZL11UserHandleriPvS_ in libjvm.dylib, mask=11100110000111110111111111111111, flags=SA_RESTART|SA_SIGINFO
   SIGQUIT: _ZL11UserHandleriPvS_ in libjvm.dylib, mask=11100110000111110111111111111111, flags=SA_RESTART|SA_SIGINFO
  *** Handler was modified!
  *** Expected: _ZL17javaSignalHandleriP9__siginfoPv in libjvm.dylib, mask=11100110100111111111111111111111, flags=SA_RESTART|SA_SIGINFO
   SIGTRAP: _ZL13crash_handleriP9__siginfoPv in libjvm.dylib, mask=11100110000111110111111111111111, flags=SA_RESTART|SA_SIGINFO


---------------  S Y S T E M  ---------------

OS:
uname: Darwin 21.5.0 Darwin Kernel Version 21.5.0: Tue Apr 26 21:08:22 PDT 2022; root:xnu-8020.121.3~4/RELEASE_X86_64 x86_64
OS uptime: 117 days 22:56 hours
rlimit (soft/hard): STACK 8192k/65532k , CORE 0k/infinity , NPROC 1392/2088 , NOFILE 10240/infinity , AS infinity/infinity , CPU infinity/infinity , DATA infinity/infinity , FSIZE infinity/infinity , MEMLOCK infinity/infinity , RSS infinity/infinity
load average: 6.06 5.64 5.62

CPU: total 4 (initial active 4) (2 cores per cpu, 2 threads per core) family 6 model 142 stepping 9 microcode 0xf0, cx8, cmov, fxsr, ht, mmx, 3dnowpref, sse, sse2, sse3, ssse3, sse4.1, sse4.2, popcnt, lzcnt, tsc, tscinvbit, avx, avx2, aes, erms, clmul, bmi1, bmi2, rtm, adx, fma, vzeroupper, clflush, clflushopt

Memory: 4k page, physical 8388608k(33608k free), swap 9437184k(1085440k free)

vm_info: OpenJDK 64-Bit Server VM (17.0.4+8) for bsd-amd64 JRE (17.0.4+8), built on Jul 19 2022 20:57:41 by "temurin" with clang 4.2.1 Compatible Apple LLVM 10.0.1 (clang-1001.0.46.4)

END.
