#
# There is insufficient memory for the Java Runtime Environment to continue.
# Native memory allocation (mmap) failed to map 127926272 bytes for G1 virtual space
# Possible reasons:
#   The system is out of physical RAM or swap space
#   The process is running with CompressedOops enabled, and the Java Heap may be blocking the growth of the native heap
# Possible solutions:
#   Reduce memory load on the system
#   Increase physical memory or swap space
#   Check if swap backing store is full
#   Decrease Java heap size (-Xmx/-Xms)
#   Decrease number of Java threads
#   Decrease Java thread stack sizes (-Xss)
#   Set larger code cache with -XX:ReservedCodeCacheSize=
#   JVM is running with Unscaled Compressed Oops mode in which the Java heap is
#     placed in the first 4GB address space. The Java Heap base address is the
#     maximum limit for the native heap growth. Please use -XX:HeapBaseMinAddress
#     to set the Java Heap base and to place the Java Heap above 4GB virtual address.
# This output file may be truncated or incomplete.
#
#  Out of Memory Error (os_windows.cpp:3541), pid=2668, tid=15820
#
# JRE version:  (17.0.4+8) (build )
# Java VM: OpenJDK 64-Bit Server VM (17.0.4+8, mixed mode, sharing, tiered, compressed oops, compressed class ptrs, g1 gc, windows-amd64)
# No core dump will be written. Minidumps are not enabled by default on client versions of Windows
#

---------------  S U M M A R Y ------------

Command Line: -Dfile.encoding=UTF-8 -XX:+ShowCodeDetailsInExceptionMessages classes.Map

Host: Intel(R) Core(TM) i5-1035G4 CPU @ 1.10GHz, 8 cores, 7G,  Windows 10 , 64 bit Build 19041 (10.0.19041.2251)
Time: Thu Dec  8 13:36:31 2022 Pacific Standard Time elapsed time: 0.018232 seconds (0d 0h 0m 0s)

---------------  T H R E A D  ---------------

Current thread (0x000002253724fb60):  JavaThread "Unknown thread" [_thread_in_vm, id=15820, stack(0x0000007264f00000,0x0000007265000000)]

Stack: [0x0000007264f00000,0x0000007265000000]
Native frames: (J=compiled Java code, j=interpreted, Vv=VM code, C=native code)
V  [jvm.dll+0x67733a]
V  [jvm.dll+0x8323c4]
V  [jvm.dll+0x833b6e]
V  [jvm.dll+0x8341d3]
V  [jvm.dll+0x2455e5]
V  [jvm.dll+0x674229]
V  [jvm.dll+0x668ab2]
V  [jvm.dll+0x30458b]
V  [jvm.dll+0x30bad6]
V  [jvm.dll+0x35ba7e]
V  [jvm.dll+0x35bcaf]
V  [jvm.dll+0x2db428]
V  [jvm.dll+0x2dc394]
V  [jvm.dll+0x803ef1]
V  [jvm.dll+0x3698d1]
V  [jvm.dll+0x7e320c]
V  [jvm.dll+0x3ec23f]
V  [jvm.dll+0x3eddc1]
C  [jli.dll+0x5277]
C  [ucrtbase.dll+0x21bb2]
C  [KERNEL32.DLL+0x174b4]
C  [ntdll.dll+0x526a1]


---------------  P R O C E S S  ---------------

Threads class SMR info:
_java_thread_list=0x00007ffcb2ce4e98, length=0, elements={
}

Java Threads: ( => current thread )

Other Threads:
  0x00000225372aa3f0 GCTaskThread "GC Thread#0" [stack: 0x0000007265000000,0x0000007265100000] [id=23944]
  0x00000225372bbd30 ConcurrentGCThread "G1 Main Marker" [stack: 0x0000007265100000,0x0000007265200000] [id=17604]
  0x00000225372bc650 ConcurrentGCThread "G1 Conc#0" [stack: 0x0000007265200000,0x0000007265300000] [id=19920]

[error occurred during error reporting (printing all threads), id 0xc0000005, EXCEPTION_ACCESS_VIOLATION (0xc0000005) at pc=0x00007ffcb24bbeb7]

VM state: not at safepoint (not fully initialized)

VM Mutex/Monitor currently owned by a thread:  ([mutex/lock_event])
[0x000002253724a900] Heap_lock - owner thread: 0x000002253724fb60

Heap address: 0x0000000086600000, size: 1946 MB, Compressed Oops mode: 32-bit

CDS archive(s) mapped at: [0x0000000000000000-0x0000000000000000-0x0000000000000000), size 0, SharedBaseAddress: 0x0000000800000000, ArchiveRelocationMode: 0.
Narrow klass base: 0x0000000000000000, Narrow klass shift: 0, Narrow klass range: 0x0

GC Precious Log:
<Empty>

Heap:
 garbage-first heap   total 0K, used 0K [0x0000000086600000, 0x0000000100000000)
  region size 1024K, 0 young (0K), 0 survivors (0K)

[error occurred during error reporting (printing heap information), id 0xc0000005, EXCEPTION_ACCESS_VIOLATION (0xc0000005) at pc=0x00007ffcb28a06b9]

GC Heap History (0 events):
No events

Deoptimization events (0 events):
No events

Classes unloaded (0 events):
No events

Classes redefined (0 events):
No events

Internal exceptions (0 events):
No events

VM Operations (0 events):
No events

Events (1 events):
Event: 0.013 Loaded shared library C:\Users\jefan\.p2\pool\plugins\org.eclipse.justj.openjdk.hotspot.jre.full.win32.x86_64_17.0.4.v20220805-1047\jre\bin\java.dll


Dynamic libraries:
0x00007ff7afe90000 - 0x00007ff7afe9e000 	C:\Users\jefan\.p2\pool\plugins\org.eclipse.justj.openjdk.hotspot.jre.full.win32.x86_64_17.0.4.v20220805-1047\jre\bin\javaw.exe
0x00007ffcffdb0000 - 0x00007ffcfffa8000 	C:\windows\SYSTEM32\ntdll.dll
0x00007ffcfeb10000 - 0x00007ffcfebcf000 	C:\windows\System32\KERNEL32.DLL
0x00007ffcfd4b0000 - 0x00007ffcfd782000 	C:\windows\System32\KERNELBASE.dll
0x00007ffcfdc70000 - 0x00007ffcfdd70000 	C:\windows\System32\ucrtbase.dll
0x00007ffcf4170000 - 0x00007ffcf4189000 	C:\Users\jefan\.p2\pool\plugins\org.eclipse.justj.openjdk.hotspot.jre.full.win32.x86_64_17.0.4.v20220805-1047\jre\bin\VCRUNTIME140.dll
0x00007ffcf8100000 - 0x00007ffcf8118000 	C:\Users\jefan\.p2\pool\plugins\org.eclipse.justj.openjdk.hotspot.jre.full.win32.x86_64_17.0.4.v20220805-1047\jre\bin\jli.dll
0x00007ffcffb60000 - 0x00007ffcffcfd000 	C:\windows\System32\USER32.dll
0x00007ffcfd910000 - 0x00007ffcfd932000 	C:\windows\System32\win32u.dll
0x00007ffcfc9d0000 - 0x00007ffcfcc6a000 	C:\windows\WinSxS\amd64_microsoft.windows.common-controls_6595b64144ccf1df_6.0.19041.1110_none_60b5254171f9507e\COMCTL32.dll
0x00007ffcfe530000 - 0x00007ffcfe55b000 	C:\windows\System32\GDI32.dll
0x00007ffcfed00000 - 0x00007ffcfed9e000 	C:\windows\System32\msvcrt.dll
0x00007ffcfd990000 - 0x00007ffcfda9f000 	C:\windows\System32\gdi32full.dll
0x00007ffcfd790000 - 0x00007ffcfd82d000 	C:\windows\System32\msvcp_win.dll
0x00007ffcff970000 - 0x00007ffcff9a2000 	C:\windows\System32\IMM32.DLL
0x00007ffcf59d0000 - 0x00007ffcf59dc000 	C:\Users\jefan\.p2\pool\plugins\org.eclipse.justj.openjdk.hotspot.jre.full.win32.x86_64_17.0.4.v20220805-1047\jre\bin\vcruntime140_1.dll
0x00007ffccf8e0000 - 0x00007ffccf971000 	C:\Users\jefan\.p2\pool\plugins\org.eclipse.justj.openjdk.hotspot.jre.full.win32.x86_64_17.0.4.v20220805-1047\jre\bin\msvcp140.dll
0x00007ffcb21d0000 - 0x00007ffcb2e16000 	C:\Users\jefan\.p2\pool\plugins\org.eclipse.justj.openjdk.hotspot.jre.full.win32.x86_64_17.0.4.v20220805-1047\jre\bin\server\jvm.dll
0x00007ffcfedb0000 - 0x00007ffcfee5e000 	C:\windows\System32\ADVAPI32.dll
0x00007ffcff6c0000 - 0x00007ffcff75c000 	C:\windows\System32\sechost.dll
0x00007ffcff840000 - 0x00007ffcff965000 	C:\windows\System32\RPCRT4.dll
0x00007ffcfecf0000 - 0x00007ffcfecf8000 	C:\windows\System32\PSAPI.DLL
0x00007ffcfb9c0000 - 0x00007ffcfb9c9000 	C:\windows\SYSTEM32\WSOCK32.dll
0x00007ffcfaed0000 - 0x00007ffcfaeda000 	C:\windows\SYSTEM32\VERSION.dll
0x00007ffce47c0000 - 0x00007ffce47e7000 	C:\windows\SYSTEM32\WINMM.dll
0x00007ffcffd00000 - 0x00007ffcffd6b000 	C:\windows\System32\WS2_32.dll
0x00007ffcfa500000 - 0x00007ffcfa512000 	C:\windows\SYSTEM32\kernel.appcore.dll
0x00007ffcfb9d0000 - 0x00007ffcfb9da000 	C:\Users\jefan\.p2\pool\plugins\org.eclipse.justj.openjdk.hotspot.jre.full.win32.x86_64_17.0.4.v20220805-1047\jre\bin\jimage.dll
0x00007ffcfcee0000 - 0x00007ffcfd0c4000 	C:\windows\SYSTEM32\DBGHELP.DLL
0x00007ffcfce30000 - 0x00007ffcfce5c000 	C:\windows\SYSTEM32\dbgcore.DLL
0x00007ffcfdd70000 - 0x00007ffcfddf2000 	C:\windows\System32\bcryptPrimitives.dll
0x00007ffcec9f0000 - 0x00007ffceca15000 	C:\Users\jefan\.p2\pool\plugins\org.eclipse.justj.openjdk.hotspot.jre.full.win32.x86_64_17.0.4.v20220805-1047\jre\bin\java.dll

dbghelp: loaded successfully - version: 4.0.5 - missing functions: none
symbol engine: initialized successfully - sym options: 0x614 - pdb path: .;C:\Users\jefan\.p2\pool\plugins\org.eclipse.justj.openjdk.hotspot.jre.full.win32.x86_64_17.0.4.v20220805-1047\jre\bin;C:\windows\SYSTEM32;C:\windows\WinSxS\amd64_microsoft.windows.common-controls_6595b64144ccf1df_6.0.19041.1110_none_60b5254171f9507e;C:\Users\jefan\.p2\pool\plugins\org.eclipse.justj.openjdk.hotspot.jre.full.win32.x86_64_17.0.4.v20220805-1047\jre\bin\server

VM Arguments:
jvm_args: -Dfile.encoding=UTF-8 -XX:+ShowCodeDetailsInExceptionMessages 
java_command: classes.Map
java_class_path (initial): C:\Users\jefan\git\teamproject-group-1-world-s-hardest-games\bin\main;C:\Users\jefan\.gradle\caches\modules-2\files-2.1\org.apache.commons\commons-math3\3.6.1\e4ba98f1d4b3c80ec46392f25e094a6a2e58fcbf\commons-math3-3.6.1.jar;C:\Users\jefan\.gradle\caches\modules-2\files-2.1\org.openjfx\javafx-swing\14\3a4621195292f0a685c4bb2c0172d30b0a42e694\javafx-swing-14-win.jar;C:\Users\jefan\.gradle\caches\modules-2\files-2.1\org.openjfx\javafx-media\14\4a08bb1a89b3ee89615633c3139ed933bbf28041\javafx-media-14-win.jar;C:\Users\jefan\.gradle\caches\modules-2\files-2.1\org.openjfx\javafx-graphics\14\ed1f8b8c5893d2d62e7c1fc66c9ba06dfe02787d\javafx-graphics-14-win.jar;C:\Users\jefan\.gradle\caches\modules-2\files-2.1\org.openjfx\javafx-graphics\14\132514c6e75c58dd34592dad8d356f78c3f0a680\javafx-graphics-14.jar;C:\Users\jefan\.gradle\caches\modules-2\files-2.1\org.openjfx\javafx-base\14\956a9be2db3fe917ebfc24c2d04ab0cb5d6714c7\javafx-base-14-win.jar;C:\Users\jefan\.gradle\caches\modules-2\files-2.1\org.openjfx\javafx-base\14\4eddcdd8713831212ec9b396169959655cf0dc21\javafx-base-14.jar;C:\Users\jefan\.gradle\caches\modules-2\files-2.1\com.google.guava\guava\28.2-jre\8ec9ed76528425762174f0011ce8f74ad845b756\guava-28.2-jre.jar;C:\Users\jefan\.gradle\caches\modules-2\files-2.1\com.google.guava\failureaccess\1.0.1\1dcf1de382a0bf95a3d8b0849546c88bac1292c9\failureaccess-1.0.1.jar;C:\Users\jefan\.gradle\caches\modules-2\files-2.1\com.google.guava\listenablefuture\9999.0-empty-to-avoid-conflict-with-guava\b421526c5f297295adef1c886e5246c39d4ac629\listenablefuture-9999.0-empty-to-avoid-conflict-with-guava.jar;C:\Users\jefan\.gradle\caches\modules-2\files-2.1\com.google.code.findbugs\jsr305\3.0.2\25ea2e8b0c338a877313bd4672d3fe056ea78f0d\jsr305-3.0.2.jar;C:\Users\jefan\.gradle\caches\modules-2\files-2.1\org.checkerframework\checker-qual\2.10.0\5786699a0cb71f9dc32e6cca1d665eef07a0882f\checker-qual-2.10.0.jar;C:\Users\jefan\.gradle\caches\modules-2\files-2.1\com.google.er
Launcher Type: SUN_STANDARD

[Global flags]
     intx CICompilerCount                          = 4                                         {product} {ergonomic}
     uint ConcGCThreads                            = 2                                         {product} {ergonomic}
     uint G1ConcRefinementThreads                  = 8                                         {product} {ergonomic}
   size_t G1HeapRegionSize                         = 1048576                                   {product} {ergonomic}
    uintx GCDrainStackTargetSize                   = 64                                        {product} {ergonomic}
   size_t InitialHeapSize                          = 127926272                                 {product} {ergonomic}
   size_t MarkStackSize                            = 4194304                                   {product} {ergonomic}
   size_t MaxHeapSize                              = 2040528896                                {product} {ergonomic}
   size_t MinHeapDeltaBytes                        = 1048576                                   {product} {ergonomic}
   size_t MinHeapSize                              = 8388608                                   {product} {ergonomic}
    uintx NonNMethodCodeHeapSize                   = 5839372                                {pd product} {ergonomic}
    uintx NonProfiledCodeHeapSize                  = 122909434                              {pd product} {ergonomic}
    uintx ProfiledCodeHeapSize                     = 122909434                              {pd product} {ergonomic}
    uintx ReservedCodeCacheSize                    = 251658240                              {pd product} {ergonomic}
     bool SegmentedCodeCache                       = true                                      {product} {ergonomic}
     bool ShowCodeDetailsInExceptionMessages       = true                                   {manageable} {command line}
   size_t SoftMaxHeapSize                          = 2040528896                             {manageable} {ergonomic}
     bool UseCompressedClassPointers               = true                           {product lp64_product} {ergonomic}
     bool UseCompressedOops                        = true                           {product lp64_product} {ergonomic}
     bool UseG1GC                                  = true                                      {product} {ergonomic}
     bool UseLargePagesIndividualAllocation        = false                                  {pd product} {ergonomic}

Logging:
Log output configuration:
 #0: stdout all=warning uptime,level,tags
 #1: stderr all=off uptime,level,tags

Environment Variables:
PATH=C:/Users/jefan/.p2/pool/plugins/org.eclipse.justj.openjdk.hotspot.jre.full.win32.x86_64_17.0.4.v20220805-1047/jre/bin/server;C:/Users/jefan/.p2/pool/plugins/org.eclipse.justj.openjdk.hotspot.jre.full.win32.x86_64_17.0.4.v20220805-1047/jre/bin;C:\Program Files\Rockwell Software\RSCommon;C:\windows\system32;C:\windows;C:\windows\System32\Wbem;C:\windows\System32\WindowsPowerShell\v1.0\;C:\windows\System32\OpenSSH\;C:\Program Files\Git\cmd;C:\Program Files\Microsoft SQL Server\130\Tools\Binn\;C:\Program Files\MATLAB\R2021b\bin;C:\Program Files\PuTTY\;C:\Users\jefan\AppData\Local\Programs\Python\Python310;C:\Users\jefan\AppData\Local\Programs\Python\Python310\Scripts;C:\Users\jefan\AppData\Local\Programs\Python\Python310\Scripts\;C:\Users\jefan\AppData\Local\Programs\Python\Python310\;C:\Users\jefan\AppData\Local\Microsoft\WindowsApps;C:\Program Files\mingw-w64\x86_64-8.1.0-posix-seh-rt_v6-rev0\mingw64\bin;C:\Users\jefan\AppData\Local\Programs\Microsoft VS Code\bin;C:\Users\jefan\AppData\Local\GitHubDesktop\bin;C:\windows\system32;
USERNAME=jefan
OS=Windows_NT
PROCESSOR_IDENTIFIER=Intel64 Family 6 Model 126 Stepping 5, GenuineIntel
TMP=C:\Users\jefan\AppData\Local\Temp
TEMP=C:\Users\jefan\AppData\Local\Temp



---------------  S Y S T E M  ---------------

OS:
 Windows 10 , 64 bit Build 19041 (10.0.19041.2251)
OS uptime: 15 days 22:13 hours
Hyper-V role detected

CPU: total 8 (initial active 8) (4 cores per cpu, 2 threads per core) family 6 model 126 stepping 5 microcode 0xb0, cx8, cmov, fxsr, ht, mmx, 3dnowpref, sse, sse2, sse3, ssse3, sse4.1, sse4.2, popcnt, lzcnt, tsc, tscinvbit, avx, avx2, aes, erms, clmul, bmi1, bmi2, adx, avx512f, avx512dq, avx512cd, avx512bw, avx512vl, sha, fma, vzeroupper, avx512_vpopcntdq, avx512_vpclmulqdq, avx512_vaes, avx512_vnni, clflush, clflushopt, avx512_vbmi2, avx512_vbmi, hv

Memory: 4k page, system-wide physical 7778M (613M free)
TotalPageFile size 20066M (AvailPageFile size 77M)
current process WorkingSet (physical memory assigned to process): 10M, peak: 10M
current process commit charge ("private bytes"): 60M, peak: 181M

vm_info: OpenJDK 64-Bit Server VM (17.0.4+8) for windows-amd64 JRE (17.0.4+8), built on Jul 19 2022 16:05:16 by "temurin" with MS VC++ 16.7 (VS2019)

END.
