#
# A fatal error has been detected by the Java Runtime Environment:
#
#  SIGSEGV (0xb) at pc=0x000000010becf42c, pid=53949, tid=75787
#
# JRE version: OpenJDK Runtime Environment Temurin-17.0.4+8 (17.0.4+8) (build 17.0.4+8)
# Java VM: OpenJDK 64-Bit Server VM Temurin-17.0.4+8 (17.0.4+8, mixed mode, tiered, compressed oops, compressed class ptrs, g1 gc, bsd-amd64)
# Problematic frame:
# V  [libjvm.dylib+0x40942c]  _ZN15JavaFrameAnchor13make_walkableEP10JavaThread+0x1c
#
# No core dump will be written. Core dumps have been disabled. To enable core dumping, try "ulimit -c unlimited" before starting Java again
#
# If you would like to submit a bug report, please visit:
#   https://github.com/adoptium/adoptium-support/issues
# The crash happened outside the Java Virtual Machine in native code.
# See problematic frame for where to report the bug.
#

---------------  S U M M A R Y ------------

Command Line: -Dfile.encoding=UTF-8 -XX:+ShowCodeDetailsInExceptionMessages classes.Title_screen

Host: "MacBookPro14,1" x86_64 2300 MHz, 4 cores, 8G, Darwin 21.5.0, macOS 10.16 (21F79)
Time: Thu Dec  8 22:08:10 2022 PST elapsed time: 2.810477 seconds (0d 0h 0m 2s)

---------------  T H R E A D  ---------------

Current thread (0x00007f907b203000):  JavaThread "InvokeLaterDispatcher" daemon [_thread_in_native, id=75787, stack(0x00007000062f3000,0x00007000063f3000)]

Stack: [0x00007000062f3000,0x00007000063f3000],  sp=0x00007000063f28e0,  free space=1022k
Native frames: (J=compiled Java code, j=interpreted, Vv=VM code, C=native code)
V  [libjvm.dylib+0x40942c]  _ZN15JavaFrameAnchor13make_walkableEP10JavaThread+0x1c
V  [libjvm.dylib+0x575ce0]  jni_DeleteGlobalRef+0xf0
C  [libglass.dylib+0x9285]  -[GlassRunnable dealloc]+0x35
C  [Foundation+0x818ee]  -[_NSThreadPerformInfo dealloc]+0x2a
C  [Foundation+0x4e466]  -[NSObject(NSThreadPerformAdditions) performSelectorOnMainThread:withObject:waitUntilDone:]+0x7c
j  com.sun.glass.ui.mac.MacApplication._submitForLaterInvocation(Ljava/lang/Runnable;)V+0
j  com.sun.glass.ui.mac.MacApplication.submitForLaterInvocation(Ljava/lang/Runnable;)V+2
j  com.sun.glass.ui.InvokeLaterDispatcher.run()V+82
v  ~StubRoutines::call_stub
V  [libjvm.dylib+0x51bbe6]  _ZN9JavaCalls11call_helperEP9JavaValueRK12methodHandleP17JavaCallArgumentsP10JavaThread+0x2b6
V  [libjvm.dylib+0x51ac47]  _ZN9JavaCalls12call_virtualEP9JavaValueP5KlassP6SymbolS5_P17JavaCallArgumentsP10JavaThread+0x147
V  [libjvm.dylib+0x51ad13]  _ZN9JavaCalls12call_virtualEP9JavaValue6HandleP5KlassP6SymbolS6_P10JavaThread+0x63
V  [libjvm.dylib+0x5c66d4]  _ZL12thread_entryP10JavaThreadS0_+0xb4
V  [libjvm.dylib+0xaa3aff]  _ZN10JavaThread17thread_main_innerEv+0x14f
V  [libjvm.dylib+0xaa1e7a]  _ZN6Thread8call_runEv+0x11a
V  [libjvm.dylib+0x8ae6cb]  _ZL19thread_native_entryP6Thread+0x14b
C  [libsystem_pthread.dylib+0x64e1]  _pthread_start+0x7d
C  [libsystem_pthread.dylib+0x1f6b]  thread_start+0xf

Java frames: (J=compiled Java code, j=interpreted, Vv=VM code)
j  com.sun.glass.ui.mac.MacApplication._submitForLaterInvocation(Ljava/lang/Runnable;)V+0
j  com.sun.glass.ui.mac.MacApplication.submitForLaterInvocation(Ljava/lang/Runnable;)V+2
j  com.sun.glass.ui.InvokeLaterDispatcher.run()V+82
v  ~StubRoutines::call_stub

siginfo: si_signo: 11 (SIGSEGV), si_code: 1 (SEGV_MAPERR), si_addr: 0xfffffffffffffff8

Register to memory mapping:

RAX=0x0 is NULL
RBX=0x00007ff7b569e460 is pointing into the stack for thread: 0x00007f907b085200
RCX=0x0000600001e91588 points into unknown readable memory: 0x0000000000000000 | 00 00 00 00 00 00 00 00
RDX=0x00001fffffffffff is an unknown value
RSP=0x00007000063f28e0 is pointing into the stack for thread: 0x00007f907b203000
RBP=0x00007000063f28e0 is pointing into the stack for thread: 0x00007f907b203000
RSI=0x00007f907b085200 is a thread
RDI=0x00007f907b085488 points into unknown readable memory: 0x00007ff7b569ef50 | 50 ef 69 b5 f7 7f 00 00
R8 =0x00000000000130a8 is an unknown value
R9 =0x0 is NULL
R10=0x000000012c69e1f0: OBJC_CLASS_$_GlassRunnable+0 in /Users/ying/.openjfx/cache/14/libglass.dylib at 0x000000012c659000
R11=0x000000012c662250: -[GlassRunnable dealloc]+0 in /Users/ying/.openjfx/cache/14/libglass.dylib at 0x000000012c659000
R12=0x00007f907b085200 is a thread
R13=0x00006000022f8710 points into unknown readable memory: 0x001d80012c69e1f1 | f1 e1 69 2c 01 80 1d 00
R14=0x00007f907ab45768 points into unknown readable memory: 0x0000000000000000 | 00 00 00 00 00 00 00 00
R15=0x00007f907b0854a8 points into unknown readable memory: 0x000000010c7ece38 | 38 ce 7e 0c 01 00 00 00


Registers:
RAX=0x0000000000000000, RBX=0x00007ff7b569e460, RCX=0x0000600001e91588, RDX=0x00001fffffffffff
RSP=0x00007000063f28e0, RBP=0x00007000063f28e0, RSI=0x00007f907b085200, RDI=0x00007f907b085488
R8 =0x00000000000130a8, R9 =0x0000000000000000, R10=0x000000012c69e1f0, R11=0x000000012c662250
R12=0x00007f907b085200, R13=0x00006000022f8710, R14=0x00007f907ab45768, R15=0x00007f907b0854a8
RIP=0x000000010becf42c, EFLAGS=0x0000000000010246, ERR=0x0000000000000004
  TRAPNO=0x000000000000000e

Top of Stack: (sp=0x00007000063f28e0)
0x00007000063f28e0:   00007000063f2910 000000010c03bce0
0x00007000063f28f0:   00006000022f8710 00007ff81b8d1b3e
0x00007000063f2900:   00006000022f8718 0000000000000000
0x00007000063f2910:   00007000063f2940 000000012c662285
0x00007000063f2920:   0000000000000000 00006000022f9800
0x00007000063f2930:   00006000034f7e40 00007ff801368000
0x00007000063f2940:   00007000063f2980 00007ff80241c8ee
0x00007000063f2950:   00006000022f8710 00006000022f9800
0x00007000063f2960:   00007ff81b8d1b3e eb55bed7c29300b8
0x00007000063f2970:   00006000022f9800 00007ff801365400
0x00007000063f2980:   00007000063f29d0 00007ff8023e9466
0x00007000063f2990:   00006000022f9800 00006000022f8710
0x00007000063f29a0:   00000000063f29d0 000000012bc91b88
0x00007000063f29b0:   0000000000000000 000000012bc91b88
0x00007000063f29c0:   00007000063f2a68 00007f907b203000
0x00007000063f29d0:   00007000063f2a40 000000011561f53a
0x00007000063f29e0:   00007000063f2aa0 0000000115de1f0c
0x00007000063f29f0:   00007000063f2a50 00007000063f29f8
0x00007000063f2a00:   0000000000000000 00007000063f2a68
0x00007000063f2a10:   000000012bcb58c8 0000000000000000
0x00007000063f2a20:   000000078035c280 000000012bc91b88
0x00007000063f2a30:   0000000000000000 00007000063f2a60
0x00007000063f2a40:   00007000063f2ab8 000000011561b42b
0x00007000063f2a50:   0000000000000000 000000011561cf78
0x00007000063f2a60:   0000000787b933b8 00000007803eb2e0
0x00007000063f2a70:   00007000063f2a70 000000012bc91c22
0x00007000063f2a80:   00007000063f2ad0 000000012bcb58c8
0x00007000063f2a90:   0000000000000000 000000078035c280
0x00007000063f2aa0:   000000012bc91c30 00007000063f2a60
0x00007000063f2ab0:   00007000063f2ac8 00007000063f2b30
0x00007000063f2ac0:   000000011561b88f 0000000787b933b8
0x00007000063f2ad0:   00000007803eb2e0 0000000000000003 

Instructions: (pc=0x000000010becf42c)
0x000000010becf32c:   66 41 89 07 eb 30 8b 00 41 89 07 eb 29 48 8b 00
0x000000010becf33c:   49 89 07 eb 21 f7 c1 00 01 00 00 74 0a 48 8b 43
0x000000010becf34c:   20 48 83 c0 10 eb 05 48 85 c0 74 05 48 8b 00 eb
0x000000010becf35c:   02 31 c0 49 89 06 44 89 e0 5b 41 5c 41 5e 41 5f
0x000000010becf36c:   5d c3 66 90 b2 ff ff ff b9 ff ff ff c2 ff ff ff
0x000000010becf37c:   c9 ff ff ff b2 ff ff ff b9 ff ff ff c2 ff ff ff
0x000000010becf38c:   c9 ff ff ff d1 ff ff ff d1 ff ff ff f2 ff ff ff
0x000000010becf39c:   0f 1f 40 00 55 48 89 e5 48 8b 47 20 48 8b 40 f0
0x000000010becf3ac:   48 85 c0 74 09 48 63 ce 48 8d 04 c8 5d c3 48 8b
0x000000010becf3bc:   07 48 63 ce 48 8d 04 c8 5d c3 66 2e 0f 1f 84 00
0x000000010becf3cc:   00 00 00 00 55 48 89 e5 48 8b 47 20 5d c3 66 0f
0x000000010becf3dc:   1f 44 00 00 55 48 89 e5 48 8b 47 10 48 85 c0 74
0x000000010becf3ec:   13 48 63 40 1c 48 85 c0 7e 0a 48 c1 e0 03 48 03
0x000000010becf3fc:   47 28 5d c3 48 8b 47 20 5d c3 66 2e 0f 1f 84 00
0x000000010becf40c:   00 00 00 00 55 48 89 e5 48 83 3f 00 74 0d 48 83
0x000000010becf41c:   3f 00 74 09 48 83 7f 08 00 74 02 5d c3 48 8b 07
0x000000010becf42c:   48 8b 40 f8 48 89 47 08 5d c3 66 2e 0f 1f 84 00
0x000000010becf43c:   00 00 00 00 80 3d 89 8a 91 00 00 74 01 c3 55 48
0x000000010becf44c:   89 e5 48 83 ec 10 c7 04 24 00 00 00 00 48 8d 3d
0x000000010becf45c:   a0 3e 93 00 48 8d 35 69 86 bf ff ba 2b 00 00 00
0x000000010becf46c:   b9 95 00 00 00 45 31 c0 45 31 c9 e8 e4 cf 33 00
0x000000010becf47c:   48 c7 05 49 8a 91 00 01 00 00 00 48 83 c4 10 5d
0x000000010becf48c:   c3 0f 1f 00 80 3d c9 80 91 00 00 74 01 c3 55 48
0x000000010becf49c:   89 e5 48 83 ec 10 c7 04 24 00 00 00 00 48 8d 3d
0x000000010becf4ac:   40 80 91 00 48 8d 35 29 86 bf ff ba 2b 00 00 00
0x000000010becf4bc:   b9 90 00 00 00 45 31 c0 45 31 c9 e8 94 cf 33 00
0x000000010becf4cc:   48 c7 05 89 80 91 00 01 00 00 00 48 83 c4 10 5d
0x000000010becf4dc:   c3 90 90 90 55 48 89 e5 48 39 97 28 01 00 00 73
0x000000010becf4ec:   4e 48 b8 45 44 4f 4e 45 44 4f 4e 48 89 06 48 c7
0x000000010becf4fc:   46 20 00 00 00 00 48 c7 46 18 00 00 00 00 48 c7
0x000000010becf50c:   46 10 00 00 00 00 48 c7 46 08 00 00 00 00 48 89
0x000000010becf51c:   56 28 4c 8b 8f 10 01 00 00 4d 85 c9 74 50 49 8b 


Stack slot to memory mapping:
stack at sp + 0 slots: 0x00007000063f2910 is pointing into the stack for thread: 0x00007f907b203000
stack at sp + 1 slots: 0x000000010c03bce0: jni_DeleteGlobalRef+0xf0 in /Users/ying/.p2/pool/plugins/org.eclipse.justj.openjdk.hotspot.jre.full.macosx.x86_64_17.0.4.v20220805-1047/jre/lib/server/libjvm.dylib at 0x000000010bac6000
stack at sp + 2 slots: 0x00006000022f8710 points into unknown readable memory: 0x001d80012c69e1f1 | f1 e1 69 2c 01 80 1d 00
stack at sp + 3 slots: 0x00007ff81b8d1b3e points into unknown readable memory: 72 75
stack at sp + 4 slots: 0x00006000022f8718 points into unknown readable memory: 0x00007f907ab45768 | 68 57 b4 7a 90 7f 00 00
stack at sp + 5 slots: 0x0 is NULL
stack at sp + 6 slots: 0x00007000063f2940 is pointing into the stack for thread: 0x00007f907b203000
stack at sp + 7 slots: 0x000000012c662285: -[GlassRunnable dealloc]+0x35 in /Users/ying/.openjfx/cache/14/libglass.dylib at 0x000000012c659000


---------------  P R O C E S S  ---------------

Threads class SMR info:
_java_thread_list=0x00006000021515e0, length=22, elements={
0x00007f907c040000, 0x00007f907c042200, 0x00007f907b818a00, 0x00007f907b054800,
0x00007f907b054e00, 0x00007f907b055400, 0x00007f907b061400, 0x00007f907b055a00,
0x00007f907b086a00, 0x00007f907c05ca00, 0x00007f907b085200, 0x00007f907b0eb000,
0x00007f907c041600, 0x00007f907b203000, 0x00007f907c10fa00, 0x00007f907a315800,
0x00007f907b206c00, 0x00007f907ba99200, 0x00007f907a00ea00, 0x00007f907c1e0000,
0x00007f907c1d4800, 0x00007f907c376200
}

Java Threads: ( => current thread )
  0x00007f907c040000 JavaThread "Reference Handler" daemon [_thread_blocked, id=14851, stack(0x00007000051b7000,0x00007000052b7000)]
  0x00007f907c042200 JavaThread "Finalizer" daemon [_thread_blocked, id=15875, stack(0x00007000052ba000,0x00007000053ba000)]
  0x00007f907b818a00 JavaThread "Signal Dispatcher" daemon [_thread_blocked, id=22787, stack(0x00007000054c3000,0x00007000055c3000)]
  0x00007f907b054800 JavaThread "Service Thread" daemon [_thread_blocked, id=23299, stack(0x00007000055c6000,0x00007000056c6000)]
  0x00007f907b054e00 JavaThread "Monitor Deflation Thread" daemon [_thread_blocked, id=23811, stack(0x00007000056c9000,0x00007000057c9000)]
  0x00007f907b055400 JavaThread "C2 CompilerThread0" daemon [_thread_blocked, id=24067, stack(0x00007000057cc000,0x00007000058cc000)]
  0x00007f907b061400 JavaThread "C1 CompilerThread0" daemon [_thread_blocked, id=24323, stack(0x00007000058cf000,0x00007000059cf000)]
  0x00007f907b055a00 JavaThread "Sweeper thread" daemon [_thread_blocked, id=41731, stack(0x00007000059d2000,0x0000700005ad2000)]
  0x00007f907b086a00 JavaThread "Notification Thread" daemon [_thread_blocked, id=25091, stack(0x0000700005ad5000,0x0000700005bd5000)]
  0x00007f907c05ca00 JavaThread "Common-Cleaner" daemon [_thread_blocked, id=40963, stack(0x0000700005cdb000,0x0000700005ddb000)]
  0x00007f907b085200 JavaThread "JavaFX Application Thread" daemon [_thread_in_native, id=259, stack(0x00007ff7b4ea3000,0x00007ff7b56a3000)]
  0x00007f907b0eb000 JavaThread "AWT-Shutdown" [_thread_blocked, id=35075, stack(0x0000700005ee4000,0x0000700005fe4000)]
  0x00007f907c041600 JavaThread "QuantumRenderer-0" daemon [_thread_blocked, id=46871, stack(0x000070000606a000,0x000070000616a000)]
=>0x00007f907b203000 JavaThread "InvokeLaterDispatcher" daemon [_thread_in_native, id=75787, stack(0x00007000062f3000,0x00007000063f3000)]
  0x00007f907c10fa00 JavaThread "Java2D Queue Flusher" daemon [_thread_blocked, id=58651, stack(0x0000700006479000,0x0000700006579000)]
  0x00007f907a315800 JavaThread "Java2D Disposer" daemon [_thread_blocked, id=70671, stack(0x000070000616d000,0x000070000626d000)]
  0x00007f907b206c00 JavaThread "Image Fetcher 0" daemon [_thread_blocked, id=71943, stack(0x000070000657c000,0x000070000667c000)]
  0x00007f907ba99200 JavaThread "AWT-EventQueue-0" [_thread_blocked, id=63239, stack(0x0000700006988000,0x0000700006a88000)]
  0x00007f907a00ea00 JavaThread "DestroyJavaVM" [_thread_blocked, id=6659, stack(0x0000700004aa2000,0x0000700004ba2000)]
  0x00007f907c1e0000 JavaThread "JFXMedia Player EventQueueThread" daemon [_thread_blocked, id=65287, stack(0x0000700006b8e000,0x0000700006c8e000)]
  0x00007f907c1d4800 JavaThread "Media Resource Disposer" daemon [_thread_blocked, id=118787, stack(0x0000700006e1a000,0x0000700006f1a000)]
  0x00007f907c376200 JavaThread "Timer-0" daemon [_thread_blocked, id=118039, stack(0x0000700006fa0000,0x00007000070a0000)]

Other Threads:
  0x00007f907ab05640 VMThread "VM Thread" [stack: 0x00007000050b4000,0x00007000051b4000] [id=14339]
  0x00007f907ab15070 WatcherThread [stack: 0x0000700005bd8000,0x0000700005cd8000] [id=41219]
  0x00007f907aa05c20 GCTaskThread "GC Thread#0" [stack: 0x0000700004ba5000,0x0000700004ca5000] [id=19459]
  0x00007f907aa257a0 GCTaskThread "GC Thread#1" [stack: 0x000070000667f000,0x000070000677f000] [id=58135]
  0x00007f907aa261b0 GCTaskThread "GC Thread#2" [stack: 0x0000700006782000,0x0000700006882000] [id=60931]
  0x00007f907a830d70 GCTaskThread "GC Thread#3" [stack: 0x0000700006885000,0x0000700006985000] [id=61187]
  0x00007f9079f060e0 ConcurrentGCThread "G1 Main Marker" [stack: 0x0000700004ca8000,0x0000700004da8000] [id=12035]
  0x00007f907aa06090 ConcurrentGCThread "G1 Conc#0" [stack: 0x0000700004dab000,0x0000700004eab000] [id=12291]
  0x00007f9079f06960 ConcurrentGCThread "G1 Refine#0" [stack: 0x0000700004eae000,0x0000700004fae000] [id=13059]
  0x00007f907aa068f0 ConcurrentGCThread "G1 Service" [stack: 0x0000700004fb1000,0x00007000050b1000] [id=18179]

Threads with active compile tasks:

VM state: not at safepoint (normal execution)

VM Mutex/Monitor currently owned by a thread: None

Heap address: 0x0000000780000000, size: 2048 MB, Compressed Oops mode: Zero based, Oop shift amount: 3

CDS archive(s) not mapped
Compressed class space mapped at: 0x0000000800000000-0x0000000840000000, reserved size: 1073741824
Narrow klass base: 0x0000000800000000, Narrow klass shift: 0, Narrow klass range: 0x40000000

GC Precious Log:
 CPUs: 4 total, 4 available
 Memory: 8192M
 Large Page Support: Disabled
 NUMA Support: Disabled
 Compressed Oops: Enabled (Zero based)
 Heap Region Size: 1M
 Heap Min Capacity: 8M
 Heap Initial Capacity: 128M
 Heap Max Capacity: 2G
 Pre-touch: Disabled
 Parallel Workers: 4
 Concurrent Workers: 1
 Concurrent Refinement Workers: 4
 Periodic GC: Disabled

Heap:
 garbage-first heap   total 131072K, used 25869K [0x0000000780000000, 0x0000000800000000)
  region size 1024K, 12 young (12288K), 2 survivors (2048K)
 Metaspace       used 19244K, committed 19520K, reserved 1073152K
  class space    used 2078K, committed 2240K, reserved 1048576K

Heap Regions: E=young(eden), S=young(survivor), O=old, HS=humongous(starts), HC=humongous(continues), CS=collection set, F=free, OA=open archive, CA=closed archive, TAMS=top-at-mark-start (previous, next)
|   0|0x0000000780000000, 0x0000000780100000, 0x0000000780100000|100%|HS|  |TAMS 0x0000000780000000, 0x0000000780000000| Complete 
|   1|0x0000000780100000, 0x0000000780200000, 0x0000000780200000|100%|HC|  |TAMS 0x0000000780100000, 0x0000000780100000| Complete 
|   2|0x0000000780200000, 0x0000000780300000, 0x0000000780300000|100%| O|  |TAMS 0x0000000780200000, 0x0000000780200000| Untracked 
|   3|0x0000000780300000, 0x0000000780400000, 0x0000000780400000|100%| O|  |TAMS 0x0000000780300000, 0x0000000780300000| Untracked 
|   4|0x0000000780400000, 0x0000000780500000, 0x0000000780500000|100%|HS|  |TAMS 0x0000000780400000, 0x0000000780400000| Complete 
|   5|0x0000000780500000, 0x0000000780600000, 0x0000000780600000|100%|HC|  |TAMS 0x0000000780500000, 0x0000000780500000| Complete 
|   6|0x0000000780600000, 0x0000000780700000, 0x0000000780700000|100%|HC|  |TAMS 0x0000000780600000, 0x0000000780600000| Complete 
|   7|0x0000000780700000, 0x0000000780800000, 0x0000000780800000|100%|HS|  |TAMS 0x0000000780700000, 0x0000000780700000| Complete 
|   8|0x0000000780800000, 0x0000000780900000, 0x0000000780900000|100%|HC|  |TAMS 0x0000000780800000, 0x0000000780800000| Complete 
|   9|0x0000000780900000, 0x0000000780a00000, 0x0000000780a00000|100%|HC|  |TAMS 0x0000000780900000, 0x0000000780900000| Complete 
|  10|0x0000000780a00000, 0x0000000780b00000, 0x0000000780b00000|100%| O|  |TAMS 0x0000000780a00000, 0x0000000780a00000| Untracked 
|  11|0x0000000780b00000, 0x0000000780b47800, 0x0000000780c00000| 27%| O|  |TAMS 0x0000000780b00000, 0x0000000780b00000| Untracked 
|  12|0x0000000780c00000, 0x0000000780d00000, 0x0000000780d00000|100%|HS|  |TAMS 0x0000000780c00000, 0x0000000780c00000| Complete 
|  13|0x0000000780d00000, 0x0000000780e00000, 0x0000000780e00000|100%|HC|  |TAMS 0x0000000780d00000, 0x0000000780d00000| Complete 
|  14|0x0000000780e00000, 0x0000000780f00000, 0x0000000780f00000|100%|HC|  |TAMS 0x0000000780e00000, 0x0000000780e00000| Complete 
|  15|0x0000000780f00000, 0x0000000780f00000, 0x0000000781000000|  0%| F|  |TAMS 0x0000000780f00000, 0x0000000780f00000| Untracked 
|  16|0x0000000781000000, 0x0000000781000000, 0x0000000781100000|  0%| F|  |TAMS 0x0000000781000000, 0x0000000781000000| Untracked 
|  17|0x0000000781100000, 0x0000000781100000, 0x0000000781200000|  0%| F|  |TAMS 0x0000000781100000, 0x0000000781100000| Untracked 
|  18|0x0000000781200000, 0x0000000781200000, 0x0000000781300000|  0%| F|  |TAMS 0x0000000781200000, 0x0000000781200000| Untracked 
|  19|0x0000000781300000, 0x0000000781300000, 0x0000000781400000|  0%| F|  |TAMS 0x0000000781300000, 0x0000000781300000| Untracked 
|  20|0x0000000781400000, 0x0000000781400000, 0x0000000781500000|  0%| F|  |TAMS 0x0000000781400000, 0x0000000781400000| Untracked 
|  21|0x0000000781500000, 0x0000000781500000, 0x0000000781600000|  0%| F|  |TAMS 0x0000000781500000, 0x0000000781500000| Untracked 
|  22|0x0000000781600000, 0x0000000781600000, 0x0000000781700000|  0%| F|  |TAMS 0x0000000781600000, 0x0000000781600000| Untracked 
|  23|0x0000000781700000, 0x0000000781700000, 0x0000000781800000|  0%| F|  |TAMS 0x0000000781700000, 0x0000000781700000| Untracked 
|  24|0x0000000781800000, 0x0000000781800000, 0x0000000781900000|  0%| F|  |TAMS 0x0000000781800000, 0x0000000781800000| Untracked 
|  25|0x0000000781900000, 0x0000000781900000, 0x0000000781a00000|  0%| F|  |TAMS 0x0000000781900000, 0x0000000781900000| Untracked 
|  26|0x0000000781a00000, 0x0000000781a00000, 0x0000000781b00000|  0%| F|  |TAMS 0x0000000781a00000, 0x0000000781a00000| Untracked 
|  27|0x0000000781b00000, 0x0000000781b00000, 0x0000000781c00000|  0%| F|  |TAMS 0x0000000781b00000, 0x0000000781b00000| Untracked 
|  28|0x0000000781c00000, 0x0000000781c00000, 0x0000000781d00000|  0%| F|  |TAMS 0x0000000781c00000, 0x0000000781c00000| Untracked 
|  29|0x0000000781d00000, 0x0000000781d00000, 0x0000000781e00000|  0%| F|  |TAMS 0x0000000781d00000, 0x0000000781d00000| Untracked 
|  30|0x0000000781e00000, 0x0000000781e00000, 0x0000000781f00000|  0%| F|  |TAMS 0x0000000781e00000, 0x0000000781e00000| Untracked 
|  31|0x0000000781f00000, 0x0000000781f00000, 0x0000000782000000|  0%| F|  |TAMS 0x0000000781f00000, 0x0000000781f00000| Untracked 
|  32|0x0000000782000000, 0x0000000782000000, 0x0000000782100000|  0%| F|  |TAMS 0x0000000782000000, 0x0000000782000000| Untracked 
|  33|0x0000000782100000, 0x0000000782100000, 0x0000000782200000|  0%| F|  |TAMS 0x0000000782100000, 0x0000000782100000| Untracked 
|  34|0x0000000782200000, 0x0000000782200000, 0x0000000782300000|  0%| F|  |TAMS 0x0000000782200000, 0x0000000782200000| Untracked 
|  35|0x0000000782300000, 0x0000000782300000, 0x0000000782400000|  0%| F|  |TAMS 0x0000000782300000, 0x0000000782300000| Untracked 
|  36|0x0000000782400000, 0x0000000782400000, 0x0000000782500000|  0%| F|  |TAMS 0x0000000782400000, 0x0000000782400000| Untracked 
|  37|0x0000000782500000, 0x0000000782500000, 0x0000000782600000|  0%| F|  |TAMS 0x0000000782500000, 0x0000000782500000| Untracked 
|  38|0x0000000782600000, 0x0000000782600000, 0x0000000782700000|  0%| F|  |TAMS 0x0000000782600000, 0x0000000782600000| Untracked 
|  39|0x0000000782700000, 0x0000000782700000, 0x0000000782800000|  0%| F|  |TAMS 0x0000000782700000, 0x0000000782700000| Untracked 
|  40|0x0000000782800000, 0x0000000782800000, 0x0000000782900000|  0%| F|  |TAMS 0x0000000782800000, 0x0000000782800000| Untracked 
|  41|0x0000000782900000, 0x0000000782900000, 0x0000000782a00000|  0%| F|  |TAMS 0x0000000782900000, 0x0000000782900000| Untracked 
|  42|0x0000000782a00000, 0x0000000782a00000, 0x0000000782b00000|  0%| F|  |TAMS 0x0000000782a00000, 0x0000000782a00000| Untracked 
|  43|0x0000000782b00000, 0x0000000782b00000, 0x0000000782c00000|  0%| F|  |TAMS 0x0000000782b00000, 0x0000000782b00000| Untracked 
|  44|0x0000000782c00000, 0x0000000782c00000, 0x0000000782d00000|  0%| F|  |TAMS 0x0000000782c00000, 0x0000000782c00000| Untracked 
|  45|0x0000000782d00000, 0x0000000782d00000, 0x0000000782e00000|  0%| F|  |TAMS 0x0000000782d00000, 0x0000000782d00000| Untracked 
|  46|0x0000000782e00000, 0x0000000782e00000, 0x0000000782f00000|  0%| F|  |TAMS 0x0000000782e00000, 0x0000000782e00000| Untracked 
|  47|0x0000000782f00000, 0x0000000782f00000, 0x0000000783000000|  0%| F|  |TAMS 0x0000000782f00000, 0x0000000782f00000| Untracked 
|  48|0x0000000783000000, 0x0000000783000000, 0x0000000783100000|  0%| F|  |TAMS 0x0000000783000000, 0x0000000783000000| Untracked 
|  49|0x0000000783100000, 0x0000000783100000, 0x0000000783200000|  0%| F|  |TAMS 0x0000000783100000, 0x0000000783100000| Untracked 
|  50|0x0000000783200000, 0x0000000783200000, 0x0000000783300000|  0%| F|  |TAMS 0x0000000783200000, 0x0000000783200000| Untracked 
|  51|0x0000000783300000, 0x0000000783300000, 0x0000000783400000|  0%| F|  |TAMS 0x0000000783300000, 0x0000000783300000| Untracked 
|  52|0x0000000783400000, 0x0000000783400000, 0x0000000783500000|  0%| F|  |TAMS 0x0000000783400000, 0x0000000783400000| Untracked 
|  53|0x0000000783500000, 0x0000000783500000, 0x0000000783600000|  0%| F|  |TAMS 0x0000000783500000, 0x0000000783500000| Untracked 
|  54|0x0000000783600000, 0x0000000783600000, 0x0000000783700000|  0%| F|  |TAMS 0x0000000783600000, 0x0000000783600000| Untracked 
|  55|0x0000000783700000, 0x0000000783700000, 0x0000000783800000|  0%| F|  |TAMS 0x0000000783700000, 0x0000000783700000| Untracked 
|  56|0x0000000783800000, 0x0000000783800000, 0x0000000783900000|  0%| F|  |TAMS 0x0000000783800000, 0x0000000783800000| Untracked 
|  57|0x0000000783900000, 0x0000000783900000, 0x0000000783a00000|  0%| F|  |TAMS 0x0000000783900000, 0x0000000783900000| Untracked 
|  58|0x0000000783a00000, 0x0000000783a00000, 0x0000000783b00000|  0%| F|  |TAMS 0x0000000783a00000, 0x0000000783a00000| Untracked 
|  59|0x0000000783b00000, 0x0000000783b00000, 0x0000000783c00000|  0%| F|  |TAMS 0x0000000783b00000, 0x0000000783b00000| Untracked 
|  60|0x0000000783c00000, 0x0000000783c00000, 0x0000000783d00000|  0%| F|  |TAMS 0x0000000783c00000, 0x0000000783c00000| Untracked 
|  61|0x0000000783d00000, 0x0000000783d00000, 0x0000000783e00000|  0%| F|  |TAMS 0x0000000783d00000, 0x0000000783d00000| Untracked 
|  62|0x0000000783e00000, 0x0000000783e00000, 0x0000000783f00000|  0%| F|  |TAMS 0x0000000783e00000, 0x0000000783e00000| Untracked 
|  63|0x0000000783f00000, 0x0000000783f00000, 0x0000000784000000|  0%| F|  |TAMS 0x0000000783f00000, 0x0000000783f00000| Untracked 
|  64|0x0000000784000000, 0x0000000784000000, 0x0000000784100000|  0%| F|  |TAMS 0x0000000784000000, 0x0000000784000000| Untracked 
|  65|0x0000000784100000, 0x0000000784100000, 0x0000000784200000|  0%| F|  |TAMS 0x0000000784100000, 0x0000000784100000| Untracked 
|  66|0x0000000784200000, 0x0000000784200000, 0x0000000784300000|  0%| F|  |TAMS 0x0000000784200000, 0x0000000784200000| Untracked 
|  67|0x0000000784300000, 0x0000000784300000, 0x0000000784400000|  0%| F|  |TAMS 0x0000000784300000, 0x0000000784300000| Untracked 
|  68|0x0000000784400000, 0x0000000784400000, 0x0000000784500000|  0%| F|  |TAMS 0x0000000784400000, 0x0000000784400000| Untracked 
|  69|0x0000000784500000, 0x0000000784500000, 0x0000000784600000|  0%| F|  |TAMS 0x0000000784500000, 0x0000000784500000| Untracked 
|  70|0x0000000784600000, 0x0000000784600000, 0x0000000784700000|  0%| F|  |TAMS 0x0000000784600000, 0x0000000784600000| Untracked 
|  71|0x0000000784700000, 0x0000000784700000, 0x0000000784800000|  0%| F|  |TAMS 0x0000000784700000, 0x0000000784700000| Untracked 
|  72|0x0000000784800000, 0x0000000784800000, 0x0000000784900000|  0%| F|  |TAMS 0x0000000784800000, 0x0000000784800000| Untracked 
|  73|0x0000000784900000, 0x0000000784900000, 0x0000000784a00000|  0%| F|  |TAMS 0x0000000784900000, 0x0000000784900000| Untracked 
|  74|0x0000000784a00000, 0x0000000784a00000, 0x0000000784b00000|  0%| F|  |TAMS 0x0000000784a00000, 0x0000000784a00000| Untracked 
|  75|0x0000000784b00000, 0x0000000784b00000, 0x0000000784c00000|  0%| F|  |TAMS 0x0000000784b00000, 0x0000000784b00000| Untracked 
|  76|0x0000000784c00000, 0x0000000784c00000, 0x0000000784d00000|  0%| F|  |TAMS 0x0000000784c00000, 0x0000000784c00000| Untracked 
|  77|0x0000000784d00000, 0x0000000784d00000, 0x0000000784e00000|  0%| F|  |TAMS 0x0000000784d00000, 0x0000000784d00000| Untracked 
|  78|0x0000000784e00000, 0x0000000784e00000, 0x0000000784f00000|  0%| F|  |TAMS 0x0000000784e00000, 0x0000000784e00000| Untracked 
|  79|0x0000000784f00000, 0x0000000784f00000, 0x0000000785000000|  0%| F|  |TAMS 0x0000000784f00000, 0x0000000784f00000| Untracked 
|  80|0x0000000785000000, 0x0000000785000000, 0x0000000785100000|  0%| F|  |TAMS 0x0000000785000000, 0x0000000785000000| Untracked 
|  81|0x0000000785100000, 0x0000000785100000, 0x0000000785200000|  0%| F|  |TAMS 0x0000000785100000, 0x0000000785100000| Untracked 
|  82|0x0000000785200000, 0x0000000785200000, 0x0000000785300000|  0%| F|  |TAMS 0x0000000785200000, 0x0000000785200000| Untracked 
|  83|0x0000000785300000, 0x0000000785300000, 0x0000000785400000|  0%| F|  |TAMS 0x0000000785300000, 0x0000000785300000| Untracked 
|  84|0x0000000785400000, 0x0000000785400000, 0x0000000785500000|  0%| F|  |TAMS 0x0000000785400000, 0x0000000785400000| Untracked 
|  85|0x0000000785500000, 0x0000000785500000, 0x0000000785600000|  0%| F|  |TAMS 0x0000000785500000, 0x0000000785500000| Untracked 
|  86|0x0000000785600000, 0x0000000785600000, 0x0000000785700000|  0%| F|  |TAMS 0x0000000785600000, 0x0000000785600000| Untracked 
|  87|0x0000000785700000, 0x0000000785700000, 0x0000000785800000|  0%| F|  |TAMS 0x0000000785700000, 0x0000000785700000| Untracked 
|  88|0x0000000785800000, 0x0000000785800000, 0x0000000785900000|  0%| F|  |TAMS 0x0000000785800000, 0x0000000785800000| Untracked 
|  89|0x0000000785900000, 0x0000000785900000, 0x0000000785a00000|  0%| F|  |TAMS 0x0000000785900000, 0x0000000785900000| Untracked 
|  90|0x0000000785a00000, 0x0000000785a00000, 0x0000000785b00000|  0%| F|  |TAMS 0x0000000785a00000, 0x0000000785a00000| Untracked 
|  91|0x0000000785b00000, 0x0000000785b00000, 0x0000000785c00000|  0%| F|  |TAMS 0x0000000785b00000, 0x0000000785b00000| Untracked 
|  92|0x0000000785c00000, 0x0000000785c00000, 0x0000000785d00000|  0%| F|  |TAMS 0x0000000785c00000, 0x0000000785c00000| Untracked 
|  93|0x0000000785d00000, 0x0000000785d00000, 0x0000000785e00000|  0%| F|  |TAMS 0x0000000785d00000, 0x0000000785d00000| Untracked 
|  94|0x0000000785e00000, 0x0000000785e00000, 0x0000000785f00000|  0%| F|  |TAMS 0x0000000785e00000, 0x0000000785e00000| Untracked 
|  95|0x0000000785f00000, 0x0000000785f00000, 0x0000000786000000|  0%| F|  |TAMS 0x0000000785f00000, 0x0000000785f00000| Untracked 
|  96|0x0000000786000000, 0x0000000786000000, 0x0000000786100000|  0%| F|  |TAMS 0x0000000786000000, 0x0000000786000000| Untracked 
|  97|0x0000000786100000, 0x0000000786100000, 0x0000000786200000|  0%| F|  |TAMS 0x0000000786100000, 0x0000000786100000| Untracked 
|  98|0x0000000786200000, 0x0000000786200000, 0x0000000786300000|  0%| F|  |TAMS 0x0000000786200000, 0x0000000786200000| Untracked 
|  99|0x0000000786300000, 0x0000000786300000, 0x0000000786400000|  0%| F|  |TAMS 0x0000000786300000, 0x0000000786300000| Untracked 
| 100|0x0000000786400000, 0x0000000786400000, 0x0000000786500000|  0%| F|  |TAMS 0x0000000786400000, 0x0000000786400000| Untracked 
| 101|0x0000000786500000, 0x0000000786500000, 0x0000000786600000|  0%| F|  |TAMS 0x0000000786500000, 0x0000000786500000| Untracked 
| 102|0x0000000786600000, 0x0000000786600000, 0x0000000786700000|  0%| F|  |TAMS 0x0000000786600000, 0x0000000786600000| Untracked 
| 103|0x0000000786700000, 0x0000000786700000, 0x0000000786800000|  0%| F|  |TAMS 0x0000000786700000, 0x0000000786700000| Untracked 
| 104|0x0000000786800000, 0x0000000786800000, 0x0000000786900000|  0%| F|  |TAMS 0x0000000786800000, 0x0000000786800000| Untracked 
| 105|0x0000000786900000, 0x0000000786900000, 0x0000000786a00000|  0%| F|  |TAMS 0x0000000786900000, 0x0000000786900000| Untracked 
| 106|0x0000000786a00000, 0x0000000786a00000, 0x0000000786b00000|  0%| F|  |TAMS 0x0000000786a00000, 0x0000000786a00000| Untracked 
| 107|0x0000000786b00000, 0x0000000786b00000, 0x0000000786c00000|  0%| F|  |TAMS 0x0000000786b00000, 0x0000000786b00000| Untracked 
| 108|0x0000000786c00000, 0x0000000786c00000, 0x0000000786d00000|  0%| F|  |TAMS 0x0000000786c00000, 0x0000000786c00000| Untracked 
| 109|0x0000000786d00000, 0x0000000786d00000, 0x0000000786e00000|  0%| F|  |TAMS 0x0000000786d00000, 0x0000000786d00000| Untracked 
| 110|0x0000000786e00000, 0x0000000786e00000, 0x0000000786f00000|  0%| F|  |TAMS 0x0000000786e00000, 0x0000000786e00000| Untracked 
| 111|0x0000000786f00000, 0x0000000786f00000, 0x0000000787000000|  0%| F|  |TAMS 0x0000000786f00000, 0x0000000786f00000| Untracked 
| 112|0x0000000787000000, 0x00000007870fbde0, 0x0000000787100000| 98%| S|CS|TAMS 0x0000000787000000, 0x0000000787000000| Complete 
| 113|0x0000000787100000, 0x0000000787100000, 0x0000000787200000|  0%| F|  |TAMS 0x0000000787100000, 0x0000000787100000| Untracked 
| 114|0x0000000787200000, 0x0000000787200000, 0x0000000787300000|  0%| F|  |TAMS 0x0000000787200000, 0x0000000787200000| Untracked 
| 115|0x0000000787300000, 0x0000000787400000, 0x0000000787400000|100%| S|CS|TAMS 0x0000000787300000, 0x0000000787300000| Complete 
| 116|0x0000000787400000, 0x0000000787400000, 0x0000000787500000|  0%| F|  |TAMS 0x0000000787400000, 0x0000000787400000| Untracked 
| 117|0x0000000787500000, 0x0000000787500000, 0x0000000787600000|  0%| F|  |TAMS 0x0000000787500000, 0x0000000787500000| Untracked 
| 118|0x0000000787600000, 0x000000078760e9c0, 0x0000000787700000|  5%| E|  |TAMS 0x0000000787600000, 0x0000000787600000| Complete 
| 119|0x0000000787700000, 0x0000000787800000, 0x0000000787800000|100%| E|CS|TAMS 0x0000000787700000, 0x0000000787700000| Complete 
| 120|0x0000000787800000, 0x0000000787900000, 0x0000000787900000|100%| E|CS|TAMS 0x0000000787800000, 0x0000000787800000| Complete 
| 121|0x0000000787900000, 0x0000000787a00000, 0x0000000787a00000|100%| E|CS|TAMS 0x0000000787900000, 0x0000000787900000| Complete 
| 122|0x0000000787a00000, 0x0000000787b00000, 0x0000000787b00000|100%| E|CS|TAMS 0x0000000787a00000, 0x0000000787a00000| Complete 
| 123|0x0000000787b00000, 0x0000000787c00000, 0x0000000787c00000|100%| E|CS|TAMS 0x0000000787b00000, 0x0000000787b00000| Complete 
| 124|0x0000000787c00000, 0x0000000787d00000, 0x0000000787d00000|100%| E|CS|TAMS 0x0000000787c00000, 0x0000000787c00000| Complete 
| 125|0x0000000787d00000, 0x0000000787e00000, 0x0000000787e00000|100%| E|CS|TAMS 0x0000000787d00000, 0x0000000787d00000| Complete 
| 126|0x0000000787e00000, 0x0000000787f00000, 0x0000000787f00000|100%| E|CS|TAMS 0x0000000787e00000, 0x0000000787e00000| Complete 
| 127|0x0000000787f00000, 0x0000000788000000, 0x0000000788000000|100%| E|CS|TAMS 0x0000000787f00000, 0x0000000787f00000| Complete 

Card table byte_map: [0x000000010b01c000,0x000000010b41c000] _byte_map_base: 0x000000010741c000

Marking Bits (Prev, Next): (CMBitMap*) 0x00007f907a014c10, (CMBitMap*) 0x00007f907a014c50
 Prev Bits: [0x0000000110253000, 0x0000000112253000)
 Next Bits: [0x0000000112253000, 0x0000000114253000)

Polling page: 0x000000010a998000

Metaspace:

Usage:
  Non-class:     16.76 MB used.
      Class:      2.03 MB used.
       Both:     18.79 MB used.

Virtual space:
  Non-class space:       24.00 MB reserved,      16.88 MB ( 70%) committed,  3 nodes.
      Class space:        1.00 GB reserved,       2.19 MB ( <1%) committed,  1 nodes.
             Both:        1.02 GB reserved,      19.06 MB (  2%) committed. 

Chunk freelists:
   Non-Class:  2.56 MB
       Class:  1.67 MB
        Both:  4.23 MB

MaxMetaspaceSize: unlimited
CompressedClassSpaceSize: 1.00 GB
Initial GC threshold: 21.00 MB
Current GC threshold: 21.00 MB
CDS: off
MetaspaceReclaimPolicy: balanced
 - commit_granule_bytes: 65536.
 - commit_granule_words: 8192.
 - virtual_space_node_default_size: 1048576.
 - enlarge_chunks_in_place: 1.
 - new_chunks_are_fully_committed: 0.
 - uncommit_free_chunks: 1.
 - use_allocation_guard: 0.
 - handle_deallocations: 1.


Internal statistics:

num_allocs_failed_limit: 0.
num_arena_births: 174.
num_arena_deaths: 0.
num_vsnodes_births: 4.
num_vsnodes_deaths: 0.
num_space_committed: 305.
num_space_uncommitted: 0.
num_chunks_returned_to_freelist: 0.
num_chunks_taken_from_freelist: 364.
num_chunk_merges: 0.
num_chunk_splits: 227.
num_chunks_enlarged: 152.
num_purges: 0.
num_inconsistent_stats: 0.

CodeHeap 'non-profiled nmethods': size=120032Kb used=440Kb max_used=440Kb free=119591Kb
 bounds [0x000000011d0da000, 0x000000011d34a000, 0x0000000124612000]
CodeHeap 'profiled nmethods': size=120028Kb used=2369Kb max_used=2369Kb free=117658Kb
 bounds [0x0000000115ba3000, 0x0000000115e13000, 0x000000011d0da000]
CodeHeap 'non-nmethods': size=5700Kb used=1364Kb max_used=1423Kb free=4335Kb
 bounds [0x0000000115612000, 0x0000000115882000, 0x0000000115ba3000]
 total_blobs=1999 nmethods=1278 adapters=635
 compilation: enabled
              stopped_count=0, restarted_count=0
 full_count=0

Compilation events (20 events):
Event: 2.773 Thread 0x00007f907b061400 1263   !   3       sun.awt.PostEventQueue::flush (168 bytes)
Event: 2.773 Thread 0x00007f907b061400 nmethod 1263 0x0000000115decd10 code [0x0000000115decfc0, 0x0000000115dedd40]
Event: 2.788 Thread 0x00007f907b061400 1264   !   3       sun.lwawt.LWComponentPeer::getBounds (22 bytes)
Event: 2.788 Thread 0x00007f907b061400 nmethod 1264 0x0000000115dee390 code [0x0000000115dee540, 0x0000000115dee780]
Event: 2.790 Thread 0x00007f907b061400 1265       1       java.awt.event.MouseEvent::getX (5 bytes)
Event: 2.790 Thread 0x00007f907b061400 nmethod 1265 0x000000011d146e90 code [0x000000011d147020, 0x000000011d1470f0]
Event: 2.790 Thread 0x00007f907b061400 1266       1       java.awt.event.MouseEvent::getY (5 bytes)
Event: 2.790 Thread 0x00007f907b061400 nmethod 1266 0x000000011d147190 code [0x000000011d147320, 0x000000011d1473f0]
Event: 2.796 Thread 0x00007f907b061400 1267       3       java.util.concurrent.locks.ReentrantLock$Sync::isHeldExclusively (16 bytes)
Event: 2.796 Thread 0x00007f907b061400 nmethod 1267 0x0000000115dee910 code [0x0000000115deeac0, 0x0000000115deec50]
Event: 2.796 Thread 0x00007f907b061400 1268       3       java.awt.event.InputEvent::getModifiers (8 bytes)
Event: 2.796 Thread 0x00007f907b061400 nmethod 1268 0x0000000115deed10 code [0x0000000115deeea0, 0x0000000115deefb0]
Event: 2.801 Thread 0x00007f907b061400 1269       1       sun.lwawt.macosx.NSEvent::getType (5 bytes)
Event: 2.802 Thread 0x00007f907b061400 nmethod 1269 0x000000011d147490 code [0x000000011d147620, 0x000000011d1476f0]
Event: 2.803 Thread 0x00007f907b061400 1270       3       java.awt.GraphicsEnvironment::isHeadless (4 bytes)
Event: 2.804 Thread 0x00007f907b061400 nmethod 1270 0x0000000115def010 code [0x0000000115def220, 0x0000000115def8b0]
Event: 2.805 Thread 0x00007f907b061400 1271       3       sun.util.logging.PlatformLogger::isLoggable (23 bytes)
Event: 2.805 Thread 0x00007f907b061400 nmethod 1271 0x0000000115defb10 code [0x0000000115defce0, 0x0000000115deffb0]
Event: 2.805 Thread 0x00007f907b061400 1272       3       sun.util.logging.internal.LoggingProviderImpl$JULWrapper::isLoggable (12 bytes)
Event: 2.805 Thread 0x00007f907b061400 nmethod 1272 0x0000000115df0090 code [0x0000000115df0240, 0x0000000115df0520]

GC Heap History (4 events):
Event: 1.243 GC heap before
{Heap before GC invocations=0 (full 0):
 garbage-first heap   total 131072K, used 14336K [0x0000000780000000, 0x0000000800000000)
  region size 1024K, 13 young (13312K), 0 survivors (0K)
 Metaspace       used 14517K, committed 14720K, reserved 1064960K
  class space    used 1453K, committed 1536K, reserved 1048576K
}
Event: 1.251 GC heap after
{Heap after GC invocations=1 (full 0):
 garbage-first heap   total 131072K, used 5446K [0x0000000780000000, 0x0000000800000000)
  region size 1024K, 2 young (2048K), 2 survivors (2048K)
 Metaspace       used 14517K, committed 14720K, reserved 1064960K
  class space    used 1453K, committed 1536K, reserved 1048576K
}
Event: 2.447 GC heap before
{Heap before GC invocations=1 (full 0):
 garbage-first heap   total 131072K, used 23878K [0x0000000780000000, 0x0000000800000000)
  region size 1024K, 14 young (14336K), 2 survivors (2048K)
 Metaspace       used 18225K, committed 18432K, reserved 1073152K
  class space    used 1898K, committed 1984K, reserved 1048576K
}
Event: 2.451 GC heap after
{Heap after GC invocations=2 (full 0):
 garbage-first heap   total 131072K, used 13581K [0x0000000780000000, 0x0000000800000000)
  region size 1024K, 2 young (2048K), 2 survivors (2048K)
 Metaspace       used 18225K, committed 18432K, reserved 1073152K
  class space    used 1898K, committed 1984K, reserved 1048576K
}

Deoptimization events (20 events):
Event: 0.872 Thread 0x00007f907c041600 DEOPT PACKING pc=0x0000000115c60aee sp=0x0000700006168060
Event: 0.872 Thread 0x00007f907c041600 DEOPT UNPACKING pc=0x000000011566482f sp=0x00007000061674d0 mode 0
Event: 0.901 Thread 0x00007f907b085200 DEOPT PACKING pc=0x0000000115c60aee sp=0x00007ff7b56979f0
Event: 0.901 Thread 0x00007f907b085200 DEOPT UNPACKING pc=0x000000011566482f sp=0x00007ff7b5696e60 mode 0
Event: 0.909 Thread 0x00007f907b085200 DEOPT PACKING pc=0x0000000115c60aee sp=0x00007ff7b569c560
Event: 0.909 Thread 0x00007f907b085200 DEOPT UNPACKING pc=0x000000011566482f sp=0x00007ff7b569b9d0 mode 0
Event: 2.258 Thread 0x00007f907b085200 Uncommon trap: trap_request=0xffffff45 fr.pc=0x000000011d109130 relative=0x00000000000004f0
Event: 2.258 Thread 0x00007f907b085200 Uncommon trap: reason=unstable_if action=reinterpret pc=0x000000011d109130 method=java.lang.StringLatin1.replace([BCC)Ljava/lang/String; @ 19 c2
Event: 2.258 Thread 0x00007f907b085200 DEOPT PACKING pc=0x000000011d109130 sp=0x00007ff7b569dc00
Event: 2.258 Thread 0x00007f907b085200 DEOPT UNPACKING pc=0x0000000115664099 sp=0x00007ff7b569dba0 mode 2
Event: 2.333 Thread 0x00007f907b206c00 DEOPT PACKING pc=0x0000000115d5cf8a sp=0x000070000667b6d0
Event: 2.333 Thread 0x00007f907b206c00 DEOPT UNPACKING pc=0x000000011566482f sp=0x000070000667ad20 mode 0
Event: 2.373 Thread 0x00007f907b085200 Uncommon trap: trap_request=0xffffff45 fr.pc=0x000000011d108090 relative=0x0000000000000670
Event: 2.373 Thread 0x00007f907b085200 Uncommon trap: reason=unstable_if action=reinterpret pc=0x000000011d108090 method=java.lang.AbstractStringBuilder.append(Ljava/lang/String;)Ljava/lang/AbstractStringBuilder; @ 1 c2
Event: 2.373 Thread 0x00007f907b085200 DEOPT PACKING pc=0x000000011d108090 sp=0x00007ff7b569c860
Event: 2.373 Thread 0x00007f907b085200 DEOPT UNPACKING pc=0x0000000115664099 sp=0x00007ff7b569c7f0 mode 2
Event: 2.374 Thread 0x00007f907b085200 Uncommon trap: trap_request=0xffffff45 fr.pc=0x000000011d105400 relative=0x0000000000000660
Event: 2.374 Thread 0x00007f907b085200 Uncommon trap: reason=unstable_if action=reinterpret pc=0x000000011d105400 method=java.lang.AbstractStringBuilder.append(Ljava/lang/String;)Ljava/lang/AbstractStringBuilder; @ 1 c2
Event: 2.374 Thread 0x00007f907b085200 DEOPT PACKING pc=0x000000011d105400 sp=0x00007ff7b569c800
Event: 2.374 Thread 0x00007f907b085200 DEOPT UNPACKING pc=0x0000000115664099 sp=0x00007ff7b569c7e8 mode 2

Classes unloaded (0 events):
No events

Classes redefined (0 events):
No events

Internal exceptions (20 events):
Event: 0.987 Thread 0x00007f907a00ea00 Exception <a 'java/lang/NoSuchMethodError'{0x000000078755c570}: 'java.lang.Object java.lang.invoke.DirectMethodHandle$Holder.newInvokeSpecial(java.lang.Object, java.lang.Object, java.lang.Object, java.lang.Object, java.lang.Object)'> (0x000000078755c570) 
thrown [src/hotspot/share/interpreter/linkResolver.cpp, line 759]
Event: 0.988 Thread 0x00007f907a00ea00 Exception <a 'java/lang/NoSuchMethodError'{0x0000000787567f38}: 'java.lang.Object java.lang.invoke.DirectMethodHandle$Holder.invokeStatic(java.lang.Object, int, java.lang.Object, java.lang.Object, java.lang.Object, java.lang.Object)'> (0x0000000787567f38) 
thrown [src/hotspot/share/interpreter/linkResolver.cpp, line 759]
Event: 0.996 Thread 0x00007f907a00ea00 Exception <a 'java/lang/NoSuchMethodError'{0x000000078758d980}: 'java.lang.Object java.lang.invoke.DirectMethodHandle$Holder.invokeStatic(java.lang.Object, int, java.lang.Object)'> (0x000000078758d980) 
thrown [src/hotspot/share/interpreter/linkResolver.cpp, line 759]
Event: 1.003 Thread 0x00007f907a00ea00 Exception <a 'java/lang/ClassNotFoundException'{0x00000007875bf048}: com/apple/laf/resources/spi/aquaProvider> (0x00000007875bf048) 
thrown [src/hotspot/share/classfile/systemDictionary.cpp, line 256]
Event: 1.217 Thread 0x00007f907a00ea00 Exception <a 'java/lang/ClassNotFoundException'{0x00000007874cab38}: com/sun/swing/internal/plaf/basic/resources/spi/basicProvider> (0x00000007874cab38) 
thrown [src/hotspot/share/classfile/systemDictionary.cpp, line 256]
Event: 1.229 Thread 0x00007f907b206c00 Exception <a 'java/lang/NoSuchMethodError'{0x000000078730c270}: 'java.lang.Object java.lang.invoke.DirectMethodHandle$Holder.newInvokeSpecial(java.lang.Object, java.lang.Object, java.lang.Object, int, int, int, int, int)'> (0x000000078730c270) 
thrown [src/hotspot/share/interpreter/linkResolver.cpp, line 759]
Event: 2.122 Thread 0x00007f907a00ea00 Exception <a 'java/lang/NoSuchMethodError'{0x0000000787d05900}: 'java.lang.Object java.lang.invoke.DirectMethodHandle$Holder.newInvokeSpecial(java.lang.Object, java.lang.Object, java.lang.Object, int, java.lang.Object)'> (0x0000000787d05900) 
thrown [src/hotspot/share/interpreter/linkResolver.cpp, line 759]
Event: 2.152 Thread 0x00007f907a00ea00 Exception <a 'java/lang/NoSuchMethodError'{0x0000000787d1e550}: 'java.lang.Object java.lang.invoke.Invokers$Holder.linkToTargetMethod(int, int, int, int, java.lang.Object)'> (0x0000000787d1e550) 
thrown [src/hotspot/share/interpreter/linkResolver.cpp, line 759]
Event: 2.153 Thread 0x00007f907a00ea00 Exception <a 'java/lang/NoSuchMethodError'{0x0000000787d21f40}: 'void java.lang.invoke.DirectMethodHandle$Holder.invokeStatic(java.lang.Object, java.lang.Object, long)'> (0x0000000787d21f40) 
thrown [src/hotspot/share/interpreter/linkResolver.cpp, line 759]
Event: 2.165 Thread 0x00007f907b085200 Exception <a 'java/lang/NoSuchMethodError'{0x0000000787d78e70}: 'void java.lang.invoke.DirectMethodHandle$Holder.invokeSpecial(java.lang.Object, java.lang.Object, long)'> (0x0000000787d78e70) 
thrown [src/hotspot/share/interpreter/linkResolver.cpp, line 759]
Event: 2.196 Thread 0x00007f907a00ea00 Exception <a 'java/lang/NoSuchMethodError'{0x0000000787dd8ec8}: 'void java.lang.invoke.DirectMethodHandle$Holder.invokeStatic(java.lang.Object, long, long)'> (0x0000000787dd8ec8) 
thrown [src/hotspot/share/interpreter/linkResolver.cpp, line 759]
Event: 2.196 Thread 0x00007f907a00ea00 Exception <a 'java/lang/NoSuchMethodError'{0x0000000787dde4f0}: 'java.lang.Object java.lang.invoke.DirectMethodHandle$Holder.newInvokeSpecial(java.lang.Object, long)'> (0x0000000787dde4f0) 
thrown [src/hotspot/share/interpreter/linkResolver.cpp, line 759]
Event: 2.197 Thread 0x00007f907a00ea00 Exception <a 'java/lang/NoSuchMethodError'{0x0000000787de8738}: 'java.lang.Object java.lang.invoke.DirectMethodHandle$Holder.newInvokeSpecial(java.lang.Object, java.lang.Object, int)'> (0x0000000787de8738) 
thrown [src/hotspot/share/interpreter/linkResolver.cpp, line 759]
Event: 2.208 Thread 0x00007f907b085200 Exception <a 'java/lang/NoSuchMethodError'{0x0000000787daba18}: 'void java.lang.invoke.DirectMethodHandle$Holder.invokeStatic(java.lang.Object, long)'> (0x0000000787daba18) 
thrown [src/hotspot/share/interpreter/linkResolver.cpp, line 759]
Event: 2.373 Thread 0x00007f907b085200 Implicit null exception at 0x000000011d107a54 to 0x000000011d108078
Event: 2.374 Thread 0x00007f907b085200 Implicit null exception at 0x000000011d104dd4 to 0x000000011d1053e8
Event: 2.471 Thread 0x00007f907b085200 Exception <a 'java/lang/NoSuchMethodError'{0x0000000787e0ef68}: 'java.lang.Object java.lang.invoke.DirectMethodHandle$Holder.invokeInterface(java.lang.Object, java.lang.Object)'> (0x0000000787e0ef68) 
thrown [src/hotspot/share/interpreter/linkResolver.cpp, line 759]
Event: 2.568 Thread 0x00007f907b085200 Exception <a 'java/lang/NoSuchMethodError'{0x0000000787b71600}: 'void java.lang.invoke.DirectMethodHandle$Holder.invokeSpecial(java.lang.Object, java.lang.Object, double)'> (0x0000000787b71600) 
thrown [src/hotspot/share/interpreter/linkResolver.cpp, line 759]
Event: 2.569 Thread 0x00007f907b085200 Exception <a 'java/lang/NoSuchMethodError'{0x0000000787b77a58}: 'java.lang.Object java.lang.invoke.DirectMethodHandle$Holder.newInvokeSpecial(java.lang.Object, java.lang.Object, double)'> (0x0000000787b77a58) 
thrown [src/hotspot/share/interpreter/linkResolver.cpp, line 759]
Event: 2.569 Thread 0x00007f907b085200 Exception <a 'java/lang/NoSuchMethodError'{0x0000000787b7b920}: 'java.lang.Object java.lang.invoke.DirectMethodHandle$Holder.invokeSpecial(java.lang.Object, java.lang.Object, java.lang.Object, double)'> (0x0000000787b7b920) 
thrown [src/hotspot/share/interpreter/linkResolver.cpp, line 759]

VM Operations (18 events):
Event: 0.163 Executing VM operation: HandshakeAllThreads
Event: 0.163 Executing VM operation: HandshakeAllThreads done
Event: 0.283 Executing VM operation: HandshakeAllThreads
Event: 0.283 Executing VM operation: HandshakeAllThreads done
Event: 0.688 Executing VM operation: HandshakeAllThreads
Event: 0.688 Executing VM operation: HandshakeAllThreads done
Event: 0.692 Executing VM operation: HandshakeAllThreads
Event: 0.692 Executing VM operation: HandshakeAllThreads done
Event: 1.213 Executing VM operation: HandshakeAllThreads
Event: 1.213 Executing VM operation: HandshakeAllThreads done
Event: 1.213 Executing VM operation: Cleanup
Event: 1.223 Executing VM operation: Cleanup done
Event: 1.243 Executing VM operation: G1CollectForAllocation
Event: 1.251 Executing VM operation: G1CollectForAllocation done
Event: 2.254 Executing VM operation: Cleanup
Event: 2.254 Executing VM operation: Cleanup done
Event: 2.447 Executing VM operation: G1CollectForAllocation
Event: 2.461 Executing VM operation: G1CollectForAllocation done

Events (20 events):
Event: 2.754 Protecting memory [0x0000700006d97000,0x0000700006d9b000] with protection modes 3
Event: 2.754 Thread 0x00007f907b45d600 Thread exited: 0x00007f907b45d600
Event: 2.801 Protecting memory [0x0000700006d97000,0x0000700006d9b000] with protection modes 0
Event: 2.801 Thread 0x00007f907a1df600 Thread added: 0x00007f907a1df600
Event: 2.801 Protecting memory [0x0000700006d97000,0x0000700006d9b000] with protection modes 3
Event: 2.801 Thread 0x00007f907a1df600 Thread exited: 0x00007f907a1df600
Event: 2.801 Protecting memory [0x0000700006d97000,0x0000700006d9b000] with protection modes 0
Event: 2.801 Thread 0x00007f907bc6fe00 Thread added: 0x00007f907bc6fe00
Event: 2.801 Protecting memory [0x0000700006d97000,0x0000700006d9b000] with protection modes 3
Event: 2.801 Thread 0x00007f907bc6fe00 Thread exited: 0x00007f907bc6fe00
Event: 2.801 Protecting memory [0x0000700006d97000,0x0000700006d9b000] with protection modes 0
Event: 2.801 Thread 0x00007f907a1df600 Thread added: 0x00007f907a1df600
Event: 2.801 Protecting memory [0x0000700006d97000,0x0000700006d9b000] with protection modes 3
Event: 2.801 Thread 0x00007f907a1df600 Thread exited: 0x00007f907a1df600
Event: 2.801 Protecting memory [0x0000700006d97000,0x0000700006d9b000] with protection modes 0
Event: 2.801 Thread 0x00007f907b453a00 Thread added: 0x00007f907b453a00
Event: 2.801 Protecting memory [0x0000700006d97000,0x0000700006d9b000] with protection modes 3
Event: 2.801 Thread 0x00007f907b453a00 Thread exited: 0x00007f907b453a00
Event: 2.804 Protecting memory [0x0000700006a8b000,0x0000700006a8f000] with protection modes 3
Event: 2.805 Thread 0x00007f907bb00200 Thread exited: 0x00007f907bb00200


Dynamic libraries:
0x000000010a97a000 	/Users/ying/.p2/pool/plugins/org.eclipse.justj.openjdk.hotspot.jre.full.macosx.x86_64_17.0.4.v20220805-1047/jre/lib/libjli.dylib
0x00007ff80c1e3000 	/usr/lib/libz.1.dylib
0x00007ff80c2c3000 	/usr/lib/libSystem.B.dylib
0x00007ff80c2be000 	/usr/lib/system/libcache.dylib
0x00007ff80c27a000 	/usr/lib/system/libcommonCrypto.dylib
0x00007ff80c2a3000 	/usr/lib/system/libcompiler_rt.dylib
0x00007ff80c299000 	/usr/lib/system/libcopyfile.dylib
0x00007ff80125a000 	/usr/lib/system/libcorecrypto.dylib
0x00007ff801318000 	/usr/lib/system/libdispatch.dylib
0x00007ff8014d8000 	/usr/lib/system/libdyld.dylib
0x00007ff80c2b5000 	/usr/lib/system/libkeymgr.dylib
0x00007ff80c258000 	/usr/lib/system/libmacho.dylib
0x00007ff80b8d9000 	/usr/lib/system/libquarantine.dylib
0x00007ff80c2b3000 	/usr/lib/system/libremovefile.dylib
0x00007ff80646f000 	/usr/lib/system/libsystem_asl.dylib
0x00007ff801203000 	/usr/lib/system/libsystem_blocks.dylib
0x00007ff80139c000 	/usr/lib/system/libsystem_c.dylib
0x00007ff80c2ab000 	/usr/lib/system/libsystem_collections.dylib
0x00007ff80ab8d000 	/usr/lib/system/libsystem_configuration.dylib
0x00007ff809e3a000 	/usr/lib/system/libsystem_containermanager.dylib
0x00007ff80bf90000 	/usr/lib/system/libsystem_coreservices.dylib
0x00007ff803b13000 	/usr/lib/system/libsystem_darwin.dylib
0x00007ff80c2b6000 	/usr/lib/system/libsystem_dnssd.dylib
0x00007ff801399000 	/usr/lib/system/libsystem_featureflags.dylib
0x00007ff8014ee000 	/usr/lib/system/libsystem_info.dylib
0x00007ff80c1f6000 	/usr/lib/system/libsystem_m.dylib
0x00007ff8012ec000 	/usr/lib/system/libsystem_malloc.dylib
0x00007ff80640a000 	/usr/lib/system/libsystem_networkextension.dylib
0x00007ff803f39000 	/usr/lib/system/libsystem_notify.dylib
0x00007ff81252f000 	/usr/lib/system/libsystem_product_info_filter.dylib
0x00007ff80ab91000 	/usr/lib/system/libsystem_sandbox.dylib
0x00007ff80c2b0000 	/usr/lib/system/libsystem_secinit.dylib
0x00007ff801494000 	/usr/lib/system/libsystem_kernel.dylib
0x00007ff8014e4000 	/usr/lib/system/libsystem_platform.dylib
0x00007ff8014cc000 	/usr/lib/system/libsystem_pthread.dylib
0x00007ff807cbb000 	/usr/lib/system/libsystem_symptoms.dylib
0x00007ff801241000 	/usr/lib/system/libsystem_trace.dylib
0x00007ff80c286000 	/usr/lib/system/libunwind.dylib
0x00007ff801205000 	/usr/lib/system/libxpc.dylib
0x00007ff80147e000 	/usr/lib/libc++abi.dylib
0x00007ff80135f000 	/usr/lib/libobjc.A.dylib
0x00007ff80c291000 	/usr/lib/liboah.dylib
0x00007ff801425000 	/usr/lib/libc++.1.dylib
0x00007ff81832e000 	/System/Library/Frameworks/Cocoa.framework/Versions/A/Cocoa
0x00007ff803f97000 	/System/Library/Frameworks/AppKit.framework/Versions/C/AppKit
0x00007ff8074aa000 	/System/Library/Frameworks/CoreData.framework/Versions/A/CoreData
0x00007ff80239b000 	/System/Library/Frameworks/Foundation.framework/Versions/C/Foundation
0x00007ff804e26000 	/System/Library/PrivateFrameworks/UIFoundation.framework/Versions/A/UIFoundation
0x00007ff812232000 	/System/Library/PrivateFrameworks/RemoteViewServices.framework/Versions/A/RemoteViewServices
0x00007ff80a518000 	/System/Library/PrivateFrameworks/XCTTargetBootstrap.framework/Versions/A/XCTTargetBootstrap
0x00007ff80e0ca000 	/System/Library/PrivateFrameworks/InternationalSupport.framework/Versions/A/InternationalSupport
0x00007ff80e154000 	/System/Library/PrivateFrameworks/UserActivity.framework/Versions/A/UserActivity
0x00007ff80d4aa000 	/usr/lib/libspindump.dylib
0x00007ff8050b4000 	/System/Library/Frameworks/UniformTypeIdentifiers.framework/Versions/A/UniformTypeIdentifiers
0x00007ff808c40000 	/usr/lib/libapp_launch_measurement.dylib
0x00007ff807e7b000 	/System/Library/PrivateFrameworks/CoreAnalytics.framework/Versions/A/CoreAnalytics
0x00007ff808c43000 	/System/Library/PrivateFrameworks/CoreAutoLayout.framework/Versions/A/CoreAutoLayout
0x00007ff809e72000 	/System/Library/Frameworks/Metal.framework/Versions/A/Metal
0x00007ff80ab9d000 	/usr/lib/liblangid.dylib
0x00007ff80a51d000 	/System/Library/PrivateFrameworks/CoreSVG.framework/Versions/A/CoreSVG
0x00007ff80649f000 	/System/Library/PrivateFrameworks/SkyLight.framework/Versions/A/SkyLight
0x00007ff80683d000 	/System/Library/Frameworks/CoreGraphics.framework/Versions/A/CoreGraphics
0x00007ff8128f2000 	/System/Library/Frameworks/Accelerate.framework/Versions/A/Accelerate
0x00007ff80cf29000 	/System/Library/PrivateFrameworks/IconServices.framework/Versions/A/IconServices
0x00007ff809e57000 	/System/Library/Frameworks/IOSurface.framework/Versions/A/IOSurface
0x00007ff807ea9000 	/usr/lib/libDiagnosticMessagesClient.dylib
0x00007ff815fd2000 	/System/Library/Frameworks/ApplicationServices.framework/Versions/A/ApplicationServices
0x00007ff80a504000 	/System/Library/PrivateFrameworks/DFRFoundation.framework/Versions/A/DFRFoundation
0x00007ff80387f000 	/usr/lib/libicucore.A.dylib
0x00007ff80eebf000 	/System/Library/Frameworks/AudioToolbox.framework/Versions/A/AudioToolbox
0x00007ff80e0d6000 	/System/Library/PrivateFrameworks/DataDetectorsCore.framework/Versions/A/DataDetectorsCore
0x00007ff90a5bd000 	/System/Library/PrivateFrameworks/TextInput.framework/Versions/A/TextInput
0x00007ff806422000 	/usr/lib/libMobileGestalt.dylib
0x00007ff80a210000 	/System/Library/Frameworks/Carbon.framework/Versions/A/Frameworks/HIToolbox.framework/Versions/A/HIToolbox
0x00007ff808646000 	/System/Library/Frameworks/QuartzCore.framework/Versions/A/QuartzCore
0x00007ff803524000 	/System/Library/Frameworks/Security.framework/Versions/A/Security
0x00007ff81226a000 	/System/Library/Frameworks/Carbon.framework/Versions/A/Frameworks/SpeechRecognition.framework/Versions/A/SpeechRecognition
0x00007ff8089a0000 	/System/Library/PrivateFrameworks/CoreUI.framework/Versions/A/CoreUI
0x00007ff802def000 	/System/Library/Frameworks/CoreAudio.framework/Versions/A/CoreAudio
0x00007ff807f98000 	/System/Library/Frameworks/DiskArbitration.framework/Versions/A/DiskArbitration
0x00007ff80d898000 	/System/Library/PrivateFrameworks/MultitouchSupport.framework/Versions/A/MultitouchSupport
0x00007ff806421000 	/usr/lib/libenergytrace.dylib
0x00007ff803e83000 	/System/Library/Frameworks/IOKit.framework/Versions/A/IOKit
0x00007ff81265a000 	/System/Library/Frameworks/CoreServices.framework/Versions/A/CoreServices
0x00007ff808bda000 	/System/Library/PrivateFrameworks/PerformanceAnalysis.framework/Versions/A/PerformanceAnalysis
0x00007ffa1a2a2000 	/System/Library/Frameworks/OpenGL.framework/Versions/A/OpenGL
0x00007ff80b7ff000 	/System/Library/PrivateFrameworks/MobileKeyBag.framework/Versions/A/MobileKeyBag
0x00007ff806f09000 	/System/Library/Frameworks/ColorSync.framework/Versions/A/ColorSync
0x00007ff801519000 	/System/Library/Frameworks/CoreFoundation.framework/Versions/A/CoreFoundation
0x00007ff80a793000 	/System/Library/Frameworks/CoreImage.framework/Versions/A/CoreImage
0x00007ff802c03000 	/System/Library/Frameworks/CoreText.framework/Versions/A/CoreText
0x00007ff80a54d000 	/System/Library/Frameworks/ImageIO.framework/Versions/A/ImageIO
0x00007ff80c2c9000 	/System/Library/PrivateFrameworks/SoftLinking.framework/Versions/A/SoftLinking
0x00007ff808c8b000 	/usr/lib/libxml2.2.dylib
0x00007ff80c54d000 	/usr/lib/libcompression.dylib
0x00007ff80dffd000 	/System/Library/PrivateFrameworks/TextureIO.framework/Versions/A/TextureIO
0x00007ff80cc3b000 	/usr/lib/libate.dylib
0x00007ff80ca17000 	/usr/lib/liblzma.5.dylib
0x00007ff8020aa000 	/System/Library/Frameworks/SystemConfiguration.framework/Versions/A/SystemConfiguration
0x00007ff80c2c5000 	/usr/lib/libfakelink.dylib
0x00007ff805f7b000 	/System/Library/Frameworks/CFNetwork.framework/Versions/A/CFNetwork
0x00007ff80c406000 	/usr/lib/libarchive.2.dylib
0x00007ff80ab99000 	/System/Library/PrivateFrameworks/AppleSystemInfo.framework/Versions/A/AppleSystemInfo
0x00007ff80b900000 	/usr/lib/libbsm.0.dylib
0x00007ff80558a000 	/usr/lib/libnetwork.dylib
0x00007ff80c25e000 	/usr/lib/system/libkxld.dylib
0x00007ff80b533000 	/System/Library/PrivateFrameworks/IOMobileFramebuffer.framework/Versions/A/IOMobileFramebuffer
0x00007ffb19676000 	/usr/lib/libCoreEntitlements.dylib
0x00007ff80bf72000 	/System/Library/PrivateFrameworks/AppleFSCompression.framework/Versions/A/AppleFSCompression
0x00007ff80b8e8000 	/usr/lib/libcoretls.dylib
0x00007ff80ca31000 	/usr/lib/libcoretls_cfhelpers.dylib
0x00007ff80c548000 	/usr/lib/libpam.2.dylib
0x00007ff8078db000 	/usr/lib/libsqlite3.dylib
0x00007ff80caa0000 	/usr/lib/libxar.1.dylib
0x00007ff80bf82000 	/usr/lib/libbz2.1.0.dylib
0x00007ff80c2ca000 	/usr/lib/libpcap.A.dylib
0x00007ff807cb3000 	/usr/lib/libdns_services.dylib
0x00007ff80c518000 	/usr/lib/libapple_nghttp2.dylib
0x00007ff80c304000 	/usr/lib/libiconv.2.dylib
0x00007ff80c257000 	/usr/lib/libcharset.1.dylib
0x00007ff808c0e000 	/System/Library/Frameworks/CoreServices.framework/Versions/A/Frameworks/FSEvents.framework/Versions/A/FSEvents
0x00007ff803b1d000 	/System/Library/Frameworks/CoreServices.framework/Versions/A/Frameworks/CarbonCore.framework/Versions/A/CarbonCore
0x00007ff807efc000 	/System/Library/Frameworks/CoreServices.framework/Versions/A/Frameworks/Metadata.framework/Versions/A/Metadata
0x00007ff80bf95000 	/System/Library/Frameworks/CoreServices.framework/Versions/A/Frameworks/OSServices.framework/Versions/A/OSServices
0x00007ff80c48d000 	/System/Library/Frameworks/CoreServices.framework/Versions/A/Frameworks/SearchKit.framework/Versions/A/SearchKit
0x00007ff807c46000 	/System/Library/Frameworks/CoreServices.framework/Versions/A/Frameworks/AE.framework/Versions/A/AE
0x00007ff801a1c000 	/System/Library/Frameworks/CoreServices.framework/Versions/A/Frameworks/LaunchServices.framework/Versions/A/LaunchServices
0x00007ff80c9c8000 	/System/Library/Frameworks/CoreServices.framework/Versions/A/Frameworks/DictionaryServices.framework/Versions/A/DictionaryServices
0x00007ff808c1b000 	/System/Library/Frameworks/CoreServices.framework/Versions/A/Frameworks/SharedFileList.framework/Versions/A/SharedFileList
0x00007ff80b8dc000 	/usr/lib/libCheckFix.dylib
0x00007ff806486000 	/System/Library/PrivateFrameworks/TCC.framework/Versions/A/TCC
0x00007ff80ab9f000 	/System/Library/PrivateFrameworks/CoreNLP.framework/Versions/A/CoreNLP
0x00007ff807eac000 	/System/Library/PrivateFrameworks/MetadataUtilities.framework/Versions/A/MetadataUtilities
0x00007ff80215e000 	/usr/lib/libmecabra.dylib
0x00007ff80b910000 	/usr/lib/libmecab.dylib
0x00007ff802129000 	/usr/lib/libCRFSuite.dylib
0x00007ff80b96a000 	/usr/lib/libgermantok.dylib
0x00007ff80c4f3000 	/usr/lib/libThaiTokenizer.dylib
0x00007ff807f9f000 	/System/Library/Frameworks/Accelerate.framework/Versions/A/Frameworks/vImage.framework/Versions/A/vImage
0x00007ff812631000 	/System/Library/Frameworks/Accelerate.framework/Versions/A/Frameworks/vecLib.framework/Versions/A/vecLib
0x00007ff80cae1000 	/System/Library/Frameworks/Accelerate.framework/Versions/A/Frameworks/vecLib.framework/Versions/A/libvMisc.dylib
0x00007ff80b35e000 	/System/Library/Frameworks/Accelerate.framework/Versions/A/Frameworks/vecLib.framework/Versions/A/libvDSP.dylib
0x00007ff801d9a000 	/System/Library/Frameworks/Accelerate.framework/Versions/A/Frameworks/vecLib.framework/Versions/A/libBLAS.dylib
0x00007ff80c62a000 	/System/Library/Frameworks/Accelerate.framework/Versions/A/Frameworks/vecLib.framework/Versions/A/libLAPACK.dylib
0x00007ff80b96d000 	/System/Library/Frameworks/Accelerate.framework/Versions/A/Frameworks/vecLib.framework/Versions/A/libLinearAlgebra.dylib
0x00007ff80c530000 	/System/Library/Frameworks/Accelerate.framework/Versions/A/Frameworks/vecLib.framework/Versions/A/libSparseBLAS.dylib
0x00007ff80c624000 	/System/Library/Frameworks/Accelerate.framework/Versions/A/Frameworks/vecLib.framework/Versions/A/libQuadrature.dylib
0x00007ff80ac8a000 	/System/Library/Frameworks/Accelerate.framework/Versions/A/Frameworks/vecLib.framework/Versions/A/libBNNS.dylib
0x00007ff802034000 	/System/Library/Frameworks/Accelerate.framework/Versions/A/Frameworks/vecLib.framework/Versions/A/libSparse.dylib
0x00007ff80ac83000 	/System/Library/PrivateFrameworks/LinguisticData.framework/Versions/A/LinguisticData
0x00007ff801fea000 	/System/Library/PrivateFrameworks/Lexicon.framework/Versions/A/Lexicon
0x00007ff80cada000 	/usr/lib/libChineseTokenizer.dylib
0x00007ff802758000 	/System/Library/PrivateFrameworks/LanguageModeling.framework/Versions/A/LanguageModeling
0x00007ff80c4f5000 	/System/Library/PrivateFrameworks/AppleSauce.framework/Versions/A/AppleSauce
0x00007ff80b521000 	/System/Library/PrivateFrameworks/CoreEmoji.framework/Versions/A/CoreEmoji
0x00007ff80c3f5000 	/usr/lib/libcmph.dylib
0x00007ff808bf2000 	/System/Library/Frameworks/OpenDirectory.framework/Versions/A/Frameworks/CFOpenDirectory.framework/Versions/A/CFOpenDirectory
0x00007ff808be6000 	/System/Library/Frameworks/OpenDirectory.framework/Versions/A/OpenDirectory
0x00007ff80ca33000 	/System/Library/PrivateFrameworks/APFS.framework/Versions/A/APFS
0x00007ff80b837000 	/System/Library/Frameworks/SecurityFoundation.framework/Versions/A/SecurityFoundation
0x00007ff80caae000 	/usr/lib/libutil.dylib
0x00007ff803e47000 	/System/Library/PrivateFrameworks/CoreServicesStore.framework/Versions/A/CoreServicesStore
0x00007ff80cab2000 	/usr/lib/libxslt.1.dylib
0x00007ff80b8c4000 	/System/Library/PrivateFrameworks/BackgroundTaskManagement.framework/Versions/A/BackgroundTaskManagement
0x00007ff80df1d000 	/System/Library/Frameworks/ImageIO.framework/Versions/A/Resources/libRadiance.dylib
0x00007ff80df26000 	/System/Library/Frameworks/ImageIO.framework/Versions/A/Resources/libJPEG.dylib
0x00007ff80de77000 	/System/Library/Frameworks/ImageIO.framework/Versions/A/Resources/libPng.dylib
0x00007ff80de98000 	/System/Library/Frameworks/ImageIO.framework/Versions/A/Resources/libTIFF.dylib
0x00007ff80df86000 	/System/Library/Frameworks/ImageIO.framework/Versions/A/Resources/libGIF.dylib
0x00007ff80d7b2000 	/System/Library/Frameworks/ImageIO.framework/Versions/A/Resources/libJP2.dylib
0x00007ff80cef0000 	/usr/lib/libexpat.1.dylib
0x00007ff80d767000 	/System/Library/PrivateFrameworks/AppleJPEG.framework/Versions/A/AppleJPEG
0x00007ff80a0d4000 	/System/Library/PrivateFrameworks/FontServices.framework/libFontParser.dylib
0x00007ff807bf0000 	/System/Library/PrivateFrameworks/RunningBoardServices.framework/Versions/A/RunningBoardServices
0x00007ff8188e9000 	/System/Library/PrivateFrameworks/IOSurfaceAccelerator.framework/Versions/A/IOSurfaceAccelerator
0x00007ff80d894000 	/System/Library/PrivateFrameworks/WatchdogClient.framework/Versions/A/WatchdogClient
0x00007ff802846000 	/System/Library/Frameworks/CoreDisplay.framework/Versions/A/CoreDisplay
0x00007ff809fd2000 	/System/Library/Frameworks/CoreMedia.framework/Versions/A/CoreMedia
0x00007ff809e69000 	/System/Library/PrivateFrameworks/IOAccelerator.framework/Versions/A/IOAccelerator
0x00007ff808d6f000 	/System/Library/Frameworks/CoreVideo.framework/Versions/A/CoreVideo
0x00007ff80c546000 	/System/Library/Frameworks/MetalPerformanceShaders.framework/Versions/A/MetalPerformanceShaders
0x00007ff80d8d1000 	/System/Library/Frameworks/VideoToolbox.framework/Versions/A/VideoToolbox
0x00007ff807b3a000 	/System/Library/PrivateFrameworks/BaseBoard.framework/Versions/A/BaseBoard
0x00007ff8078c1000 	/System/Library/PrivateFrameworks/ProtocolBuffer.framework/Versions/A/ProtocolBuffer
0x00007ff80df16000 	/System/Library/PrivateFrameworks/GPUWrangler.framework/Versions/A/GPUWrangler
0x00007ff80defa000 	/System/Library/PrivateFrameworks/IOPresentment.framework/Versions/A/IOPresentment
0x00007ff80df20000 	/System/Library/PrivateFrameworks/DSExternalDisplay.framework/Versions/A/DSExternalDisplay
0x00007ffa1a296000 	/System/Library/Frameworks/OpenGL.framework/Versions/A/Libraries/libCoreFSCache.dylib
0x00007ffb06d9a000 	/System/Library/PrivateFrameworks/GPUCompiler.framework/Versions/31001/Libraries/libGPUCompilerUtils.dylib
0x00007ff80df8b000 	/System/Library/PrivateFrameworks/CMCaptureCore.framework/Versions/A/CMCaptureCore
0x00007ff80d498000 	/System/Library/PrivateFrameworks/AppServerSupport.framework/Versions/A/AppServerSupport
0x00007ff80f757000 	/System/Library/PrivateFrameworks/perfdata.framework/Versions/A/perfdata
0x00007ff802972000 	/System/Library/PrivateFrameworks/AudioToolboxCore.framework/Versions/A/AudioToolboxCore
0x00007ff809fb0000 	/System/Library/PrivateFrameworks/caulk.framework/Versions/A/caulk
0x00007ff80f069000 	/usr/lib/libAudioStatistics.dylib
0x00007ff906d60000 	/System/Library/PrivateFrameworks/SystemPolicy.framework/Versions/A/SystemPolicy
0x00007ff80f2c4000 	/usr/lib/libSMC.dylib
0x00007ff8181e1000 	/System/Library/Frameworks/CoreMIDI.framework/Versions/A/CoreMIDI
0x00007ff80de46000 	/usr/lib/libAudioToolboxUtility.dylib
0x00007ff902f95000 	/System/Library/PrivateFrameworks/OSAServicesClient.framework/Versions/A/OSAServicesClient
0x00007ff80f764000 	/usr/lib/libperfcheck.dylib
0x00007ff90780a000 	/usr/lib/libmis.dylib
0x00007ffa1a2f1000 	/System/Library/Frameworks/OpenGL.framework/Versions/A/Libraries/libGLU.dylib
0x00007ffa1a2b5000 	/System/Library/Frameworks/OpenGL.framework/Versions/A/Libraries/libGFXShared.dylib
0x00007ffa1a4be000 	/System/Library/Frameworks/OpenGL.framework/Versions/A/Libraries/libGL.dylib
0x00007ffa1a2be000 	/System/Library/Frameworks/OpenGL.framework/Versions/A/Libraries/libGLImage.dylib
0x00007ffa1a2b2000 	/System/Library/Frameworks/OpenGL.framework/Versions/A/Libraries/libCVMSPluginSupport.dylib
0x00007ffa1a29d000 	/System/Library/Frameworks/OpenGL.framework/Versions/A/Libraries/libCoreVMClient.dylib
0x00007ff80ab1b000 	/System/Library/Frameworks/MetalPerformanceShaders.framework/Versions/A/Frameworks/MPSCore.framework/Versions/A/MPSCore
0x00007ff80bedd000 	/System/Library/Frameworks/MetalPerformanceShaders.framework/Versions/A/Frameworks/MPSImage.framework/Versions/A/MPSImage
0x00007ff80b983000 	/System/Library/Frameworks/MetalPerformanceShaders.framework/Versions/A/Frameworks/MPSNeuralNetwork.framework/Versions/A/MPSNeuralNetwork
0x00007ff80bdf7000 	/System/Library/Frameworks/MetalPerformanceShaders.framework/Versions/A/Frameworks/MPSMatrix.framework/Versions/A/MPSMatrix
0x00007ff80bbb2000 	/System/Library/Frameworks/MetalPerformanceShaders.framework/Versions/A/Frameworks/MPSRayIntersector.framework/Versions/A/MPSRayIntersector
0x00007ff80be2f000 	/System/Library/Frameworks/MetalPerformanceShaders.framework/Versions/A/Frameworks/MPSNDArray.framework/Versions/A/MPSNDArray
0x00007ffa1f4b8000 	/System/Library/Frameworks/MetalPerformanceShaders.framework/Versions/A/Frameworks/MPSFunctions.framework/Versions/A/MPSFunctions
0x00007ff801c73000 	/System/Library/PrivateFrameworks/MetalTools.framework/Versions/A/MetalTools
0x00007ff80ab97000 	/System/Library/PrivateFrameworks/AggregateDictionary.framework/Versions/A/AggregateDictionary
0x00007ff80ccd2000 	/usr/lib/libIOReport.dylib
0x00007ffa1b8cd000 	/System/Library/Frameworks/OpenCL.framework/Versions/A/OpenCL
0x00007ff80d036000 	/System/Library/PrivateFrameworks/FaceCore.framework/Versions/A/FaceCore
0x00007ff80d027000 	/System/Library/PrivateFrameworks/GraphVisualizer.framework/Versions/A/GraphVisualizer
0x00007ffb06ca5000 	/System/Library/PrivateFrameworks/FontServices.framework/Versions/A/FontServices
0x00007ff80d450000 	/System/Library/PrivateFrameworks/OTSVG.framework/Versions/A/OTSVG
0x00007ff808956000 	/System/Library/Frameworks/ApplicationServices.framework/Versions/A/Frameworks/ATS.framework/Versions/A/Resources/libFontRegistry.dylib
0x00007ff80d4a0000 	/System/Library/PrivateFrameworks/FontServices.framework/libhvf.dylib
0x00007ffb06ca6000 	/System/Library/PrivateFrameworks/FontServices.framework/libXTFontStaticRegistryData.dylib
0x00007ff80cea0000 	/System/Library/PrivateFrameworks/AppleVA.framework/Versions/A/AppleVA
0x00007ff80f089000 	/System/Library/Frameworks/ApplicationServices.framework/Versions/A/Frameworks/ATS.framework/Versions/A/ATS
0x00007ff807007000 	/System/Library/Frameworks/ApplicationServices.framework/Versions/A/Frameworks/HIServices.framework/Versions/A/HIServices
0x00007ff80df95000 	/System/Library/Frameworks/ApplicationServices.framework/Versions/A/Frameworks/PrintCore.framework/Versions/A/PrintCore
0x00007ff80f417000 	/System/Library/Frameworks/ApplicationServices.framework/Versions/A/Frameworks/QD.framework/Versions/A/QD
0x00007ff80f40f000 	/System/Library/Frameworks/ApplicationServices.framework/Versions/A/Frameworks/ColorSyncLegacy.framework/Versions/A/ColorSyncLegacy
0x00007ff80f079000 	/System/Library/Frameworks/ApplicationServices.framework/Versions/A/Frameworks/SpeechSynthesis.framework/Versions/A/SpeechSynthesis
0x00007ff80df56000 	/System/Library/Frameworks/ApplicationServices.framework/Versions/A/Frameworks/ATSUI.framework/Versions/A/ATSUI
0x00007ff80f3a4000 	/usr/lib/libcups.2.dylib
0x00007ff80f773000 	/System/Library/Frameworks/Kerberos.framework/Versions/A/Kerberos
0x00007ff80f782000 	/System/Library/Frameworks/GSS.framework/Versions/A/GSS
0x00007ff80f0f5000 	/usr/lib/libresolv.9.dylib
0x00007ff80d4af000 	/System/Library/PrivateFrameworks/Heimdal.framework/Versions/A/Heimdal
0x00007ff816364000 	/System/Library/Frameworks/Kerberos.framework/Versions/A/Libraries/libHeimdalProxy.dylib
0x00007ff807cc3000 	/System/Library/Frameworks/Network.framework/Versions/A/Network
0x00007ff80cf0a000 	/usr/lib/libheimdal-asn1.dylib
0x00007ff80f7cd000 	/System/Library/PrivateFrameworks/CommonAuth.framework/Versions/A/CommonAuth
0x00007ff80effb000 	/System/Library/PrivateFrameworks/AudioSession.framework/Versions/A/AudioSession
0x00007ff80cf9a000 	/System/Library/PrivateFrameworks/MediaExperience.framework/Versions/A/MediaExperience
0x00007ff80ee8e000 	/System/Library/PrivateFrameworks/AudioSession.framework/libSessionUtility.dylib
0x00007ff80f423000 	/System/Library/PrivateFrameworks/AudioResourceArbitration.framework/Versions/A/AudioResourceArbitration
0x00007ff8134a4000 	/System/Library/PrivateFrameworks/PowerLog.framework/Versions/A/PowerLog
0x00007ff80cf13000 	/System/Library/PrivateFrameworks/IconFoundation.framework/Versions/A/IconFoundation
0x00007ff81225a000 	/System/Library/PrivateFrameworks/SpeechRecognitionCore.framework/Versions/A/SpeechRecognitionCore
0x000000010bac6000 	/Users/ying/.p2/pool/plugins/org.eclipse.justj.openjdk.hotspot.jre.full.macosx.x86_64_17.0.4.v20220805-1047/jre/lib/server/libjvm.dylib
0x000000010a9a4000 	/Users/ying/.p2/pool/plugins/org.eclipse.justj.openjdk.hotspot.jre.full.macosx.x86_64_17.0.4.v20220805-1047/jre/lib/libjimage.dylib
0x000000010aa1b000 	/Users/ying/.p2/pool/plugins/org.eclipse.justj.openjdk.hotspot.jre.full.macosx.x86_64_17.0.4.v20220805-1047/jre/lib/libjava.dylib
0x000000010aa0a000 	/Users/ying/.p2/pool/plugins/org.eclipse.justj.openjdk.hotspot.jre.full.macosx.x86_64_17.0.4.v20220805-1047/jre/lib/libzip.dylib
0x000000010b87e000 	/Users/ying/.p2/pool/plugins/org.eclipse.justj.openjdk.hotspot.jre.full.macosx.x86_64_17.0.4.v20220805-1047/jre/lib/libnio.dylib
0x000000010b8ad000 	/Users/ying/.p2/pool/plugins/org.eclipse.justj.openjdk.hotspot.jre.full.macosx.x86_64_17.0.4.v20220805-1047/jre/lib/libnet.dylib
0x000000010b965000 	/Users/ying/.p2/pool/plugins/org.eclipse.justj.openjdk.hotspot.jre.full.macosx.x86_64_17.0.4.v20220805-1047/jre/lib/libawt.dylib
0x000000010ba24000 	/Users/ying/.p2/pool/plugins/org.eclipse.justj.openjdk.hotspot.jre.full.macosx.x86_64_17.0.4.v20220805-1047/jre/lib/libmlib_image.dylib
0x00007ffa1f421000 	/System/Library/Frameworks/JavaRuntimeSupport.framework/Versions/A/JavaRuntimeSupport
0x00007ff906884000 	/System/Library/Frameworks/Carbon.framework/Versions/A/Carbon
0x00007ff81471e000 	/System/Library/PrivateFrameworks/CoreSymbolication.framework/Versions/A/CoreSymbolication
0x00007ff819c80000 	/System/Library/Frameworks/Carbon.framework/Versions/A/Frameworks/CommonPanels.framework/Versions/A/CommonPanels
0x00007ff815d52000 	/System/Library/Frameworks/Carbon.framework/Versions/A/Frameworks/Help.framework/Versions/A/Help
0x00007ff819c84000 	/System/Library/Frameworks/Carbon.framework/Versions/A/Frameworks/ImageCapture.framework/Versions/A/ImageCapture
0x00007ff819c54000 	/System/Library/Frameworks/Carbon.framework/Versions/A/Frameworks/OpenScripting.framework/Versions/A/OpenScripting
0x00007ff819c7c000 	/System/Library/Frameworks/Carbon.framework/Versions/A/Frameworks/Ink.framework/Versions/A/Ink
0x00007ff906880000 	/System/Library/Frameworks/Carbon.framework/Versions/A/Frameworks/Print.framework/Versions/A/Print
0x00007ff819c78000 	/System/Library/Frameworks/Carbon.framework/Versions/A/Frameworks/SecurityHI.framework/Versions/A/SecurityHI
0x00007ff8146e3000 	/System/Library/PrivateFrameworks/DebugSymbols.framework/Versions/A/DebugSymbols
0x0000000114c00000 	/Users/ying/.p2/pool/plugins/org.eclipse.justj.openjdk.hotspot.jre.full.macosx.x86_64_17.0.4.v20220805-1047/jre/lib/libawt_lwawt.dylib
0x000000010b8ed000 	/Users/ying/.p2/pool/plugins/org.eclipse.justj.openjdk.hotspot.jre.full.macosx.x86_64_17.0.4.v20220805-1047/jre/lib/libosxapp.dylib
0x00007ff905b56000 	/System/Library/Frameworks/ExceptionHandling.framework/Versions/A/ExceptionHandling
0x0000000114d2a000 	/Users/ying/.p2/pool/plugins/org.eclipse.justj.openjdk.hotspot.jre.full.macosx.x86_64_17.0.4.v20220805-1047/jre/lib/libfontmanager.dylib
0x00000001142f6000 	/Users/ying/.p2/pool/plugins/org.eclipse.justj.openjdk.hotspot.jre.full.macosx.x86_64_17.0.4.v20220805-1047/jre/lib/libfreetype.dylib
0x00007ff803e09000 	/System/Library/PrivateFrameworks/CoreServicesInternal.framework/Versions/A/CoreServicesInternal
0x00007ff813a95000 	/System/Library/Frameworks/FileProvider.framework/Versions/A/FileProvider
0x00007ff807aa7000 	/System/Library/Frameworks/Accounts.framework/Versions/A/Accounts
0x00007ff813c0e000 	/System/Library/PrivateFrameworks/GenerationalStorage.framework/Versions/A/GenerationalStorage
0x00007ff813499000 	/System/Library/PrivateFrameworks/SymptomDiagnosticReporter.framework/Versions/A/SymptomDiagnosticReporter
0x00007ff8050c8000 	/System/Library/PrivateFrameworks/DesktopServicesPriv.framework/Versions/A/DesktopServicesPriv
0x00007ff803f48000 	/usr/lib/libsandbox.1.dylib
0x00007ff808dee000 	/System/Library/PrivateFrameworks/UserManagement.framework/Versions/A/UserManagement
0x00007ff80f404000 	/System/Library/PrivateFrameworks/NetAuth.framework/Versions/A/NetAuth
0x00007ff810313000 	/System/Library/PrivateFrameworks/Sharing.framework/Versions/A/Sharing
0x00007ff808dc1000 	/System/Library/PrivateFrameworks/login.framework/Versions/A/Frameworks/loginsupport.framework/Versions/A/loginsupport
0x00007ff815881000 	/System/Library/PrivateFrameworks/Apple80211.framework/Versions/A/Apple80211
0x00007ff80bfc2000 	/System/Library/PrivateFrameworks/AuthKit.framework/Versions/A/AuthKit
0x00007ff80b617000 	/System/Library/PrivateFrameworks/CoreUtils.framework/Versions/A/CoreUtils
0x00007ff80b53e000 	/System/Library/Frameworks/CoreWLAN.framework/Versions/A/CoreWLAN
0x00007ff810472000 	/System/Library/Frameworks/IOBluetooth.framework/Versions/A/IOBluetooth
0x00007ff8158e9000 	/System/Library/PrivateFrameworks/CoreWiFi.framework/Versions/A/CoreWiFi
0x00007ff8142b8000 	/System/Library/PrivateFrameworks/FrontBoardServices.framework/Versions/A/FrontBoardServices
0x00007ff814349000 	/System/Library/PrivateFrameworks/BoardServices.framework/Versions/A/BoardServices
0x00007ff80b826000 	/System/Library/PrivateFrameworks/AssertionServices.framework/Versions/A/AssertionServices
0x00007ff815a6c000 	/System/Library/PrivateFrameworks/BackBoardServices.framework/Versions/A/BackBoardServices
0x00007ff80f85e000 	/System/Library/PrivateFrameworks/CorePhoneNumbers.framework/Versions/A/CorePhoneNumbers
0x00007ff80f122000 	/System/Library/PrivateFrameworks/MultiverseSupport.framework/Versions/A/MultiverseSupport
0x00007ff815cdf000 	/System/Library/PrivateFrameworks/RemoteServiceDiscovery.framework/Versions/A/RemoteServiceDiscovery
0x00007ff8135b6000 	/System/Library/PrivateFrameworks/DiskManagement.framework/Versions/A/DiskManagement
0x00007ff8134ca000 	/System/Library/PrivateFrameworks/AppleIDAuthSupport.framework/Versions/A/AppleIDAuthSupport
0x00007ffb0163c000 	/System/Library/PrivateFrameworks/AAAFoundation.framework/Versions/A/AAAFoundation
0x00007ff80f83f000 	/System/Library/PrivateFrameworks/KeychainCircle.framework/Versions/A/KeychainCircle
0x00007ff815cef000 	/System/Library/PrivateFrameworks/RemoteXPC.framework/Versions/A/RemoteXPC
0x00007ff813582000 	/System/Library/PrivateFrameworks/MediaKit.framework/Versions/A/MediaKit
0x00007ff8134d6000 	/System/Library/Frameworks/DiscRecording.framework/Versions/A/DiscRecording
0x00007ff80ce18000 	/usr/lib/libCoreStorage.dylib
0x00007ff815d5a000 	/usr/lib/libcsfde.dylib
0x00007ff81053f000 	/System/Library/PrivateFrameworks/ProtectedCloudStorage.framework/Versions/A/ProtectedCloudStorage
0x00007ff815d56000 	/System/Library/PrivateFrameworks/EFILogin.framework/Versions/A/EFILogin
0x00007ff813c34000 	/System/Library/PrivateFrameworks/OctagonTrust.framework/Versions/A/OctagonTrust
0x00007ffb05f08000 	/System/Library/PrivateFrameworks/CoreUtilsExtras.framework/Versions/A/CoreUtilsExtras
0x00007ff8133fd000 	/System/Library/Frameworks/CoreBluetooth.framework/Versions/A/CoreBluetooth
0x00007ff8163e9000 	/System/Library/Frameworks/AudioUnit.framework/Versions/A/AudioUnit
0x00007ff80ce10000 	/usr/lib/libMatch.1.dylib
0x00007ff90e5f3000 	/System/Library/CoreServices/RawCamera.bundle/Contents/MacOS/RawCamera
0x00007ff80f7dd000 	/System/Library/PrivateFrameworks/MobileAsset.framework/Versions/A/MobileAsset
0x00007ff816410000 	/System/Library/PrivateFrameworks/StreamingZip.framework/Versions/A/StreamingZip
0x00007ffb031fc000 	/System/Library/PrivateFrameworks/CMPhoto.framework/Versions/A/CMPhoto
0x00007ff8145b9000 	/System/Library/PrivateFrameworks/AppleVPA.framework/Versions/A/AppleVPA
0x00007ff80e1bf000 	/System/Library/Frameworks/MediaToolbox.framework/Versions/A/MediaToolbox
0x00007ff813a65000 	/System/Library/PrivateFrameworks/CoreAVCHD.framework/Versions/A/CoreAVCHD
0x00007ff81293a000 	/System/Library/Frameworks/MediaAccessibility.framework/Versions/A/MediaAccessibility
0x00007ff813a61000 	/System/Library/PrivateFrameworks/Mangrove.framework/Versions/A/Mangrove
0x00007ff812945000 	/System/Library/PrivateFrameworks/AlgosScoreFramework.framework/Versions/A/AlgosScoreFramework
0x00007ff8136a6000 	/System/Library/PrivateFrameworks/CoreAUC.framework/Versions/A/CoreAUC
0x00007ff90be1c000 	/System/Library/Frameworks/Accelerate.framework/Versions/A/Frameworks/vImage.framework/Versions/A/Libraries/libCGInterfaces.dylib
0x0000000115527000 	/usr/lib/libobjc-trampolines.dylib
0x00007ff808ae6000 	/System/Library/PrivateFrameworks/ViewBridge.framework/Versions/A/ViewBridge
0x00007ffb19765000 	/usr/lib/libRosetta.dylib
0x000000011554c000 	/Users/ying/.openjfx/cache/14/libprism_es2.dylib
0x00007ffa1a4c9000 	/System/Library/Frameworks/OpenGL.framework/Versions/A/Resources/GLEngine.bundle/GLEngine
0x00007ffa1a32f000 	/System/Library/Frameworks/OpenGL.framework/Versions/A/Libraries/libGLProgrammability.dylib
0x00007ffa0f351000 	/System/Library/Extensions/AppleIntelKBLGraphicsGLDriver.bundle/Contents/MacOS/AppleIntelKBLGraphicsGLDriver
0x00007ff91198f000 	/System/Library/PrivateFrameworks/GPUSupport.framework/Versions/A/Libraries/libGPUSupportMercury.dylib
0x00007ffa1a653000 	/System/Library/Frameworks/OpenGL.framework/Versions/A/Resources/GLRendererFloat.bundle/GLRendererFloat
0x000000012c659000 	/Users/ying/.openjfx/cache/14/libglass.dylib
0x000000012c63d000 	/Users/ying/.p2/pool/plugins/org.eclipse.justj.openjdk.hotspot.jre.full.macosx.x86_64_17.0.4.v20220805-1047/jre/lib/libosxui.dylib
0x00007ff80d566000 	/System/Library/PrivateFrameworks/login.framework/Versions/A/login
0x000000012ddd7000 	/Users/ying/.p2/pool/plugins/org.eclipse.justj.openjdk.hotspot.jre.full.macosx.x86_64_17.0.4.v20220805-1047/jre/lib/libjavajpeg.dylib
0x00000001685de000 	/Users/ying/.openjfx/cache/14/libglib-lite.dylib
0x00007ff80f9ae000 	/usr/lib/libffi.dylib
0x00000001688b5000 	/Users/ying/.openjfx/cache/14/libgstreamer-lite.dylib
0x00000001684d8000 	/Users/ying/.openjfx/cache/14/libjfxmedia.dylib
0x00000001684ba000 	/Users/ying/.openjfx/cache/14/libjfxmedia_avf.dylib
0x00007ff906b78000 	/System/Library/Frameworks/AVFoundation.framework/Versions/A/AVFoundation
0x00007ffa1e14f000 	/System/Library/Frameworks/AVFAudio.framework/Versions/A/AVFAudio
0x00007ff8140c8000 	/System/Library/PrivateFrameworks/AVFCore.framework/Versions/A/AVFCore
0x00007ff81b338000 	/System/Library/PrivateFrameworks/AVFCapture.framework/Versions/A/AVFCapture
0x00007ff9057f3000 	/System/Library/PrivateFrameworks/AirPlaySync.framework/Versions/A/AirPlaySync
0x00007ffb031e5000 	/System/Library/PrivateFrameworks/CMImaging.framework/Versions/A/CMImaging
0x00007ff81b48a000 	/System/Library/PrivateFrameworks/Quagga.framework/Versions/A/Quagga
0x00007ff901203000 	/System/Library/PrivateFrameworks/CMCapture.framework/Versions/A/CMCapture
0x00007ff80f1e4000 	/System/Library/Frameworks/CoreMediaIO.framework/Versions/A/CoreMediaIO
0x00007ff816511000 	/System/Library/PrivateFrameworks/Espresso.framework/Versions/A/Espresso
0x00007ff815ddc000 	/System/Library/PrivateFrameworks/AppSupport.framework/Versions/A/AppSupport
0x00007ffa0cf11000 	/System/Library/PrivateFrameworks/ANECompiler.framework/Versions/A/ANECompiler
0x00007ff818161000 	/System/Library/PrivateFrameworks/AppleNeuralEngine.framework/Versions/A/AppleNeuralEngine
0x00007ffb097a4000 	/System/Library/PrivateFrameworks/MIL.framework/Versions/A/MIL
0x00007ffa1f4cb000 	/System/Library/Frameworks/MetalPerformanceShadersGraph.framework/Versions/A/MetalPerformanceShadersGraph
0x00007ff8170b0000 	/System/Library/PrivateFrameworks/ANEServices.framework/Versions/A/ANEServices
0x00007ff90b5c3000 	/usr/lib/libncurses.5.4.dylib
0x000000016850d000 	/Users/ying/.openjfx/cache/14/libfxplugins.dylib
0x00007ffa2156c000 	/System/Library/Frameworks/VideoDecodeAcceleration.framework/Versions/A/VideoDecodeAcceleration
0x0000000168551000 	/System/Library/Extensions/AppleHDA.kext/Contents/PlugIns/AppleHDAHALPlugIn.bundle/Contents/MacOS/AppleHDAHALPlugIn
0x000000016871a000 	/System/Library/Components/CoreAudio.component/Contents/MacOS/CoreAudio
0x000000016acf5000 	/System/Library/Components/AudioCodecs.component/Contents/MacOS/AudioCodecs


VM Arguments:
jvm_args: -Dfile.encoding=UTF-8 -XX:+ShowCodeDetailsInExceptionMessages 
java_command: classes.Title_screen
java_class_path (initial): /Users/ying/git/teamproject-group-1-world-s-hardest-games/bin/main:/Users/ying/.gradle/caches/modules-2/files-2.1/org.apache.commons/commons-math3/3.6.1/e4ba98f1d4b3c80ec46392f25e094a6a2e58fcbf/commons-math3-3.6.1.jar:/Users/ying/.gradle/caches/modules-2/files-2.1/org.openjfx/javafx-media/14/f22620ca03288977855901c934f3616300a07546/javafx-media-14-mac.jar:/Users/ying/.gradle/caches/modules-2/files-2.1/org.openjfx/javafx-swing/14/f2d2245ef4f513b13d627053bda7e8bd73de69dd/javafx-swing-14-mac.jar:/Users/ying/.gradle/caches/modules-2/files-2.1/org.openjfx/javafx-graphics/14/d08afb502833b1ef4b433042d9c06ac0fc511ed2/javafx-graphics-14-mac.jar:/Users/ying/.gradle/caches/modules-2/files-2.1/org.openjfx/javafx-graphics/14/132514c6e75c58dd34592dad8d356f78c3f0a680/javafx-graphics-14.jar:/Users/ying/.gradle/caches/modules-2/files-2.1/org.openjfx/javafx-base/14/434821986fc4ca5e42950b1295ca8016ace77a85/javafx-base-14-mac.jar:/Users/ying/.gradle/caches/modules-2/files-2.1/org.openjfx/javafx-base/14/4eddcdd8713831212ec9b396169959655cf0dc21/javafx-base-14.jar:/Users/ying/.gradle/caches/modules-2/files-2.1/com.google.guava/guava/28.2-jre/8ec9ed76528425762174f0011ce8f74ad845b756/guava-28.2-jre.jar:/Users/ying/.gradle/caches/modules-2/files-2.1/com.google.guava/failureaccess/1.0.1/1dcf1de382a0bf95a3d8b0849546c88bac1292c9/failureaccess-1.0.1.jar:/Users/ying/.gradle/caches/modules-2/files-2.1/com.google.guava/listenablefuture/9999.0-empty-to-avoid-conflict-with-guava/b421526c5f297295adef1c886e5246c39d4ac629/listenablefuture-9999.0-empty-to-avoid-conflict-with-guava.jar:/Users/ying/.gradle/caches/modules-2/files-2.1/com.google.code.findbugs/jsr305/3.0.2/25ea2e8b0c338a877313bd4672d3fe056ea78f0d/jsr305-3.0.2.jar:/Users/ying/.gradle/caches/modules-2/files-2.1/org.checkerframework/checker-qual/2.10.0/5786699a0cb71f9dc32e6cca1d665eef07a0882f/checker-qual-2.10.0.jar:/Users/ying/.gradle/caches/modules-2/files-2.1/com.google.errorprone/error_prone_annotations/2.3.4/dac
Launcher Type: SUN_STANDARD

[Global flags]
     intx CICompilerCount                          = 3                                         {product} {ergonomic}
     uint ConcGCThreads                            = 1                                         {product} {ergonomic}
     uint G1ConcRefinementThreads                  = 4                                         {product} {ergonomic}
   size_t G1HeapRegionSize                         = 1048576                                   {product} {ergonomic}
    uintx GCDrainStackTargetSize                   = 64                                        {product} {ergonomic}
   size_t InitialHeapSize                          = 134217728                                 {product} {ergonomic}
   size_t MarkStackSize                            = 4194304                                   {product} {ergonomic}
   size_t MaxHeapSize                              = 2147483648                                {product} {ergonomic}
   size_t MaxNewSize                               = 1287651328                                {product} {ergonomic}
   size_t MinHeapDeltaBytes                        = 1048576                                   {product} {ergonomic}
   size_t MinHeapSize                              = 8388608                                   {product} {ergonomic}
    uintx NonNMethodCodeHeapSize                   = 5832780                                {pd product} {ergonomic}
    uintx NonProfiledCodeHeapSize                  = 122912730                              {pd product} {ergonomic}
    uintx ProfiledCodeHeapSize                     = 122912730                              {pd product} {ergonomic}
    uintx ReservedCodeCacheSize                    = 251658240                              {pd product} {ergonomic}
     bool SegmentedCodeCache                       = true                                      {product} {ergonomic}
     bool ShowCodeDetailsInExceptionMessages       = true                                   {manageable} {command line}
   size_t SoftMaxHeapSize                          = 2147483648                             {manageable} {ergonomic}
     bool UseCompressedClassPointers               = true                           {product lp64_product} {ergonomic}
     bool UseCompressedOops                        = true                           {product lp64_product} {ergonomic}
     bool UseG1GC                                  = true                                      {product} {ergonomic}
     bool UseNUMA                                  = false                                     {product} {ergonomic}
     bool UseNUMAInterleaving                      = false                                     {product} {ergonomic}

Logging:
Log output configuration:
 #0: stdout all=warning uptime,level,tags
 #1: stderr all=off uptime,level,tags

Environment Variables:
PATH=/usr/bin:/bin:/usr/sbin:/sbin
SHELL=/bin/zsh
TMPDIR=/var/folders/fp/pxfvg0wd3hndlprx0mt8xscm0000gp/T/

Signal Handlers:
   SIGSEGV: _ZL13crash_handleriP9__siginfoPv in libjvm.dylib, mask=11100110000111110111111111111111, flags=SA_RESTART|SA_SIGINFO
    SIGBUS: _ZL13crash_handleriP9__siginfoPv in libjvm.dylib, mask=11100110000111110111111111111111, flags=SA_RESTART|SA_SIGINFO
    SIGFPE: _ZL13crash_handleriP9__siginfoPv in libjvm.dylib, mask=11100110000111110111111111111111, flags=SA_RESTART|SA_SIGINFO
   SIGPIPE: _ZL17javaSignalHandleriP9__siginfoPv in libjvm.dylib, mask=11100110000111110111111111111111, flags=SA_RESTART|SA_SIGINFO
   SIGXFSZ: _ZL17javaSignalHandleriP9__siginfoPv in libjvm.dylib, mask=11100110000111110111111111111111, flags=SA_RESTART|SA_SIGINFO
    SIGILL: _ZL13crash_handleriP9__siginfoPv in libjvm.dylib, mask=11100110000111110111111111111111, flags=SA_RESTART|SA_SIGINFO
   SIGUSR2: _ZL10SR_handleriP9__siginfoP17__darwin_ucontext in libjvm.dylib, mask=00100000000000000000000000000000, flags=SA_RESTART|SA_SIGINFO
    SIGHUP: _ZL11UserHandleriPvS_ in libjvm.dylib, mask=11100110000111110111111111111111, flags=SA_RESTART|SA_SIGINFO
    SIGINT: _ZL11UserHandleriPvS_ in libjvm.dylib, mask=11100110000111110111111111111111, flags=SA_RESTART|SA_SIGINFO
   SIGTERM: _ZL11UserHandleriPvS_ in libjvm.dylib, mask=11100110000111110111111111111111, flags=SA_RESTART|SA_SIGINFO
   SIGQUIT: _ZL11UserHandleriPvS_ in libjvm.dylib, mask=11100110000111110111111111111111, flags=SA_RESTART|SA_SIGINFO
  *** Handler was modified!
  *** Expected: _ZL17javaSignalHandleriP9__siginfoPv in libjvm.dylib, mask=11100110100111111111111111111111, flags=SA_RESTART|SA_SIGINFO
   SIGTRAP: _ZL13crash_handleriP9__siginfoPv in libjvm.dylib, mask=11100110000111110111111111111111, flags=SA_RESTART|SA_SIGINFO


---------------  S Y S T E M  ---------------

OS:
uname: Darwin 21.5.0 Darwin Kernel Version 21.5.0: Tue Apr 26 21:08:22 PDT 2022; root:xnu-8020.121.3~4/RELEASE_X86_64 x86_64
OS uptime: 117 days 22:14 hours
rlimit (soft/hard): STACK 8192k/65532k , CORE 0k/infinity , NPROC 1392/2088 , NOFILE 10240/infinity , AS infinity/infinity , CPU infinity/infinity , DATA infinity/infinity , FSIZE infinity/infinity , MEMLOCK infinity/infinity , RSS infinity/infinity
load average: 4.08 4.25 4.89

CPU: total 4 (initial active 4) (2 cores per cpu, 2 threads per core) family 6 model 142 stepping 9 microcode 0xf0, cx8, cmov, fxsr, ht, mmx, 3dnowpref, sse, sse2, sse3, ssse3, sse4.1, sse4.2, popcnt, lzcnt, tsc, tscinvbit, avx, avx2, aes, erms, clmul, bmi1, bmi2, rtm, adx, fma, vzeroupper, clflush, clflushopt

Memory: 4k page, physical 8388608k(929916k free), swap 11534336k(1366272k free)

vm_info: OpenJDK 64-Bit Server VM (17.0.4+8) for bsd-amd64 JRE (17.0.4+8), built on Jul 19 2022 20:57:41 by "temurin" with clang 4.2.1 Compatible Apple LLVM 10.0.1 (clang-1001.0.46.4)

END.
