#
# There is insufficient memory for the Java Runtime Environment to continue.
# Native memory allocation (mmap) failed to map 65536 bytes for Failed to commit metaspace.
# Possible reasons:
#   The system is out of physical RAM or swap space
#   The process is running with CompressedOops enabled, and the Java Heap may be blocking the growth of the native heap
# Possible solutions:
#   Reduce memory load on the system
#   Increase physical memory or swap space
#   Check if swap backing store is full
#   Decrease Java heap size (-Xmx/-Xms)
#   Decrease number of Java threads
#   Decrease Java thread stack sizes (-Xss)
#   Set larger code cache with -XX:ReservedCodeCacheSize=
#   JVM is running with Unscaled Compressed Oops mode in which the Java heap is
#     placed in the first 4GB address space. The Java Heap base address is the
#     maximum limit for the native heap growth. Please use -XX:HeapBaseMinAddress
#     to set the Java Heap base and to place the Java Heap above 4GB virtual address.
# This output file may be truncated or incomplete.
#
#  Out of Memory Error (virtualSpaceNode.cpp:110), pid=21356, tid=22912
#
# JRE version: OpenJDK Runtime Environment Temurin-17.0.4+8 (17.0.4+8) (build 17.0.4+8)
# Java VM: OpenJDK 64-Bit Server VM Temurin-17.0.4+8 (17.0.4+8, mixed mode, tiered, compressed oops, compressed class ptrs, g1 gc, windows-amd64)
# No core dump will be written. Minidumps are not enabled by default on client versions of Windows
#

---------------  S U M M A R Y ------------

Command Line: -Dfile.encoding=UTF-8 -XX:+ShowCodeDetailsInExceptionMessages classes.Map

Host: Intel(R) Core(TM) i5-1035G4 CPU @ 1.10GHz, 8 cores, 7G,  Windows 10 , 64 bit Build 19041 (10.0.19041.2251)
Time: Thu Dec  8 16:17:41 2022 Pacific Standard Time elapsed time: 0.577770 seconds (0d 0h 0m 0s)

---------------  T H R E A D  ---------------

Current thread (0x0000026ed9af12f0):  JavaThread "main" [_thread_in_vm, id=22912, stack(0x000000dad0200000,0x000000dad0300000)]

Stack: [0x000000dad0200000,0x000000dad0300000]
Native frames: (J=compiled Java code, j=interpreted, Vv=VM code, C=native code)
V  [jvm.dll+0x67733a]
V  [jvm.dll+0x8323c4]
V  [jvm.dll+0x833b6e]
V  [jvm.dll+0x8341d3]
V  [jvm.dll+0x2455e5]
V  [jvm.dll+0x82e36b]
V  [jvm.dll+0x61be16]
V  [jvm.dll+0x61be7a]
V  [jvm.dll+0x61e69a]
V  [jvm.dll+0x61c7b6]
V  [jvm.dll+0x239c7f]
V  [jvm.dll+0x6265c5]
V  [jvm.dll+0x1ea42b]
V  [jvm.dll+0x1ea965]
V  [jvm.dll+0x1eb39f]
V  [jvm.dll+0x1e0841]
V  [jvm.dll+0x53c8f0]
V  [jvm.dll+0x1f1037]
V  [jvm.dll+0x7ac5bb]
V  [jvm.dll+0x7ad962]
V  [jvm.dll+0x7adc98]
V  [jvm.dll+0x23d9ee]
V  [jvm.dll+0x37f27e]
C  0x0000026edd1db6ce

Java frames: (J=compiled Java code, j=interpreted, Vv=VM code)
j  sun.java2d.SurfaceData.<clinit>()V+326 java.desktop@17.0.4
v  ~StubRoutines::call_stub
j  sun.awt.windows.WToolkit.initIDs()V+0 java.desktop@17.0.4
j  sun.awt.windows.WToolkit.<clinit>()V+20 java.desktop@17.0.4
v  ~StubRoutines::call_stub
j  sun.awt.PlatformGraphicsInfo.createToolkit()Ljava/awt/Toolkit;+0 java.desktop@17.0.4
j  java.awt.Toolkit.getDefaultToolkit()Ljava/awt/Toolkit;+6 java.desktop@17.0.4
j  javafx.embed.swing.JFXPanel.initFx()V+7
j  javafx.embed.swing.JFXPanel.<init>()V+77
j  classes.Song.<init>()V+8
j  classes.Song$AudioPlayerInit.<clinit>()V+4
v  ~StubRoutines::call_stub
j  classes.Song.getInstance()Lclasses/Song;+0
j  classes.Map_Database.<clinit>()V+167
v  ~StubRoutines::call_stub
j  classes.Map.<init>()V+21
j  classes.Title_screen.<init>()V+1
j  classes.Map.<clinit>()V+4
v  ~StubRoutines::call_stub

---------------  P R O C E S S  ---------------

Threads class SMR info:
_java_thread_list=0x0000026ef426e030, length=12, elements={
0x0000026ed9af12f0, 0x0000026ef376e1a0, 0x0000026ef376e9e0, 0x0000026ef37c32a0,
0x0000026ef37c5780, 0x0000026ef37c5d40, 0x0000026ef37c6300, 0x0000026ef3795980,
0x0000026ef3795e90, 0x0000026ef416b7d0, 0x0000026ef429e630, 0x0000026ef42abf40
}

Java Threads: ( => current thread )
=>0x0000026ed9af12f0 JavaThread "main" [_thread_in_vm, id=22912, stack(0x000000dad0200000,0x000000dad0300000)]
  0x0000026ef376e1a0 JavaThread "Reference Handler" daemon [_thread_blocked, id=4564, stack(0x000000dad0900000,0x000000dad0a00000)]
  0x0000026ef376e9e0 JavaThread "Finalizer" daemon [_thread_blocked, id=24432, stack(0x000000dad0a00000,0x000000dad0b00000)]
  0x0000026ef37c32a0 JavaThread "Signal Dispatcher" daemon [_thread_blocked, id=17624, stack(0x000000dad0b00000,0x000000dad0c00000)]
  0x0000026ef37c5780 JavaThread "Attach Listener" daemon [_thread_blocked, id=18804, stack(0x000000dad0c00000,0x000000dad0d00000)]
  0x0000026ef37c5d40 JavaThread "Service Thread" daemon [_thread_blocked, id=13764, stack(0x000000dad0d00000,0x000000dad0e00000)]
  0x0000026ef37c6300 JavaThread "Monitor Deflation Thread" daemon [_thread_blocked, id=22648, stack(0x000000dad0e00000,0x000000dad0f00000)]
  0x0000026ef3795980 JavaThread "C2 CompilerThread0" daemon [_thread_blocked, id=10008, stack(0x000000dad0f00000,0x000000dad1000000)]
  0x0000026ef3795e90 JavaThread "C1 CompilerThread0" daemon [_thread_blocked, id=2044, stack(0x000000dad1000000,0x000000dad1100000)]
  0x0000026ef416b7d0 JavaThread "Sweeper thread" daemon [_thread_blocked, id=15960, stack(0x000000dad1100000,0x000000dad1200000)]
  0x0000026ef429e630 JavaThread "Notification Thread" daemon [_thread_blocked, id=16956, stack(0x000000dad1200000,0x000000dad1300000)]
  0x0000026ef42abf40 JavaThread "Common-Cleaner" daemon [_thread_blocked, id=11620, stack(0x000000dad1400000,0x000000dad1500000)]

Other Threads:
  0x0000026ef3788610 VMThread "VM Thread" [stack: 0x000000dad0800000,0x000000dad0900000] [id=9644]
  0x0000026ef41ac9e0 WatcherThread [stack: 0x000000dad1300000,0x000000dad1400000] [id=15100]
  0x0000026ed9b48f70 GCTaskThread "GC Thread#0" [stack: 0x000000dad0300000,0x000000dad0400000] [id=22656]
  0x0000026ed9b591f0 ConcurrentGCThread "G1 Main Marker" [stack: 0x000000dad0400000,0x000000dad0500000] [id=22732]
  0x0000026ed9b5b7b0 ConcurrentGCThread "G1 Conc#0" [stack: 0x000000dad0500000,0x000000dad0600000] [id=3864]
  0x0000026ed9bc6c80 ConcurrentGCThread "G1 Refine#0" [stack: 0x000000dad0600000,0x000000dad0700000] [id=15848]
  0x0000026ef35e07e0 ConcurrentGCThread "G1 Service" [stack: 0x000000dad0700000,0x000000dad0800000] [id=23160]

Threads with active compile tasks:

VM state: not at safepoint (normal execution)

VM Mutex/Monitor currently owned by a thread:  ([mutex/lock_event])
[0x0000026ed9ae9130] Metaspace_lock - owner thread: 0x0000026ed9af12f0

Heap address: 0x0000000086600000, size: 1946 MB, Compressed Oops mode: 32-bit

CDS archive(s) not mapped
Compressed class space mapped at: 0x0000000100000000-0x0000000140000000, reserved size: 1073741824
Narrow klass base: 0x0000000000000000, Narrow klass shift: 3, Narrow klass range: 0x140000000

GC Precious Log:
 CPUs: 8 total, 8 available
 Memory: 7778M
 Large Page Support: Disabled
 NUMA Support: Disabled
 Compressed Oops: Enabled (32-bit)
 Heap Region Size: 1M
 Heap Min Capacity: 8M
 Heap Initial Capacity: 122M
 Heap Max Capacity: 1946M
 Pre-touch: Disabled
 Parallel Workers: 8
 Concurrent Workers: 2
 Concurrent Refinement Workers: 8
 Periodic GC: Disabled

Heap:
 garbage-first heap   total 124928K, used 3072K [0x0000000086600000, 0x0000000100000000)
  region size 1024K, 4 young (4096K), 0 survivors (0K)
 Metaspace       used 9094K, committed 9216K, reserved 1064960K
  class space    used 796K, committed 896K, reserved 1048576K

Heap Regions: E=young(eden), S=young(survivor), O=old, HS=humongous(starts), HC=humongous(continues), CS=collection set, F=free, OA=open archive, CA=closed archive, TAMS=top-at-mark-start (previous, next)
|   0|0x0000000086600000, 0x0000000086600000, 0x0000000086700000|  0%| F|  |TAMS 0x0000000086600000, 0x0000000086600000| Untracked 
|   1|0x0000000086700000, 0x0000000086700000, 0x0000000086800000|  0%| F|  |TAMS 0x0000000086700000, 0x0000000086700000| Untracked 
|   2|0x0000000086800000, 0x0000000086800000, 0x0000000086900000|  0%| F|  |TAMS 0x0000000086800000, 0x0000000086800000| Untracked 
|   3|0x0000000086900000, 0x0000000086900000, 0x0000000086a00000|  0%| F|  |TAMS 0x0000000086900000, 0x0000000086900000| Untracked 
|   4|0x0000000086a00000, 0x0000000086a00000, 0x0000000086b00000|  0%| F|  |TAMS 0x0000000086a00000, 0x0000000086a00000| Untracked 
|   5|0x0000000086b00000, 0x0000000086b00000, 0x0000000086c00000|  0%| F|  |TAMS 0x0000000086b00000, 0x0000000086b00000| Untracked 
|   6|0x0000000086c00000, 0x0000000086c00000, 0x0000000086d00000|  0%| F|  |TAMS 0x0000000086c00000, 0x0000000086c00000| Untracked 
|   7|0x0000000086d00000, 0x0000000086d00000, 0x0000000086e00000|  0%| F|  |TAMS 0x0000000086d00000, 0x0000000086d00000| Untracked 
|   8|0x0000000086e00000, 0x0000000086e00000, 0x0000000086f00000|  0%| F|  |TAMS 0x0000000086e00000, 0x0000000086e00000| Untracked 
|   9|0x0000000086f00000, 0x0000000086f00000, 0x0000000087000000|  0%| F|  |TAMS 0x0000000086f00000, 0x0000000086f00000| Untracked 
|  10|0x0000000087000000, 0x0000000087000000, 0x0000000087100000|  0%| F|  |TAMS 0x0000000087000000, 0x0000000087000000| Untracked 
|  11|0x0000000087100000, 0x0000000087100000, 0x0000000087200000|  0%| F|  |TAMS 0x0000000087100000, 0x0000000087100000| Untracked 
|  12|0x0000000087200000, 0x0000000087200000, 0x0000000087300000|  0%| F|  |TAMS 0x0000000087200000, 0x0000000087200000| Untracked 
|  13|0x0000000087300000, 0x0000000087300000, 0x0000000087400000|  0%| F|  |TAMS 0x0000000087300000, 0x0000000087300000| Untracked 
|  14|0x0000000087400000, 0x0000000087400000, 0x0000000087500000|  0%| F|  |TAMS 0x0000000087400000, 0x0000000087400000| Untracked 
|  15|0x0000000087500000, 0x0000000087500000, 0x0000000087600000|  0%| F|  |TAMS 0x0000000087500000, 0x0000000087500000| Untracked 
|  16|0x0000000087600000, 0x0000000087600000, 0x0000000087700000|  0%| F|  |TAMS 0x0000000087600000, 0x0000000087600000| Untracked 
|  17|0x0000000087700000, 0x0000000087700000, 0x0000000087800000|  0%| F|  |TAMS 0x0000000087700000, 0x0000000087700000| Untracked 
|  18|0x0000000087800000, 0x0000000087800000, 0x0000000087900000|  0%| F|  |TAMS 0x0000000087800000, 0x0000000087800000| Untracked 
|  19|0x0000000087900000, 0x0000000087900000, 0x0000000087a00000|  0%| F|  |TAMS 0x0000000087900000, 0x0000000087900000| Untracked 
|  20|0x0000000087a00000, 0x0000000087a00000, 0x0000000087b00000|  0%| F|  |TAMS 0x0000000087a00000, 0x0000000087a00000| Untracked 
|  21|0x0000000087b00000, 0x0000000087b00000, 0x0000000087c00000|  0%| F|  |TAMS 0x0000000087b00000, 0x0000000087b00000| Untracked 
|  22|0x0000000087c00000, 0x0000000087c00000, 0x0000000087d00000|  0%| F|  |TAMS 0x0000000087c00000, 0x0000000087c00000| Untracked 
|  23|0x0000000087d00000, 0x0000000087d00000, 0x0000000087e00000|  0%| F|  |TAMS 0x0000000087d00000, 0x0000000087d00000| Untracked 
|  24|0x0000000087e00000, 0x0000000087e00000, 0x0000000087f00000|  0%| F|  |TAMS 0x0000000087e00000, 0x0000000087e00000| Untracked 
|  25|0x0000000087f00000, 0x0000000087f00000, 0x0000000088000000|  0%| F|  |TAMS 0x0000000087f00000, 0x0000000087f00000| Untracked 
|  26|0x0000000088000000, 0x0000000088000000, 0x0000000088100000|  0%| F|  |TAMS 0x0000000088000000, 0x0000000088000000| Untracked 
|  27|0x0000000088100000, 0x0000000088100000, 0x0000000088200000|  0%| F|  |TAMS 0x0000000088100000, 0x0000000088100000| Untracked 
|  28|0x0000000088200000, 0x0000000088200000, 0x0000000088300000|  0%| F|  |TAMS 0x0000000088200000, 0x0000000088200000| Untracked 
|  29|0x0000000088300000, 0x0000000088300000, 0x0000000088400000|  0%| F|  |TAMS 0x0000000088300000, 0x0000000088300000| Untracked 
|  30|0x0000000088400000, 0x0000000088400000, 0x0000000088500000|  0%| F|  |TAMS 0x0000000088400000, 0x0000000088400000| Untracked 
|  31|0x0000000088500000, 0x0000000088500000, 0x0000000088600000|  0%| F|  |TAMS 0x0000000088500000, 0x0000000088500000| Untracked 
|  32|0x0000000088600000, 0x0000000088600000, 0x0000000088700000|  0%| F|  |TAMS 0x0000000088600000, 0x0000000088600000| Untracked 
|  33|0x0000000088700000, 0x0000000088700000, 0x0000000088800000|  0%| F|  |TAMS 0x0000000088700000, 0x0000000088700000| Untracked 
|  34|0x0000000088800000, 0x0000000088800000, 0x0000000088900000|  0%| F|  |TAMS 0x0000000088800000, 0x0000000088800000| Untracked 
|  35|0x0000000088900000, 0x0000000088900000, 0x0000000088a00000|  0%| F|  |TAMS 0x0000000088900000, 0x0000000088900000| Untracked 
|  36|0x0000000088a00000, 0x0000000088a00000, 0x0000000088b00000|  0%| F|  |TAMS 0x0000000088a00000, 0x0000000088a00000| Untracked 
|  37|0x0000000088b00000, 0x0000000088b00000, 0x0000000088c00000|  0%| F|  |TAMS 0x0000000088b00000, 0x0000000088b00000| Untracked 
|  38|0x0000000088c00000, 0x0000000088c00000, 0x0000000088d00000|  0%| F|  |TAMS 0x0000000088c00000, 0x0000000088c00000| Untracked 
|  39|0x0000000088d00000, 0x0000000088d00000, 0x0000000088e00000|  0%| F|  |TAMS 0x0000000088d00000, 0x0000000088d00000| Untracked 
|  40|0x0000000088e00000, 0x0000000088e00000, 0x0000000088f00000|  0%| F|  |TAMS 0x0000000088e00000, 0x0000000088e00000| Untracked 
|  41|0x0000000088f00000, 0x0000000088f00000, 0x0000000089000000|  0%| F|  |TAMS 0x0000000088f00000, 0x0000000088f00000| Untracked 
|  42|0x0000000089000000, 0x0000000089000000, 0x0000000089100000|  0%| F|  |TAMS 0x0000000089000000, 0x0000000089000000| Untracked 
|  43|0x0000000089100000, 0x0000000089100000, 0x0000000089200000|  0%| F|  |TAMS 0x0000000089100000, 0x0000000089100000| Untracked 
|  44|0x0000000089200000, 0x0000000089200000, 0x0000000089300000|  0%| F|  |TAMS 0x0000000089200000, 0x0000000089200000| Untracked 
|  45|0x0000000089300000, 0x0000000089300000, 0x0000000089400000|  0%| F|  |TAMS 0x0000000089300000, 0x0000000089300000| Untracked 
|  46|0x0000000089400000, 0x0000000089400000, 0x0000000089500000|  0%| F|  |TAMS 0x0000000089400000, 0x0000000089400000| Untracked 
|  47|0x0000000089500000, 0x0000000089500000, 0x0000000089600000|  0%| F|  |TAMS 0x0000000089500000, 0x0000000089500000| Untracked 
|  48|0x0000000089600000, 0x0000000089600000, 0x0000000089700000|  0%| F|  |TAMS 0x0000000089600000, 0x0000000089600000| Untracked 
|  49|0x0000000089700000, 0x0000000089700000, 0x0000000089800000|  0%| F|  |TAMS 0x0000000089700000, 0x0000000089700000| Untracked 
|  50|0x0000000089800000, 0x0000000089800000, 0x0000000089900000|  0%| F|  |TAMS 0x0000000089800000, 0x0000000089800000| Untracked 
|  51|0x0000000089900000, 0x0000000089900000, 0x0000000089a00000|  0%| F|  |TAMS 0x0000000089900000, 0x0000000089900000| Untracked 
|  52|0x0000000089a00000, 0x0000000089a00000, 0x0000000089b00000|  0%| F|  |TAMS 0x0000000089a00000, 0x0000000089a00000| Untracked 
|  53|0x0000000089b00000, 0x0000000089b00000, 0x0000000089c00000|  0%| F|  |TAMS 0x0000000089b00000, 0x0000000089b00000| Untracked 
|  54|0x0000000089c00000, 0x0000000089c00000, 0x0000000089d00000|  0%| F|  |TAMS 0x0000000089c00000, 0x0000000089c00000| Untracked 
|  55|0x0000000089d00000, 0x0000000089d00000, 0x0000000089e00000|  0%| F|  |TAMS 0x0000000089d00000, 0x0000000089d00000| Untracked 
|  56|0x0000000089e00000, 0x0000000089e00000, 0x0000000089f00000|  0%| F|  |TAMS 0x0000000089e00000, 0x0000000089e00000| Untracked 
|  57|0x0000000089f00000, 0x0000000089f00000, 0x000000008a000000|  0%| F|  |TAMS 0x0000000089f00000, 0x0000000089f00000| Untracked 
|  58|0x000000008a000000, 0x000000008a000000, 0x000000008a100000|  0%| F|  |TAMS 0x000000008a000000, 0x000000008a000000| Untracked 
|  59|0x000000008a100000, 0x000000008a100000, 0x000000008a200000|  0%| F|  |TAMS 0x000000008a100000, 0x000000008a100000| Untracked 
|  60|0x000000008a200000, 0x000000008a200000, 0x000000008a300000|  0%| F|  |TAMS 0x000000008a200000, 0x000000008a200000| Untracked 
|  61|0x000000008a300000, 0x000000008a300000, 0x000000008a400000|  0%| F|  |TAMS 0x000000008a300000, 0x000000008a300000| Untracked 
|  62|0x000000008a400000, 0x000000008a400000, 0x000000008a500000|  0%| F|  |TAMS 0x000000008a400000, 0x000000008a400000| Untracked 
|  63|0x000000008a500000, 0x000000008a500000, 0x000000008a600000|  0%| F|  |TAMS 0x000000008a500000, 0x000000008a500000| Untracked 
|  64|0x000000008a600000, 0x000000008a600000, 0x000000008a700000|  0%| F|  |TAMS 0x000000008a600000, 0x000000008a600000| Untracked 
|  65|0x000000008a700000, 0x000000008a700000, 0x000000008a800000|  0%| F|  |TAMS 0x000000008a700000, 0x000000008a700000| Untracked 
|  66|0x000000008a800000, 0x000000008a800000, 0x000000008a900000|  0%| F|  |TAMS 0x000000008a800000, 0x000000008a800000| Untracked 
|  67|0x000000008a900000, 0x000000008a900000, 0x000000008aa00000|  0%| F|  |TAMS 0x000000008a900000, 0x000000008a900000| Untracked 
|  68|0x000000008aa00000, 0x000000008aa00000, 0x000000008ab00000|  0%| F|  |TAMS 0x000000008aa00000, 0x000000008aa00000| Untracked 
|  69|0x000000008ab00000, 0x000000008ab00000, 0x000000008ac00000|  0%| F|  |TAMS 0x000000008ab00000, 0x000000008ab00000| Untracked 
|  70|0x000000008ac00000, 0x000000008ac00000, 0x000000008ad00000|  0%| F|  |TAMS 0x000000008ac00000, 0x000000008ac00000| Untracked 
|  71|0x000000008ad00000, 0x000000008ad00000, 0x000000008ae00000|  0%| F|  |TAMS 0x000000008ad00000, 0x000000008ad00000| Untracked 
|  72|0x000000008ae00000, 0x000000008ae00000, 0x000000008af00000|  0%| F|  |TAMS 0x000000008ae00000, 0x000000008ae00000| Untracked 
|  73|0x000000008af00000, 0x000000008af00000, 0x000000008b000000|  0%| F|  |TAMS 0x000000008af00000, 0x000000008af00000| Untracked 
|  74|0x000000008b000000, 0x000000008b000000, 0x000000008b100000|  0%| F|  |TAMS 0x000000008b000000, 0x000000008b000000| Untracked 
|  75|0x000000008b100000, 0x000000008b100000, 0x000000008b200000|  0%| F|  |TAMS 0x000000008b100000, 0x000000008b100000| Untracked 
|  76|0x000000008b200000, 0x000000008b200000, 0x000000008b300000|  0%| F|  |TAMS 0x000000008b200000, 0x000000008b200000| Untracked 
|  77|0x000000008b300000, 0x000000008b300000, 0x000000008b400000|  0%| F|  |TAMS 0x000000008b300000, 0x000000008b300000| Untracked 
|  78|0x000000008b400000, 0x000000008b400000, 0x000000008b500000|  0%| F|  |TAMS 0x000000008b400000, 0x000000008b400000| Untracked 
|  79|0x000000008b500000, 0x000000008b500000, 0x000000008b600000|  0%| F|  |TAMS 0x000000008b500000, 0x000000008b500000| Untracked 
|  80|0x000000008b600000, 0x000000008b600000, 0x000000008b700000|  0%| F|  |TAMS 0x000000008b600000, 0x000000008b600000| Untracked 
|  81|0x000000008b700000, 0x000000008b700000, 0x000000008b800000|  0%| F|  |TAMS 0x000000008b700000, 0x000000008b700000| Untracked 
|  82|0x000000008b800000, 0x000000008b800000, 0x000000008b900000|  0%| F|  |TAMS 0x000000008b800000, 0x000000008b800000| Untracked 
|  83|0x000000008b900000, 0x000000008b900000, 0x000000008ba00000|  0%| F|  |TAMS 0x000000008b900000, 0x000000008b900000| Untracked 
|  84|0x000000008ba00000, 0x000000008ba00000, 0x000000008bb00000|  0%| F|  |TAMS 0x000000008ba00000, 0x000000008ba00000| Untracked 
|  85|0x000000008bb00000, 0x000000008bb00000, 0x000000008bc00000|  0%| F|  |TAMS 0x000000008bb00000, 0x000000008bb00000| Untracked 
|  86|0x000000008bc00000, 0x000000008bc00000, 0x000000008bd00000|  0%| F|  |TAMS 0x000000008bc00000, 0x000000008bc00000| Untracked 
|  87|0x000000008bd00000, 0x000000008bd00000, 0x000000008be00000|  0%| F|  |TAMS 0x000000008bd00000, 0x000000008bd00000| Untracked 
|  88|0x000000008be00000, 0x000000008be00000, 0x000000008bf00000|  0%| F|  |TAMS 0x000000008be00000, 0x000000008be00000| Untracked 
|  89|0x000000008bf00000, 0x000000008bf00000, 0x000000008c000000|  0%| F|  |TAMS 0x000000008bf00000, 0x000000008bf00000| Untracked 
|  90|0x000000008c000000, 0x000000008c000000, 0x000000008c100000|  0%| F|  |TAMS 0x000000008c000000, 0x000000008c000000| Untracked 
|  91|0x000000008c100000, 0x000000008c100000, 0x000000008c200000|  0%| F|  |TAMS 0x000000008c100000, 0x000000008c100000| Untracked 
|  92|0x000000008c200000, 0x000000008c200000, 0x000000008c300000|  0%| F|  |TAMS 0x000000008c200000, 0x000000008c200000| Untracked 
|  93|0x000000008c300000, 0x000000008c300000, 0x000000008c400000|  0%| F|  |TAMS 0x000000008c300000, 0x000000008c300000| Untracked 
|  94|0x000000008c400000, 0x000000008c400000, 0x000000008c500000|  0%| F|  |TAMS 0x000000008c400000, 0x000000008c400000| Untracked 
|  95|0x000000008c500000, 0x000000008c500000, 0x000000008c600000|  0%| F|  |TAMS 0x000000008c500000, 0x000000008c500000| Untracked 
|  96|0x000000008c600000, 0x000000008c600000, 0x000000008c700000|  0%| F|  |TAMS 0x000000008c600000, 0x000000008c600000| Untracked 
|  97|0x000000008c700000, 0x000000008c700000, 0x000000008c800000|  0%| F|  |TAMS 0x000000008c700000, 0x000000008c700000| Untracked 
|  98|0x000000008c800000, 0x000000008c800000, 0x000000008c900000|  0%| F|  |TAMS 0x000000008c800000, 0x000000008c800000| Untracked 
|  99|0x000000008c900000, 0x000000008c900000, 0x000000008ca00000|  0%| F|  |TAMS 0x000000008c900000, 0x000000008c900000| Untracked 
| 100|0x000000008ca00000, 0x000000008ca00000, 0x000000008cb00000|  0%| F|  |TAMS 0x000000008ca00000, 0x000000008ca00000| Untracked 
| 101|0x000000008cb00000, 0x000000008cb00000, 0x000000008cc00000|  0%| F|  |TAMS 0x000000008cb00000, 0x000000008cb00000| Untracked 
| 102|0x000000008cc00000, 0x000000008cc00000, 0x000000008cd00000|  0%| F|  |TAMS 0x000000008cc00000, 0x000000008cc00000| Untracked 
| 103|0x000000008cd00000, 0x000000008cd00000, 0x000000008ce00000|  0%| F|  |TAMS 0x000000008cd00000, 0x000000008cd00000| Untracked 
| 104|0x000000008ce00000, 0x000000008ce00000, 0x000000008cf00000|  0%| F|  |TAMS 0x000000008ce00000, 0x000000008ce00000| Untracked 
| 105|0x000000008cf00000, 0x000000008cf00000, 0x000000008d000000|  0%| F|  |TAMS 0x000000008cf00000, 0x000000008cf00000| Untracked 
| 106|0x000000008d000000, 0x000000008d000000, 0x000000008d100000|  0%| F|  |TAMS 0x000000008d000000, 0x000000008d000000| Untracked 
| 107|0x000000008d100000, 0x000000008d100000, 0x000000008d200000|  0%| F|  |TAMS 0x000000008d100000, 0x000000008d100000| Untracked 
| 108|0x000000008d200000, 0x000000008d200000, 0x000000008d300000|  0%| F|  |TAMS 0x000000008d200000, 0x000000008d200000| Untracked 
| 109|0x000000008d300000, 0x000000008d300000, 0x000000008d400000|  0%| F|  |TAMS 0x000000008d300000, 0x000000008d300000| Untracked 
| 110|0x000000008d400000, 0x000000008d400000, 0x000000008d500000|  0%| F|  |TAMS 0x000000008d400000, 0x000000008d400000| Untracked 
| 111|0x000000008d500000, 0x000000008d500000, 0x000000008d600000|  0%| F|  |TAMS 0x000000008d500000, 0x000000008d500000| Untracked 
| 112|0x000000008d600000, 0x000000008d600000, 0x000000008d700000|  0%| F|  |TAMS 0x000000008d600000, 0x000000008d600000| Untracked 
| 113|0x000000008d700000, 0x000000008d700000, 0x000000008d800000|  0%| F|  |TAMS 0x000000008d700000, 0x000000008d700000| Untracked 
| 114|0x000000008d800000, 0x000000008d800000, 0x000000008d900000|  0%| F|  |TAMS 0x000000008d800000, 0x000000008d800000| Untracked 
| 115|0x000000008d900000, 0x000000008d900000, 0x000000008da00000|  0%| F|  |TAMS 0x000000008d900000, 0x000000008d900000| Untracked 
| 116|0x000000008da00000, 0x000000008da00000, 0x000000008db00000|  0%| F|  |TAMS 0x000000008da00000, 0x000000008da00000| Untracked 
| 117|0x000000008db00000, 0x000000008db00000, 0x000000008dc00000|  0%| F|  |TAMS 0x000000008db00000, 0x000000008db00000| Untracked 
| 118|0x000000008dc00000, 0x000000008dcedc88, 0x000000008dd00000| 92%| E|  |TAMS 0x000000008dc00000, 0x000000008dc00000| Complete 
| 119|0x000000008dd00000, 0x000000008de00000, 0x000000008de00000|100%| E|CS|TAMS 0x000000008dd00000, 0x000000008dd00000| Complete 
| 120|0x000000008de00000, 0x000000008df00000, 0x000000008df00000|100%| E|CS|TAMS 0x000000008de00000, 0x000000008de00000| Complete 
| 121|0x000000008df00000, 0x000000008e000000, 0x000000008e000000|100%| E|CS|TAMS 0x000000008df00000, 0x000000008df00000| Complete 

Card table byte_map: [0x0000026eec8c0000,0x0000026eecc90000] _byte_map_base: 0x0000026eec48d000

Marking Bits (Prev, Next): (CMBitMap*) 0x0000026ed9b49580, (CMBitMap*) 0x0000026ed9b495c0
 Prev Bits: [0x0000026eed060000, 0x0000026eeeec8000)
 Next Bits: [0x0000026eeeed0000, 0x0000026ef0d38000)

Polling page: 0x0000026ed7a30000

Metaspace:

Usage:
  Non-class:      8.10 MB used.
      Class:    796.67 KB used.
       Both:      8.88 MB used.

Virtual space:
  Non-class space:       16.00 MB reserved,       8.12 MB ( 51%) committed,  2 nodes.
      Class space:        1.00 GB reserved,     896.00 KB ( <1%) committed,  1 nodes.
             Both:        1.02 GB reserved,       9.00 MB ( <1%) committed. 

Chunk freelists:
   Non-Class:  3.00 MB
       Class:  3.10 MB
        Both:  6.10 MB

MaxMetaspaceSize: unlimited
CompressedClassSpaceSize: 1.00 GB
Initial GC threshold: 21.00 MB
Current GC threshold: 21.00 MB
CDS: off
MetaspaceReclaimPolicy: balanced
 - commit_granule_bytes: 65536.
 - commit_granule_words: 8192.
 - virtual_space_node_default_size: 1048576.
 - enlarge_chunks_in_place: 1.
 - new_chunks_are_fully_committed: 0.
 - uncommit_free_chunks: 1.
 - use_allocation_guard: 0.
 - handle_deallocations: 1.


Internal statistics:

num_allocs_failed_limit: 0.
num_arena_births: 60.
num_arena_deaths: 0.
num_vsnodes_births: 3.
num_vsnodes_deaths: 0.
num_space_committed: 144.
num_space_uncommitted: 0.
num_chunks_returned_to_freelist: 0.
num_chunks_taken_from_freelist: 100.
num_chunk_merges: 0.
num_chunk_splits: 57.
num_chunks_enlarged: 33.
num_purges: 0.
num_inconsistent_stats: 0.

CodeHeap 'non-profiled nmethods': size=120000Kb used=121Kb max_used=121Kb free=119879Kb
 bounds [0x0000026ee4c90000, 0x0000026ee4f00000, 0x0000026eec1c0000]
CodeHeap 'profiled nmethods': size=120000Kb used=470Kb max_used=470Kb free=119529Kb
 bounds [0x0000026edd760000, 0x0000026edd9d0000, 0x0000026ee4c90000]
CodeHeap 'non-nmethods': size=5760Kb used=1171Kb max_used=1171Kb free=4588Kb
 bounds [0x0000026edd1c0000, 0x0000026edd430000, 0x0000026edd760000]
 total_blobs=814 nmethods=363 adapters=364
 compilation: enabled
              stopped_count=0, restarted_count=0
 full_count=0

Compilation events (20 events):
Event: 0.540 Thread 0x0000026ef3795e90  353       3       java.lang.invoke.InvokerBytecodeGenerator::emitLoadInsn (21 bytes)
Event: 0.540 Thread 0x0000026ef3795e90 nmethod 353 0x0000026edd7d2a10 code [0x0000026edd7d2bc0, 0x0000026edd7d2e18]
Event: 0.540 Thread 0x0000026ef3795e90  354       3       java.lang.invoke.InvokerBytecodeGenerator::loadInsnOpcode (98 bytes)
Event: 0.541 Thread 0x0000026ef3795e90 nmethod 354 0x0000026edd7d2f90 code [0x0000026edd7d3200, 0x0000026edd7d3bf8]
Event: 0.541 Thread 0x0000026ef3795e90  349       1       jdk.internal.org.objectweb.asm.SymbolTable::getMajorVersion (5 bytes)
Event: 0.541 Thread 0x0000026ef3795e90 nmethod 349 0x0000026ee4cace10 code [0x0000026ee4cacfa0, 0x0000026ee4cad078]
Event: 0.542 Thread 0x0000026ef3795980  357       4       java.lang.StringBuilder::append (8 bytes)
Event: 0.543 Thread 0x0000026ef3795e90  360       3       java.lang.StringLatin1::toLowerCase (186 bytes)
Event: 0.543 Thread 0x0000026ef3795e90 nmethod 360 0x0000026edd7d3f10 code [0x0000026edd7d4180, 0x0000026edd7d4cb8]
Event: 0.546 Thread 0x0000026ef3795980 nmethod 357 0x0000026ee4cad110 code [0x0000026ee4cad2a0, 0x0000026ee4cad848]
Event: 0.546 Thread 0x0000026ef3795980  358       4       jdk.internal.org.objectweb.asm.SymbolTable::get (13 bytes)
Event: 0.546 Thread 0x0000026ef3795e90  361       3       java.util.HashMap::get (19 bytes)
Event: 0.546 Thread 0x0000026ef3795e90 nmethod 361 0x0000026edd7d5090 code [0x0000026edd7d5240, 0x0000026edd7d5408]
Event: 0.546 Thread 0x0000026ef3795980 nmethod 358 0x0000026ee4cadb10 code [0x0000026ee4cadc80, 0x0000026ee4cadd58]
Event: 0.547 Thread 0x0000026ef3795980  359       4       java.lang.invoke.MethodType::parameterType (7 bytes)
Event: 0.547 Thread 0x0000026ef3795e90  362       3       java.util.HashMap::put (13 bytes)
Event: 0.547 Thread 0x0000026ef3795e90 nmethod 362 0x0000026edd7d5510 code [0x0000026edd7d56c0, 0x0000026edd7d59b8]
Event: 0.547 Thread 0x0000026ef3795e90  363       1       java.lang.Integer::intValue (5 bytes)
Event: 0.547 Thread 0x0000026ef3795980 nmethod 359 0x0000026ee4cade10 code [0x0000026ee4cadf80, 0x0000026ee4cae038]
Event: 0.547 Thread 0x0000026ef3795e90 nmethod 363 0x0000026ee4cae110 code [0x0000026ee4cae2a0, 0x0000026ee4cae378]

GC Heap History (0 events):
No events

Deoptimization events (20 events):
Event: 0.280 Thread 0x0000026ed9af12f0 DEOPT PACKING pc=0x0000026edd77870c sp=0x000000dad02fa8e0
Event: 0.280 Thread 0x0000026ed9af12f0 DEOPT UNPACKING pc=0x0000026edd216763 sp=0x000000dad02f9d70 mode 0
Event: 0.280 Thread 0x0000026ed9af12f0 DEOPT PACKING pc=0x0000026edd77870c sp=0x000000dad02fa8e0
Event: 0.280 Thread 0x0000026ed9af12f0 DEOPT UNPACKING pc=0x0000026edd216763 sp=0x000000dad02f9d70 mode 0
Event: 0.280 Thread 0x0000026ed9af12f0 DEOPT PACKING pc=0x0000026edd77870c sp=0x000000dad02fa8e0
Event: 0.280 Thread 0x0000026ed9af12f0 DEOPT UNPACKING pc=0x0000026edd216763 sp=0x000000dad02f9d70 mode 0
Event: 0.280 Thread 0x0000026ed9af12f0 DEOPT PACKING pc=0x0000026edd77870c sp=0x000000dad02fa8e0
Event: 0.280 Thread 0x0000026ed9af12f0 DEOPT UNPACKING pc=0x0000026edd216763 sp=0x000000dad02f9d70 mode 0
Event: 0.280 Thread 0x0000026ed9af12f0 DEOPT PACKING pc=0x0000026edd77870c sp=0x000000dad02fa8e0
Event: 0.280 Thread 0x0000026ed9af12f0 DEOPT UNPACKING pc=0x0000026edd216763 sp=0x000000dad02f9d70 mode 0
Event: 0.280 Thread 0x0000026ed9af12f0 DEOPT PACKING pc=0x0000026edd77870c sp=0x000000dad02fa8e0
Event: 0.280 Thread 0x0000026ed9af12f0 DEOPT UNPACKING pc=0x0000026edd216763 sp=0x000000dad02f9d70 mode 0
Event: 0.280 Thread 0x0000026ed9af12f0 DEOPT PACKING pc=0x0000026edd77870c sp=0x000000dad02fa8e0
Event: 0.280 Thread 0x0000026ed9af12f0 DEOPT UNPACKING pc=0x0000026edd216763 sp=0x000000dad02f9d70 mode 0
Event: 0.281 Thread 0x0000026ed9af12f0 DEOPT PACKING pc=0x0000026edd77870c sp=0x000000dad02fa8e0
Event: 0.281 Thread 0x0000026ed9af12f0 DEOPT UNPACKING pc=0x0000026edd216763 sp=0x000000dad02f9d70 mode 0
Event: 0.281 Thread 0x0000026ed9af12f0 DEOPT PACKING pc=0x0000026edd77870c sp=0x000000dad02fa8e0
Event: 0.281 Thread 0x0000026ed9af12f0 DEOPT UNPACKING pc=0x0000026edd216763 sp=0x000000dad02f9d70 mode 0
Event: 0.508 Thread 0x0000026ed9af12f0 DEOPT PACKING pc=0x0000026edd7777e7 sp=0x000000dad02fa950
Event: 0.508 Thread 0x0000026ed9af12f0 DEOPT UNPACKING pc=0x0000026edd216763 sp=0x000000dad02f9d70 mode 0

Classes unloaded (0 events):
No events

Classes redefined (0 events):
No events

Internal exceptions (4 events):
Event: 0.435 Thread 0x0000026ed9af12f0 Exception <a 'java/lang/ClassNotFoundException'{0x000000008ddad110}: sun/awt/resources/spi/awtProvider> (0x000000008ddad110) 
thrown [s\src\hotspot\share\classfile\systemDictionary.cpp, line 256]
Event: 0.485 Thread 0x0000026ed9af12f0 Exception <a 'java/io/FileNotFoundException'{0x000000008dc07c78}> (0x000000008dc07c78) 
thrown [s\src\hotspot\share\prims\jni.cpp, line 516]
Event: 0.493 Thread 0x0000026ed9af12f0 Exception <a 'java/io/FileNotFoundException'{0x000000008dc34bc0}> (0x000000008dc34bc0) 
thrown [s\src\hotspot\share\prims\jni.cpp, line 516]
Event: 0.541 Thread 0x0000026ed9af12f0 Exception <a 'java/lang/NoSuchMethodError'{0x000000008dcd5d20}: 'void java.lang.invoke.DirectMethodHandle$Holder.invokeSpecial(java.lang.Object, java.lang.Object, java.lang.Object)'> (0x000000008dcd5d20) 
thrown [s\src\hotspot\share\interpreter\linkResolver.cpp, line 759]

VM Operations (4 events):
Event: 0.304 Executing VM operation: HandshakeAllThreads
Event: 0.304 Executing VM operation: HandshakeAllThreads done
Event: 0.527 Executing VM operation: HandshakeAllThreads
Event: 0.527 Executing VM operation: HandshakeAllThreads done

Events (20 events):
Event: 0.553 loading class sun/java2d/SurfaceData$PixelToPgramLoopConverter done
Event: 0.553 loading class sun/java2d/pipe/TextRenderer
Event: 0.554 loading class sun/java2d/pipe/TextRenderer done
Event: 0.554 loading class sun/java2d/pipe/SpanClipRenderer
Event: 0.554 loading class sun/java2d/pipe/SpanClipRenderer done
Event: 0.554 loading class sun/java2d/pipe/Region
Event: 0.554 loading class sun/java2d/pipe/Region done
Event: 0.554 loading class sun/java2d/pipe/RegionIterator
Event: 0.554 loading class sun/java2d/pipe/RegionIterator done
Event: 0.554 loading class sun/java2d/pipe/AAShapePipe
Event: 0.554 loading class sun/java2d/pipe/AAShapePipe done
Event: 0.554 loading class sun/java2d/pipe/AAShapePipe$1
Event: 0.554 loading class sun/java2d/pipe/AAShapePipe$1 done
Event: 0.554 loading class sun/java2d/pipe/AlphaPaintPipe
Event: 0.554 loading class sun/java2d/pipe/AlphaPaintPipe done
Event: 0.554 loading class sun/java2d/pipe/SpanShapeRenderer$Composite
Event: 0.554 loading class sun/java2d/pipe/SpanShapeRenderer
Event: 0.554 loading class sun/java2d/pipe/SpanShapeRenderer done
Event: 0.554 loading class sun/java2d/pipe/SpanShapeRenderer$Composite done
Event: 0.554 loading class sun/java2d/pipe/GeneralCompositePipe


Dynamic libraries:
0x00007ff7afe90000 - 0x00007ff7afe9e000 	C:\Users\jefan\.p2\pool\plugins\org.eclipse.justj.openjdk.hotspot.jre.full.win32.x86_64_17.0.4.v20220805-1047\jre\bin\javaw.exe
0x00007ffcffdb0000 - 0x00007ffcfffa8000 	C:\windows\SYSTEM32\ntdll.dll
0x00007ffcfeb10000 - 0x00007ffcfebcf000 	C:\windows\System32\KERNEL32.DLL
0x00007ffcfd4b0000 - 0x00007ffcfd782000 	C:\windows\System32\KERNELBASE.dll
0x00007ffcfdc70000 - 0x00007ffcfdd70000 	C:\windows\System32\ucrtbase.dll
0x00007ffcf3f10000 - 0x00007ffcf3f29000 	C:\Users\jefan\.p2\pool\plugins\org.eclipse.justj.openjdk.hotspot.jre.full.win32.x86_64_17.0.4.v20220805-1047\jre\bin\VCRUNTIME140.dll
0x00007ffcf3f30000 - 0x00007ffcf3f48000 	C:\Users\jefan\.p2\pool\plugins\org.eclipse.justj.openjdk.hotspot.jre.full.win32.x86_64_17.0.4.v20220805-1047\jre\bin\jli.dll
0x00007ffcffb60000 - 0x00007ffcffcfd000 	C:\windows\System32\USER32.dll
0x00007ffcfd910000 - 0x00007ffcfd932000 	C:\windows\System32\win32u.dll
0x00007ffcfe530000 - 0x00007ffcfe55b000 	C:\windows\System32\GDI32.dll
0x00007ffcfd990000 - 0x00007ffcfda9f000 	C:\windows\System32\gdi32full.dll
0x00007ffcfd790000 - 0x00007ffcfd82d000 	C:\windows\System32\msvcp_win.dll
0x00007ffcfc9d0000 - 0x00007ffcfcc6a000 	C:\windows\WinSxS\amd64_microsoft.windows.common-controls_6595b64144ccf1df_6.0.19041.1110_none_60b5254171f9507e\COMCTL32.dll
0x00007ffcfed00000 - 0x00007ffcfed9e000 	C:\windows\System32\msvcrt.dll
0x00007ffcff970000 - 0x00007ffcff9a2000 	C:\windows\System32\IMM32.DLL
0x00007ffcfb3b0000 - 0x00007ffcfb3bc000 	C:\Users\jefan\.p2\pool\plugins\org.eclipse.justj.openjdk.hotspot.jre.full.win32.x86_64_17.0.4.v20220805-1047\jre\bin\vcruntime140_1.dll
0x00007ffccf8e0000 - 0x00007ffccf971000 	C:\Users\jefan\.p2\pool\plugins\org.eclipse.justj.openjdk.hotspot.jre.full.win32.x86_64_17.0.4.v20220805-1047\jre\bin\msvcp140.dll
0x00007ffcb2340000 - 0x00007ffcb2f86000 	C:\Users\jefan\.p2\pool\plugins\org.eclipse.justj.openjdk.hotspot.jre.full.win32.x86_64_17.0.4.v20220805-1047\jre\bin\server\jvm.dll
0x00007ffcfedb0000 - 0x00007ffcfee5e000 	C:\windows\System32\ADVAPI32.dll
0x00007ffcff6c0000 - 0x00007ffcff75c000 	C:\windows\System32\sechost.dll
0x00007ffcff840000 - 0x00007ffcff965000 	C:\windows\System32\RPCRT4.dll
0x00007ffcfecf0000 - 0x00007ffcfecf8000 	C:\windows\System32\PSAPI.DLL
0x00007ffcfb9c0000 - 0x00007ffcfb9c9000 	C:\windows\SYSTEM32\WSOCK32.dll
0x00007ffcffd00000 - 0x00007ffcffd6b000 	C:\windows\System32\WS2_32.dll
0x00007ffce47c0000 - 0x00007ffce47e7000 	C:\windows\SYSTEM32\WINMM.dll
0x00007ffcfaed0000 - 0x00007ffcfaeda000 	C:\windows\SYSTEM32\VERSION.dll
0x00007ffcfa500000 - 0x00007ffcfa512000 	C:\windows\SYSTEM32\kernel.appcore.dll
0x00007ffcfb9d0000 - 0x00007ffcfb9da000 	C:\Users\jefan\.p2\pool\plugins\org.eclipse.justj.openjdk.hotspot.jre.full.win32.x86_64_17.0.4.v20220805-1047\jre\bin\jimage.dll
0x00007ffcfcee0000 - 0x00007ffcfd0c4000 	C:\windows\SYSTEM32\DBGHELP.DLL
0x00007ffcfce30000 - 0x00007ffcfce5c000 	C:\windows\SYSTEM32\dbgcore.DLL
0x00007ffcfdd70000 - 0x00007ffcfddf2000 	C:\windows\System32\bcryptPrimitives.dll
0x00007ffcf80f0000 - 0x00007ffcf8115000 	C:\Users\jefan\.p2\pool\plugins\org.eclipse.justj.openjdk.hotspot.jre.full.win32.x86_64_17.0.4.v20220805-1047\jre\bin\java.dll
0x00007ffcf98b0000 - 0x00007ffcf98c8000 	C:\Users\jefan\.p2\pool\plugins\org.eclipse.justj.openjdk.hotspot.jre.full.win32.x86_64_17.0.4.v20220805-1047\jre\bin\zip.dll
0x00007ffcfee60000 - 0x00007ffcff5a3000 	C:\windows\System32\SHELL32.dll
0x00007ffcfa720000 - 0x00007ffcfaeb2000 	C:\windows\SYSTEM32\windows.storage.dll
0x00007ffcfe640000 - 0x00007ffcfe994000 	C:\windows\System32\combase.dll
0x00007ffcfc6f0000 - 0x00007ffcfc720000 	C:\windows\SYSTEM32\Wldp.dll
0x00007ffcff5b0000 - 0x00007ffcff65d000 	C:\windows\System32\SHCORE.dll
0x00007ffcff660000 - 0x00007ffcff6b5000 	C:\windows\System32\shlwapi.dll
0x00007ffcfd3f0000 - 0x00007ffcfd40f000 	C:\windows\SYSTEM32\profapi.dll
0x00007ffcf5b20000 - 0x00007ffcf5b39000 	C:\Users\jefan\.p2\pool\plugins\org.eclipse.justj.openjdk.hotspot.jre.full.win32.x86_64_17.0.4.v20220805-1047\jre\bin\net.dll
0x00007ffcf4ff0000 - 0x00007ffcf50fc000 	C:\windows\SYSTEM32\WINHTTP.dll
0x00007ffcfc560000 - 0x00007ffcfc5ca000 	C:\windows\system32\mswsock.dll
0x00007ffcf4000000 - 0x00007ffcf4015000 	C:\Users\jefan\.p2\pool\plugins\org.eclipse.justj.openjdk.hotspot.jre.full.win32.x86_64_17.0.4.v20220805-1047\jre\bin\nio.dll
0x00007ffcc4780000 - 0x00007ffcc490e000 	C:\Users\jefan\.p2\pool\plugins\org.eclipse.justj.openjdk.hotspot.jre.full.win32.x86_64_17.0.4.v20220805-1047\jre\bin\awt.dll
0x00007ffcfe560000 - 0x00007ffcfe62d000 	C:\windows\System32\OLEAUT32.dll
0x00007ffcf9f20000 - 0x00007ffcf9fb1000 	C:\windows\SYSTEM32\apphelp.dll

dbghelp: loaded successfully - version: 4.0.5 - missing functions: none
symbol engine: initialized successfully - sym options: 0x614 - pdb path: .;C:\Users\jefan\.p2\pool\plugins\org.eclipse.justj.openjdk.hotspot.jre.full.win32.x86_64_17.0.4.v20220805-1047\jre\bin;C:\windows\SYSTEM32;C:\windows\WinSxS\amd64_microsoft.windows.common-controls_6595b64144ccf1df_6.0.19041.1110_none_60b5254171f9507e;C:\Users\jefan\.p2\pool\plugins\org.eclipse.justj.openjdk.hotspot.jre.full.win32.x86_64_17.0.4.v20220805-1047\jre\bin\server

VM Arguments:
jvm_args: -Dfile.encoding=UTF-8 -XX:+ShowCodeDetailsInExceptionMessages 
java_command: classes.Map
java_class_path (initial): C:\Users\jefan\git\teamproject-group-1-world-s-hardest-games\bin\main;C:\Users\jefan\.gradle\caches\modules-2\files-2.1\org.apache.commons\commons-math3\3.6.1\e4ba98f1d4b3c80ec46392f25e094a6a2e58fcbf\commons-math3-3.6.1.jar;C:\Users\jefan\.gradle\caches\modules-2\files-2.1\org.openjfx\javafx-swing\14\3a4621195292f0a685c4bb2c0172d30b0a42e694\javafx-swing-14-win.jar;C:\Users\jefan\.gradle\caches\modules-2\files-2.1\org.openjfx\javafx-media\14\4a08bb1a89b3ee89615633c3139ed933bbf28041\javafx-media-14-win.jar;C:\Users\jefan\.gradle\caches\modules-2\files-2.1\org.openjfx\javafx-graphics\14\ed1f8b8c5893d2d62e7c1fc66c9ba06dfe02787d\javafx-graphics-14-win.jar;C:\Users\jefan\.gradle\caches\modules-2\files-2.1\org.openjfx\javafx-graphics\14\132514c6e75c58dd34592dad8d356f78c3f0a680\javafx-graphics-14.jar;C:\Users\jefan\.gradle\caches\modules-2\files-2.1\org.openjfx\javafx-base\14\956a9be2db3fe917ebfc24c2d04ab0cb5d6714c7\javafx-base-14-win.jar;C:\Users\jefan\.gradle\caches\modules-2\files-2.1\org.openjfx\javafx-base\14\4eddcdd8713831212ec9b396169959655cf0dc21\javafx-base-14.jar;C:\Users\jefan\.gradle\caches\modules-2\files-2.1\com.google.guava\guava\28.2-jre\8ec9ed76528425762174f0011ce8f74ad845b756\guava-28.2-jre.jar;C:\Users\jefan\.gradle\caches\modules-2\files-2.1\com.google.guava\failureaccess\1.0.1\1dcf1de382a0bf95a3d8b0849546c88bac1292c9\failureaccess-1.0.1.jar;C:\Users\jefan\.gradle\caches\modules-2\files-2.1\com.google.guava\listenablefuture\9999.0-empty-to-avoid-conflict-with-guava\b421526c5f297295adef1c886e5246c39d4ac629\listenablefuture-9999.0-empty-to-avoid-conflict-with-guava.jar;C:\Users\jefan\.gradle\caches\modules-2\files-2.1\com.google.code.findbugs\jsr305\3.0.2\25ea2e8b0c338a877313bd4672d3fe056ea78f0d\jsr305-3.0.2.jar;C:\Users\jefan\.gradle\caches\modules-2\files-2.1\org.checkerframework\checker-qual\2.10.0\5786699a0cb71f9dc32e6cca1d665eef07a0882f\checker-qual-2.10.0.jar;C:\Users\jefan\.gradle\caches\modules-2\files-2.1\com.google.er
Launcher Type: SUN_STANDARD

[Global flags]
     intx CICompilerCount                          = 4                                         {product} {ergonomic}
     uint ConcGCThreads                            = 2                                         {product} {ergonomic}
     uint G1ConcRefinementThreads                  = 8                                         {product} {ergonomic}
   size_t G1HeapRegionSize                         = 1048576                                   {product} {ergonomic}
    uintx GCDrainStackTargetSize                   = 64                                        {product} {ergonomic}
   size_t InitialHeapSize                          = 127926272                                 {product} {ergonomic}
   size_t MarkStackSize                            = 4194304                                   {product} {ergonomic}
   size_t MaxHeapSize                              = 2040528896                                {product} {ergonomic}
   size_t MaxNewSize                               = 1223688192                                {product} {ergonomic}
   size_t MinHeapDeltaBytes                        = 1048576                                   {product} {ergonomic}
   size_t MinHeapSize                              = 8388608                                   {product} {ergonomic}
    uintx NonNMethodCodeHeapSize                   = 5839372                                {pd product} {ergonomic}
    uintx NonProfiledCodeHeapSize                  = 122909434                              {pd product} {ergonomic}
    uintx ProfiledCodeHeapSize                     = 122909434                              {pd product} {ergonomic}
    uintx ReservedCodeCacheSize                    = 251658240                              {pd product} {ergonomic}
     bool SegmentedCodeCache                       = true                                      {product} {ergonomic}
     bool ShowCodeDetailsInExceptionMessages       = true                                   {manageable} {command line}
   size_t SoftMaxHeapSize                          = 2040528896                             {manageable} {ergonomic}
     bool UseCompressedClassPointers               = true                           {product lp64_product} {ergonomic}
     bool UseCompressedOops                        = true                           {product lp64_product} {ergonomic}
     bool UseG1GC                                  = true                                      {product} {ergonomic}
     bool UseLargePagesIndividualAllocation        = false                                  {pd product} {ergonomic}

Logging:
Log output configuration:
 #0: stdout all=warning uptime,level,tags
 #1: stderr all=off uptime,level,tags

Environment Variables:
PATH=C:/Users/jefan/.p2/pool/plugins/org.eclipse.justj.openjdk.hotspot.jre.full.win32.x86_64_17.0.4.v20220805-1047/jre/bin/server;C:/Users/jefan/.p2/pool/plugins/org.eclipse.justj.openjdk.hotspot.jre.full.win32.x86_64_17.0.4.v20220805-1047/jre/bin;C:\Program Files\Rockwell Software\RSCommon;C:\windows\system32;C:\windows;C:\windows\System32\Wbem;C:\windows\System32\WindowsPowerShell\v1.0\;C:\windows\System32\OpenSSH\;C:\Program Files\Git\cmd;C:\Program Files\Microsoft SQL Server\130\Tools\Binn\;C:\Program Files\MATLAB\R2021b\bin;C:\Program Files\PuTTY\;C:\Users\jefan\AppData\Local\Programs\Python\Python310;C:\Users\jefan\AppData\Local\Programs\Python\Python310\Scripts;C:\Users\jefan\AppData\Local\Programs\Python\Python310\Scripts\;C:\Users\jefan\AppData\Local\Programs\Python\Python310\;C:\Users\jefan\AppData\Local\Microsoft\WindowsApps;C:\Program Files\mingw-w64\x86_64-8.1.0-posix-seh-rt_v6-rev0\mingw64\bin;C:\Users\jefan\AppData\Local\Programs\Microsoft VS Code\bin;C:\Users\jefan\AppData\Local\GitHubDesktop\bin;C:\Users\jefan\OneDrive\Desktop;
USERNAME=jefan
OS=Windows_NT
PROCESSOR_IDENTIFIER=Intel64 Family 6 Model 126 Stepping 5, GenuineIntel
TMP=C:\Users\jefan\AppData\Local\Temp
TEMP=C:\Users\jefan\AppData\Local\Temp



---------------  S Y S T E M  ---------------

OS:
 Windows 10 , 64 bit Build 19041 (10.0.19041.2251)
OS uptime: 16 days 0:55 hours
Hyper-V role detected

CPU: total 8 (initial active 8) (4 cores per cpu, 2 threads per core) family 6 model 126 stepping 5 microcode 0xb0, cx8, cmov, fxsr, ht, mmx, 3dnowpref, sse, sse2, sse3, ssse3, sse4.1, sse4.2, popcnt, lzcnt, tsc, tscinvbit, avx, avx2, aes, erms, clmul, bmi1, bmi2, adx, avx512f, avx512dq, avx512cd, avx512bw, avx512vl, sha, fma, vzeroupper, avx512_vpopcntdq, avx512_vpclmulqdq, avx512_vaes, avx512_vnni, clflush, clflushopt, avx512_vbmi2, avx512_vbmi, hv

Memory: 4k page, system-wide physical 7778M (476M free)
TotalPageFile size 20066M (AvailPageFile size 0M)
current process WorkingSet (physical memory assigned to process): 43M, peak: 43M
current process commit charge ("private bytes"): 204M, peak: 204M

vm_info: OpenJDK 64-Bit Server VM (17.0.4+8) for windows-amd64 JRE (17.0.4+8), built on Jul 19 2022 16:05:16 by "temurin" with MS VC++ 16.7 (VS2019)

END.
